[0.021s] Invoking command in '/home/maxipis/lab2_ws/build/pkg_parte_3': CMAKE_PREFIX_PATH=${CMAKE_PREFIX_PATH}:/opt/ros/humble /usr/bin/cmake /home/maxipis/lab2_ws/src/pkg_parte_3 -DAMENT_CMAKE_SYMLINK_INSTALL=1 -DCMAKE_INSTALL_PREFIX=/home/maxipis/lab2_ws/install/pkg_parte_3
[0.177s] -- The C compiler identification is GNU 11.4.0
[0.474s] -- The CXX compiler identification is GNU 11.4.0
[0.629s] -- Detecting C compiler ABI info
[0.727s] -- Detecting C compiler ABI info - done
[0.733s] -- Check for working C compiler: /usr/bin/cc - skipped
[0.733s] -- Detecting C compile features
[0.733s] -- Detecting C compile features - done
[0.736s] -- Detecting CXX compiler ABI info
[0.847s] -- Detecting CXX compiler ABI info - done
[0.853s] -- Check for working CXX compiler: /usr/bin/c++ - skipped
[0.853s] -- Detecting CXX compile features
[0.853s] -- Detecting CXX compile features - done
[0.861s] -- Found ament_cmake: 1.3.11 (/opt/ros/humble/share/ament_cmake/cmake)
[1.028s] -- Found Python3: /usr/bin/python3 (found version "3.10.12") found components: Interpreter 
[1.105s] -- Override CMake install command with custom implementation using symlinks instead of copying resources
[1.147s] -- Found ament_lint_auto: 0.12.11 (/opt/ros/humble/share/ament_lint_auto/cmake)
[1.253s] -- Added test 'flake8' to check Python code syntax and style conventions
[1.255s] -- Added test 'lint_cmake' to check CMake code style
[1.256s] -- Added test 'pep257' to check Python code against some of the docstring style conventions in PEP 257
[1.259s] -- Added test 'xmllint' to check XML markup files
[1.262s] -- Configuring done
[1.266s] -- Generating done
[1.268s] -- Build files have been written to: /home/maxipis/lab2_ws/build/pkg_parte_3
[1.277s] Invoked command in '/home/maxipis/lab2_ws/build/pkg_parte_3' returned '0': CMAKE_PREFIX_PATH=${CMAKE_PREFIX_PATH}:/opt/ros/humble /usr/bin/cmake /home/maxipis/lab2_ws/src/pkg_parte_3 -DAMENT_CMAKE_SYMLINK_INSTALL=1 -DCMAKE_INSTALL_PREFIX=/home/maxipis/lab2_ws/install/pkg_parte_3
[1.279s] Invoking command in '/home/maxipis/lab2_ws/build/pkg_parte_3': CMAKE_PREFIX_PATH=${CMAKE_PREFIX_PATH}:/opt/ros/humble /usr/bin/cmake --build /home/maxipis/lab2_ws/build/pkg_parte_3 -- -j8 -l8
[1.317s] Invoked command in '/home/maxipis/lab2_ws/build/pkg_parte_3' returned '0': CMAKE_PREFIX_PATH=${CMAKE_PREFIX_PATH}:/opt/ros/humble /usr/bin/cmake --build /home/maxipis/lab2_ws/build/pkg_parte_3 -- -j8 -l8
[1.321s] Invoking command in '/home/maxipis/lab2_ws/build/pkg_parte_3': CMAKE_PREFIX_PATH=${CMAKE_PREFIX_PATH}:/opt/ros/humble /usr/bin/cmake --install /home/maxipis/lab2_ws/build/pkg_parte_3
[1.326s] -- Install configuration: ""
[1.327s] -- Execute custom install script
[1.328s] -- Symlinking: /home/maxipis/lab2_ws/install/pkg_parte_3/share/ament_index/resource_index/package_run_dependencies/pkg_parte_3
[1.335s] -- Symlinking: /home/maxipis/lab2_ws/install/pkg_parte_3/share/ament_index/resource_index/parent_prefix_path/pkg_parte_3
[1.346s] -- Symlinking: /home/maxipis/lab2_ws/install/pkg_parte_3/share/pkg_parte_3/environment/ament_prefix_path.sh
[1.354s] -- Symlinking: /home/maxipis/lab2_ws/install/pkg_parte_3/share/pkg_parte_3/environment/ament_prefix_path.dsv
[1.363s] -- Symlinking: /home/maxipis/lab2_ws/install/pkg_parte_3/share/pkg_parte_3/environment/path.sh
[1.371s] -- Symlinking: /home/maxipis/lab2_ws/install/pkg_parte_3/share/pkg_parte_3/environment/path.dsv
[1.378s] -- Symlinking: /home/maxipis/lab2_ws/install/pkg_parte_3/share/pkg_parte_3/local_setup.bash
[1.385s] -- Symlinking: /home/maxipis/lab2_ws/install/pkg_parte_3/share/pkg_parte_3/local_setup.sh
[1.393s] -- Symlinking: /home/maxipis/lab2_ws/install/pkg_parte_3/share/pkg_parte_3/local_setup.zsh
[1.401s] -- Symlinking: /home/maxipis/lab2_ws/install/pkg_parte_3/share/pkg_parte_3/local_setup.dsv
[1.408s] -- Symlinking: /home/maxipis/lab2_ws/install/pkg_parte_3/share/pkg_parte_3/package.dsv
[1.420s] -- Symlinking: /home/maxipis/lab2_ws/install/pkg_parte_3/share/ament_index/resource_index/packages/pkg_parte_3
[1.428s] -- Symlinking: /home/maxipis/lab2_ws/install/pkg_parte_3/share/pkg_parte_3/cmake/pkg_parte_3Config.cmake
[1.436s] -- Symlinking: /home/maxipis/lab2_ws/install/pkg_parte_3/share/pkg_parte_3/cmake/pkg_parte_3Config-version.cmake
[1.445s] -- Symlinking: /home/maxipis/lab2_ws/install/pkg_parte_3/share/pkg_parte_3/package.xml
[1.470s] Invoked command in '/home/maxipis/lab2_ws/build/pkg_parte_3' returned '0': CMAKE_PREFIX_PATH=${CMAKE_PREFIX_PATH}:/opt/ros/humble /usr/bin/cmake --install /home/maxipis/lab2_ws/build/pkg_parte_3
