[0.023s] Invoking command in '/home/maxipis/lab2_ws/build/pkg_parte_2': CMAKE_PREFIX_PATH=${CMAKE_PREFIX_PATH}:/opt/ros/humble /usr/bin/cmake --build /home/maxipis/lab2_ws/build/pkg_parte_2 -- -j8 -l8
[0.067s] Invoked command in '/home/maxipis/lab2_ws/build/pkg_parte_2' returned '0': CMAKE_PREFIX_PATH=${CMAKE_PREFIX_PATH}:/opt/ros/humble /usr/bin/cmake --build /home/maxipis/lab2_ws/build/pkg_parte_2 -- -j8 -l8
[0.070s] Invoking command in '/home/maxipis/lab2_ws/build/pkg_parte_2': CMAKE_PREFIX_PATH=${CMAKE_PREFIX_PATH}:/opt/ros/humble /usr/bin/cmake --install /home/maxipis/lab2_ws/build/pkg_parte_2
[0.077s] -- Install configuration: ""
[0.077s] -- Execute custom install script
[0.077s] -- Up-to-date symlink: /home/maxipis/lab2_ws/install/pkg_parte_2/share/ament_index/resource_index/package_run_dependencies/pkg_parte_2
[0.078s] -- Up-to-date symlink: /home/maxipis/lab2_ws/install/pkg_parte_2/share/ament_index/resource_index/parent_prefix_path/pkg_parte_2
[0.078s] -- Up-to-date symlink: /home/maxipis/lab2_ws/install/pkg_parte_2/share/pkg_parte_2/environment/ament_prefix_path.sh
[0.078s] -- Up-to-date symlink: /home/maxipis/lab2_ws/install/pkg_parte_2/share/pkg_parte_2/environment/ament_prefix_path.dsv
[0.078s] -- Up-to-date symlink: /home/maxipis/lab2_ws/install/pkg_parte_2/share/pkg_parte_2/environment/path.sh
[0.079s] -- Up-to-date symlink: /home/maxipis/lab2_ws/install/pkg_parte_2/share/pkg_parte_2/environment/path.dsv
[0.079s] -- Up-to-date symlink: /home/maxipis/lab2_ws/install/pkg_parte_2/share/pkg_parte_2/local_setup.bash
[0.079s] -- Up-to-date symlink: /home/maxipis/lab2_ws/install/pkg_parte_2/share/pkg_parte_2/local_setup.sh
[0.079s] -- Up-to-date symlink: /home/maxipis/lab2_ws/install/pkg_parte_2/share/pkg_parte_2/local_setup.zsh
[0.079s] -- Up-to-date symlink: /home/maxipis/lab2_ws/install/pkg_parte_2/share/pkg_parte_2/local_setup.dsv
[0.080s] -- Symlinking: /home/maxipis/lab2_ws/install/pkg_parte_2/share/pkg_parte_2/package.dsv
[0.090s] -- Up-to-date symlink: /home/maxipis/lab2_ws/install/pkg_parte_2/share/ament_index/resource_index/packages/pkg_parte_2
[0.091s] -- Up-to-date symlink: /home/maxipis/lab2_ws/install/pkg_parte_2/share/pkg_parte_2/cmake/pkg_parte_2Config.cmake
[0.091s] -- Up-to-date symlink: /home/maxipis/lab2_ws/install/pkg_parte_2/share/pkg_parte_2/cmake/pkg_parte_2Config-version.cmake
[0.091s] -- Up-to-date symlink: /home/maxipis/lab2_ws/install/pkg_parte_2/share/pkg_parte_2/package.xml
[0.110s] Invoked command in '/home/maxipis/lab2_ws/build/pkg_parte_2' returned '0': CMAKE_PREFIX_PATH=${CMAKE_PREFIX_PATH}:/opt/ros/humble /usr/bin/cmake --install /home/maxipis/lab2_ws/build/pkg_parte_2
