[0.030s] Invoking command in '/home/maxipis/lab2_ws/build/pkg_parte_3': CMAKE_PREFIX_PATH=${CMAKE_PREFIX_PATH}:/opt/ros/humble /usr/bin/cmake --build /home/maxipis/lab2_ws/build/pkg_parte_3 -- -j8 -l8
[0.078s] -- Found ament_cmake: 1.3.11 (/opt/ros/humble/share/ament_cmake/cmake)
[0.233s] -- Override CMake install command with custom implementation using symlinks instead of copying resources
[0.325s] -- Found ament_lint_auto: 0.12.11 (/opt/ros/humble/share/ament_lint_auto/cmake)
[0.406s] -- Added test 'flake8' to check Python code syntax and style conventions
[0.406s] -- Added test 'lint_cmake' to check CMake code style
[0.407s] -- Added test 'pep257' to check Python code against some of the docstring style conventions in PEP 257
[0.408s] -- Added test 'xmllint' to check XML markup files
[0.410s] -- Configuring done
[0.419s] -- Generating done
[0.422s] -- Build files have been written to: /home/maxipis/lab2_ws/build/pkg_parte_3
[0.455s] Built target ament_cmake_python_symlink_pkg_parte_3
[0.694s] running egg_info
[0.695s] writing pkg_parte_3.egg-info/PKG-INFO
[0.696s] writing dependency_links to pkg_parte_3.egg-info/dependency_links.txt
[0.696s] writing top-level names to pkg_parte_3.egg-info/top_level.txt
[0.702s] reading manifest file 'pkg_parte_3.egg-info/SOURCES.txt'
[0.703s] writing manifest file 'pkg_parte_3.egg-info/SOURCES.txt'
[0.731s] Built target ament_cmake_python_build_pkg_parte_3_egg
[0.740s] Invoked command in '/home/maxipis/lab2_ws/build/pkg_parte_3' returned '0': CMAKE_PREFIX_PATH=${CMAKE_PREFIX_PATH}:/opt/ros/humble /usr/bin/cmake --build /home/maxipis/lab2_ws/build/pkg_parte_3 -- -j8 -l8
[0.743s] Invoking command in '/home/maxipis/lab2_ws/build/pkg_parte_3': CMAKE_PREFIX_PATH=${CMAKE_PREFIX_PATH}:/opt/ros/humble /usr/bin/cmake --install /home/maxipis/lab2_ws/build/pkg_parte_3
[0.749s] -- Install configuration: ""
[0.749s] -- Execute custom install script
[0.749s] -- Up-to-date symlink: /home/maxipis/lab2_ws/install/pkg_parte_3/share/pkg_parte_3/environment/pythonpath.sh
[0.750s] -- Up-to-date symlink: /home/maxipis/lab2_ws/install/pkg_parte_3/share/pkg_parte_3/environment/pythonpath.dsv
[0.750s] -- Up-to-date symlink: /home/maxipis/lab2_ws/install/pkg_parte_3/local/lib/python3.10/dist-packages/pkg_parte_3-0.0.0-py3.10.egg-info/PKG-INFO
[0.750s] -- Up-to-date symlink: /home/maxipis/lab2_ws/install/pkg_parte_3/local/lib/python3.10/dist-packages/pkg_parte_3-0.0.0-py3.10.egg-info/SOURCES.txt
[0.750s] -- Up-to-date symlink: /home/maxipis/lab2_ws/install/pkg_parte_3/local/lib/python3.10/dist-packages/pkg_parte_3-0.0.0-py3.10.egg-info/dependency_links.txt
[0.750s] -- Up-to-date symlink: /home/maxipis/lab2_ws/install/pkg_parte_3/local/lib/python3.10/dist-packages/pkg_parte_3-0.0.0-py3.10.egg-info/top_level.txt
[0.750s] -- Up-to-date symlink: /home/maxipis/lab2_ws/install/pkg_parte_3/local/lib/python3.10/dist-packages/pkg_parte_3/__init__.py
[0.751s] -- Up-to-date symlink: /home/maxipis/lab2_ws/install/pkg_parte_3/lib/pkg_parte_3/path_line.txt
[0.751s] -- Up-to-date symlink: /home/maxipis/lab2_ws/install/pkg_parte_3/lib/pkg_parte_3/path_sin.txt
[0.751s] -- Up-to-date symlink: /home/maxipis/lab2_ws/install/pkg_parte_3/lib/pkg_parte_3/path_sqrt.txt
[0.751s] -- Up-to-date symlink: /home/maxipis/lab2_ws/install/pkg_parte_3/lib/pkg_parte_3/controlador_angular.py
[0.751s] -- Up-to-date symlink: /home/maxipis/lab2_ws/install/pkg_parte_3/lib/pkg_parte_3/follow_the_carrot.py
[0.751s] -- Up-to-date symlink: /home/maxipis/lab2_ws/install/pkg_parte_3/lib/pkg_parte_3/parametros.py
[0.751s] -- Up-to-date symlink: /home/maxipis/lab2_ws/install/pkg_parte_3/lib/pkg_parte_3/publicador_ruta.py
[0.751s] -- Up-to-date symlink: /home/maxipis/lab2_ws/install/pkg_parte_3/lib/pkg_parte_3/publicador_velocidad.py
[0.752s] -- Symlinking: /home/maxipis/lab2_ws/install/pkg_parte_3/lib/pkg_parte_3/mostrar_ruta.py
[0.761s] -- Up-to-date symlink: /home/maxipis/lab2_ws/install/pkg_parte_3/share/pkg_parte_3//launch/follow_the_carrot.py
[0.761s] -- Up-to-date symlink: /home/maxipis/lab2_ws/install/pkg_parte_3/share/ament_index/resource_index/package_run_dependencies/pkg_parte_3
[0.761s] -- Up-to-date symlink: /home/maxipis/lab2_ws/install/pkg_parte_3/share/ament_index/resource_index/parent_prefix_path/pkg_parte_3
[0.761s] -- Up-to-date symlink: /home/maxipis/lab2_ws/install/pkg_parte_3/share/pkg_parte_3/environment/ament_prefix_path.sh
[0.762s] -- Up-to-date symlink: /home/maxipis/lab2_ws/install/pkg_parte_3/share/pkg_parte_3/environment/ament_prefix_path.dsv
[0.762s] -- Up-to-date symlink: /home/maxipis/lab2_ws/install/pkg_parte_3/share/pkg_parte_3/environment/path.sh
[0.762s] -- Up-to-date symlink: /home/maxipis/lab2_ws/install/pkg_parte_3/share/pkg_parte_3/environment/path.dsv
[0.762s] -- Up-to-date symlink: /home/maxipis/lab2_ws/install/pkg_parte_3/share/pkg_parte_3/local_setup.bash
[0.762s] -- Up-to-date symlink: /home/maxipis/lab2_ws/install/pkg_parte_3/share/pkg_parte_3/local_setup.sh
[0.762s] -- Up-to-date symlink: /home/maxipis/lab2_ws/install/pkg_parte_3/share/pkg_parte_3/local_setup.zsh
[0.763s] -- Up-to-date symlink: /home/maxipis/lab2_ws/install/pkg_parte_3/share/pkg_parte_3/local_setup.dsv
[0.763s] -- Symlinking: /home/maxipis/lab2_ws/install/pkg_parte_3/share/pkg_parte_3/package.dsv
[0.774s] -- Up-to-date symlink: /home/maxipis/lab2_ws/install/pkg_parte_3/share/ament_index/resource_index/packages/pkg_parte_3
[0.775s] -- Up-to-date symlink: /home/maxipis/lab2_ws/install/pkg_parte_3/share/pkg_parte_3/cmake/pkg_parte_3Config.cmake
[0.775s] -- Up-to-date symlink: /home/maxipis/lab2_ws/install/pkg_parte_3/share/pkg_parte_3/cmake/pkg_parte_3Config-version.cmake
[0.776s] -- Up-to-date symlink: /home/maxipis/lab2_ws/install/pkg_parte_3/share/pkg_parte_3/package.xml
[0.812s] Listing '/home/maxipis/lab2_ws/install/pkg_parte_3/local/lib/python3.10/dist-packages/pkg_parte_3'...
[0.819s] Invoked command in '/home/maxipis/lab2_ws/build/pkg_parte_3' returned '0': CMAKE_PREFIX_PATH=${CMAKE_PREFIX_PATH}:/opt/ros/humble /usr/bin/cmake --install /home/maxipis/lab2_ws/build/pkg_parte_3
