[0.033s] Invoking command in '/home/maxipis/lab2_ws/build/pkg_parte_1': CMAKE_PREFIX_PATH=${CMAKE_PREFIX_PATH}:/opt/ros/humble /usr/bin/cmake /home/maxipis/lab2_ws/src/pkg_parte_1 -DAMENT_CMAKE_SYMLINK_INSTALL=1 -DCMAKE_INSTALL_PREFIX=/home/maxipis/lab2_ws/install/pkg_parte_1
[0.198s] -- The C compiler identification is GNU 11.4.0
[0.497s] -- The CXX compiler identification is GNU 11.4.0
[0.694s] -- Detecting C compiler ABI info
[0.805s] -- Detecting C compiler ABI info - done
[0.813s] -- Check for working C compiler: /usr/bin/cc - skipped
[0.813s] -- Detecting C compile features
[0.814s] -- Detecting C compile features - done
[0.818s] -- Detecting CXX compiler ABI info
[0.954s] -- Detecting CXX compiler ABI info - done
[0.960s] -- Check for working CXX compiler: /usr/bin/c++ - skipped
[0.960s] -- Detecting CXX compile features
[0.961s] -- Detecting CXX compile features - done
[0.963s] -- Found ament_cmake: 1.3.11 (/opt/ros/humble/share/ament_cmake/cmake)
[1.121s] -- Found Python3: /usr/bin/python3 (found version "3.10.12") found components: Interpreter 
[1.193s] -- Override CMake install command with custom implementation using symlinks instead of copying resources
[1.217s] -- Found ament_lint_auto: 0.12.11 (/opt/ros/humble/share/ament_lint_auto/cmake)
[1.302s] -- Added test 'flake8' to check Python code syntax and style conventions
[1.303s] -- Added test 'lint_cmake' to check CMake code style
[1.303s] -- Added test 'pep257' to check Python code against some of the docstring style conventions in PEP 257
[1.304s] -- Added test 'xmllint' to check XML markup files
[1.306s] -- Configuring done
[1.310s] -- Generating done
[1.312s] -- Build files have been written to: /home/maxipis/lab2_ws/build/pkg_parte_1
[1.317s] Invoked command in '/home/maxipis/lab2_ws/build/pkg_parte_1' returned '0': CMAKE_PREFIX_PATH=${CMAKE_PREFIX_PATH}:/opt/ros/humble /usr/bin/cmake /home/maxipis/lab2_ws/src/pkg_parte_1 -DAMENT_CMAKE_SYMLINK_INSTALL=1 -DCMAKE_INSTALL_PREFIX=/home/maxipis/lab2_ws/install/pkg_parte_1
[1.320s] Invoking command in '/home/maxipis/lab2_ws/build/pkg_parte_1': CMAKE_PREFIX_PATH=${CMAKE_PREFIX_PATH}:/opt/ros/humble /usr/bin/cmake --build /home/maxipis/lab2_ws/build/pkg_parte_1 -- -j8 -l8
[1.352s] Invoked command in '/home/maxipis/lab2_ws/build/pkg_parte_1' returned '0': CMAKE_PREFIX_PATH=${CMAKE_PREFIX_PATH}:/opt/ros/humble /usr/bin/cmake --build /home/maxipis/lab2_ws/build/pkg_parte_1 -- -j8 -l8
[1.355s] Invoking command in '/home/maxipis/lab2_ws/build/pkg_parte_1': CMAKE_PREFIX_PATH=${CMAKE_PREFIX_PATH}:/opt/ros/humble /usr/bin/cmake --install /home/maxipis/lab2_ws/build/pkg_parte_1
[1.360s] -- Install configuration: ""
[1.361s] -- Execute custom install script
[1.362s] -- Symlinking: /home/maxipis/lab2_ws/install/pkg_parte_1/share/ament_index/resource_index/package_run_dependencies/pkg_parte_1
[1.371s] -- Symlinking: /home/maxipis/lab2_ws/install/pkg_parte_1/share/ament_index/resource_index/parent_prefix_path/pkg_parte_1
[1.378s] -- Symlinking: /home/maxipis/lab2_ws/install/pkg_parte_1/share/pkg_parte_1/environment/ament_prefix_path.sh
[1.385s] -- Symlinking: /home/maxipis/lab2_ws/install/pkg_parte_1/share/pkg_parte_1/environment/ament_prefix_path.dsv
[1.392s] -- Symlinking: /home/maxipis/lab2_ws/install/pkg_parte_1/share/pkg_parte_1/environment/path.sh
[1.399s] -- Symlinking: /home/maxipis/lab2_ws/install/pkg_parte_1/share/pkg_parte_1/environment/path.dsv
[1.407s] -- Symlinking: /home/maxipis/lab2_ws/install/pkg_parte_1/share/pkg_parte_1/local_setup.bash
[1.416s] -- Symlinking: /home/maxipis/lab2_ws/install/pkg_parte_1/share/pkg_parte_1/local_setup.sh
[1.425s] -- Symlinking: /home/maxipis/lab2_ws/install/pkg_parte_1/share/pkg_parte_1/local_setup.zsh
[1.434s] -- Symlinking: /home/maxipis/lab2_ws/install/pkg_parte_1/share/pkg_parte_1/local_setup.dsv
[1.444s] -- Symlinking: /home/maxipis/lab2_ws/install/pkg_parte_1/share/pkg_parte_1/package.dsv
[1.452s] -- Symlinking: /home/maxipis/lab2_ws/install/pkg_parte_1/share/ament_index/resource_index/packages/pkg_parte_1
[1.459s] -- Symlinking: /home/maxipis/lab2_ws/install/pkg_parte_1/share/pkg_parte_1/cmake/pkg_parte_1Config.cmake
[1.468s] -- Symlinking: /home/maxipis/lab2_ws/install/pkg_parte_1/share/pkg_parte_1/cmake/pkg_parte_1Config-version.cmake
[1.475s] -- Symlinking: /home/maxipis/lab2_ws/install/pkg_parte_1/share/pkg_parte_1/package.xml
[1.504s] Invoked command in '/home/maxipis/lab2_ws/build/pkg_parte_1' returned '0': CMAKE_PREFIX_PATH=${CMAKE_PREFIX_PATH}:/opt/ros/humble /usr/bin/cmake --install /home/maxipis/lab2_ws/build/pkg_parte_1
