[0.496s] DEBUG:colcon:Command line arguments: ['/usr/bin/colcon', 'build', '--symlink-install']
[0.496s] DEBUG:colcon:Parsed command line arguments: Namespace(log_base=None, log_level=None, verb_name='build', build_base='build', install_base='install', merge_install=False, symlink_install=True, test_result_base=None, continue_on_error=False, executor='parallel', parallel_workers=8, event_handlers=None, ignore_user_meta=False, metas=['./colcon.meta'], base_paths=['.'], packages_ignore=None, packages_ignore_regex=None, paths=None, packages_up_to=None, packages_up_to_regex=None, packages_above=None, packages_above_and_dependencies=None, packages_above_depth=None, packages_select_by_dep=None, packages_skip_by_dep=None, packages_skip_up_to=None, packages_select_build_failed=False, packages_skip_build_finished=False, packages_select_test_failures=False, packages_skip_test_passed=False, packages_select=None, packages_skip=None, packages_select_regex=None, packages_skip_regex=None, packages_start=None, packages_end=None, allow_overriding=[], cmake_args=None, cmake_target=None, cmake_target_skip_unavailable=False, cmake_clean_cache=False, cmake_clean_first=False, cmake_force_configure=False, ament_cmake_args=None, catkin_cmake_args=None, catkin_skip_building_tests=False, mixin_files=None, mixin=None, verb_parser=<colcon_mixin.mixin.mixin_argument.MixinArgumentDecorator object at 0x75f4be249e10>, verb_extension=<colcon_core.verb.build.BuildVerb object at 0x75f4be2498a0>, main=<bound method BuildVerb.main of <colcon_core.verb.build.BuildVerb object at 0x75f4be2498a0>>, mixin_verb=('build',))
[1.192s] Level 1:colcon.colcon_core.package_discovery:discover_packages(colcon_meta) check parameters
[1.192s] Level 1:colcon.colcon_core.package_discovery:discover_packages(recursive) check parameters
[1.192s] Level 1:colcon.colcon_core.package_discovery:discover_packages(ignore) check parameters
[1.193s] Level 1:colcon.colcon_core.package_discovery:discover_packages(path) check parameters
[1.193s] Level 1:colcon.colcon_core.package_discovery:discover_packages(colcon_meta) discover
[1.193s] Level 1:colcon.colcon_core.package_discovery:discover_packages(recursive) discover
[1.193s] INFO:colcon.colcon_core.package_discovery:Crawling recursively for packages in '/home/maxipis/lab2_ws'
[1.193s] Level 1:colcon.colcon_core.package_identification:_identify(.) by extensions ['ignore', 'ignore_ament_install']
[1.193s] Level 1:colcon.colcon_core.package_identification:_identify(.) by extension 'ignore'
[1.193s] Level 1:colcon.colcon_core.package_identification:_identify(.) by extension 'ignore_ament_install'
[1.194s] Level 1:colcon.colcon_core.package_identification:_identify(.) by extensions ['colcon_pkg']
[1.194s] Level 1:colcon.colcon_core.package_identification:_identify(.) by extension 'colcon_pkg'
[1.194s] Level 1:colcon.colcon_core.package_identification:_identify(.) by extensions ['colcon_meta']
[1.194s] Level 1:colcon.colcon_core.package_identification:_identify(.) by extension 'colcon_meta'
[1.194s] Level 1:colcon.colcon_core.package_identification:_identify(.) by extensions ['ros']
[1.194s] Level 1:colcon.colcon_core.package_identification:_identify(.) by extension 'ros'
[1.213s] Level 1:colcon.colcon_core.package_identification:_identify(.) by extensions ['cmake', 'python']
[1.214s] Level 1:colcon.colcon_core.package_identification:_identify(.) by extension 'cmake'
[1.214s] Level 1:colcon.colcon_core.package_identification:_identify(.) by extension 'python'
[1.214s] Level 1:colcon.colcon_core.package_identification:_identify(.) by extensions ['python_setup_py']
[1.214s] Level 1:colcon.colcon_core.package_identification:_identify(.) by extension 'python_setup_py'
[1.214s] Level 1:colcon.colcon_core.package_identification:_identify(build) by extensions ['ignore', 'ignore_ament_install']
[1.214s] Level 1:colcon.colcon_core.package_identification:_identify(build) by extension 'ignore'
[1.215s] Level 1:colcon.colcon_core.package_identification:_identify(build) ignored
[1.215s] Level 1:colcon.colcon_core.package_identification:_identify(install) by extensions ['ignore', 'ignore_ament_install']
[1.215s] Level 1:colcon.colcon_core.package_identification:_identify(install) by extension 'ignore'
[1.215s] Level 1:colcon.colcon_core.package_identification:_identify(install) ignored
[1.216s] Level 1:colcon.colcon_core.package_identification:_identify(log) by extensions ['ignore', 'ignore_ament_install']
[1.216s] Level 1:colcon.colcon_core.package_identification:_identify(log) by extension 'ignore'
[1.216s] Level 1:colcon.colcon_core.package_identification:_identify(log) ignored
[1.216s] Level 1:colcon.colcon_core.package_identification:_identify(src) by extensions ['ignore', 'ignore_ament_install']
[1.216s] Level 1:colcon.colcon_core.package_identification:_identify(src) by extension 'ignore'
[1.216s] Level 1:colcon.colcon_core.package_identification:_identify(src) by extension 'ignore_ament_install'
[1.216s] Level 1:colcon.colcon_core.package_identification:_identify(src) by extensions ['colcon_pkg']
[1.216s] Level 1:colcon.colcon_core.package_identification:_identify(src) by extension 'colcon_pkg'
[1.217s] Level 1:colcon.colcon_core.package_identification:_identify(src) by extensions ['colcon_meta']
[1.217s] Level 1:colcon.colcon_core.package_identification:_identify(src) by extension 'colcon_meta'
[1.217s] Level 1:colcon.colcon_core.package_identification:_identify(src) by extensions ['ros']
[1.217s] Level 1:colcon.colcon_core.package_identification:_identify(src) by extension 'ros'
[1.217s] Level 1:colcon.colcon_core.package_identification:_identify(src) by extensions ['cmake', 'python']
[1.217s] Level 1:colcon.colcon_core.package_identification:_identify(src) by extension 'cmake'
[1.217s] Level 1:colcon.colcon_core.package_identification:_identify(src) by extension 'python'
[1.217s] Level 1:colcon.colcon_core.package_identification:_identify(src) by extensions ['python_setup_py']
[1.217s] Level 1:colcon.colcon_core.package_identification:_identify(src) by extension 'python_setup_py'
[1.218s] Level 1:colcon.colcon_core.package_identification:_identify(src/pkg_parte_1) by extensions ['ignore', 'ignore_ament_install']
[1.218s] Level 1:colcon.colcon_core.package_identification:_identify(src/pkg_parte_1) by extension 'ignore'
[1.218s] Level 1:colcon.colcon_core.package_identification:_identify(src/pkg_parte_1) by extension 'ignore_ament_install'
[1.218s] Level 1:colcon.colcon_core.package_identification:_identify(src/pkg_parte_1) by extensions ['colcon_pkg']
[1.218s] Level 1:colcon.colcon_core.package_identification:_identify(src/pkg_parte_1) by extension 'colcon_pkg'
[1.218s] Level 1:colcon.colcon_core.package_identification:_identify(src/pkg_parte_1) by extensions ['colcon_meta']
[1.218s] Level 1:colcon.colcon_core.package_identification:_identify(src/pkg_parte_1) by extension 'colcon_meta'
[1.218s] Level 1:colcon.colcon_core.package_identification:_identify(src/pkg_parte_1) by extensions ['ros']
[1.218s] Level 1:colcon.colcon_core.package_identification:_identify(src/pkg_parte_1) by extension 'ros'
[1.226s] DEBUG:colcon.colcon_core.package_identification:Package 'src/pkg_parte_1' with type 'ros.ament_cmake' and name 'pkg_parte_1'
[1.227s] Level 1:colcon.colcon_core.package_identification:_identify(src/pkg_parte_2) by extensions ['ignore', 'ignore_ament_install']
[1.227s] Level 1:colcon.colcon_core.package_identification:_identify(src/pkg_parte_2) by extension 'ignore'
[1.227s] Level 1:colcon.colcon_core.package_identification:_identify(src/pkg_parte_2) by extension 'ignore_ament_install'
[1.227s] Level 1:colcon.colcon_core.package_identification:_identify(src/pkg_parte_2) by extensions ['colcon_pkg']
[1.227s] Level 1:colcon.colcon_core.package_identification:_identify(src/pkg_parte_2) by extension 'colcon_pkg'
[1.228s] Level 1:colcon.colcon_core.package_identification:_identify(src/pkg_parte_2) by extensions ['colcon_meta']
[1.228s] Level 1:colcon.colcon_core.package_identification:_identify(src/pkg_parte_2) by extension 'colcon_meta'
[1.228s] Level 1:colcon.colcon_core.package_identification:_identify(src/pkg_parte_2) by extensions ['ros']
[1.228s] Level 1:colcon.colcon_core.package_identification:_identify(src/pkg_parte_2) by extension 'ros'
[1.229s] DEBUG:colcon.colcon_core.package_identification:Package 'src/pkg_parte_2' with type 'ros.ament_cmake' and name 'pkg_parte_2'
[1.229s] Level 1:colcon.colcon_core.package_identification:_identify(src/pkg_parte_3) by extensions ['ignore', 'ignore_ament_install']
[1.230s] Level 1:colcon.colcon_core.package_identification:_identify(src/pkg_parte_3) by extension 'ignore'
[1.230s] Level 1:colcon.colcon_core.package_identification:_identify(src/pkg_parte_3) by extension 'ignore_ament_install'
[1.230s] Level 1:colcon.colcon_core.package_identification:_identify(src/pkg_parte_3) by extensions ['colcon_pkg']
[1.230s] Level 1:colcon.colcon_core.package_identification:_identify(src/pkg_parte_3) by extension 'colcon_pkg'
[1.230s] Level 1:colcon.colcon_core.package_identification:_identify(src/pkg_parte_3) by extensions ['colcon_meta']
[1.230s] Level 1:colcon.colcon_core.package_identification:_identify(src/pkg_parte_3) by extension 'colcon_meta'
[1.231s] Level 1:colcon.colcon_core.package_identification:_identify(src/pkg_parte_3) by extensions ['ros']
[1.231s] Level 1:colcon.colcon_core.package_identification:_identify(src/pkg_parte_3) by extension 'ros'
[1.232s] DEBUG:colcon.colcon_core.package_identification:Package 'src/pkg_parte_3' with type 'ros.ament_cmake' and name 'pkg_parte_3'
[1.232s] Level 1:colcon.colcon_core.package_discovery:discover_packages(recursive) using defaults
[1.232s] Level 1:colcon.colcon_core.package_discovery:discover_packages(ignore) discover
[1.232s] Level 1:colcon.colcon_core.package_discovery:discover_packages(ignore) using defaults
[1.232s] Level 1:colcon.colcon_core.package_discovery:discover_packages(path) discover
[1.232s] Level 1:colcon.colcon_core.package_discovery:discover_packages(path) using defaults
[1.300s] Level 1:colcon.colcon_core.package_discovery:discover_packages(prefix_path) check parameters
[1.300s] Level 1:colcon.colcon_core.package_discovery:discover_packages(prefix_path) discover
[1.311s] DEBUG:colcon.colcon_installed_package_information.package_discovery:Found 5 installed packages in /home/maxipis/ros2_ws/install
[1.314s] DEBUG:colcon.colcon_installed_package_information.package_discovery:Found 284 installed packages in /opt/ros/humble
[1.316s] Level 1:colcon.colcon_core.package_discovery:discover_packages(prefix_path) using defaults
[1.399s] Level 5:colcon.colcon_core.verb:set package 'pkg_parte_1' build argument 'cmake_args' from command line to 'None'
[1.400s] Level 5:colcon.colcon_core.verb:set package 'pkg_parte_1' build argument 'cmake_target' from command line to 'None'
[1.400s] Level 5:colcon.colcon_core.verb:set package 'pkg_parte_1' build argument 'cmake_target_skip_unavailable' from command line to 'False'
[1.400s] Level 5:colcon.colcon_core.verb:set package 'pkg_parte_1' build argument 'cmake_clean_cache' from command line to 'False'
[1.400s] Level 5:colcon.colcon_core.verb:set package 'pkg_parte_1' build argument 'cmake_clean_first' from command line to 'False'
[1.400s] Level 5:colcon.colcon_core.verb:set package 'pkg_parte_1' build argument 'cmake_force_configure' from command line to 'False'
[1.400s] Level 5:colcon.colcon_core.verb:set package 'pkg_parte_1' build argument 'ament_cmake_args' from command line to 'None'
[1.400s] Level 5:colcon.colcon_core.verb:set package 'pkg_parte_1' build argument 'catkin_cmake_args' from command line to 'None'
[1.400s] Level 5:colcon.colcon_core.verb:set package 'pkg_parte_1' build argument 'catkin_skip_building_tests' from command line to 'False'
[1.400s] DEBUG:colcon.colcon_core.verb:Building package 'pkg_parte_1' with the following arguments: {'ament_cmake_args': None, 'build_base': '/home/maxipis/lab2_ws/build/pkg_parte_1', 'catkin_cmake_args': None, 'catkin_skip_building_tests': False, 'cmake_args': None, 'cmake_clean_cache': False, 'cmake_clean_first': False, 'cmake_force_configure': False, 'cmake_target': None, 'cmake_target_skip_unavailable': False, 'install_base': '/home/maxipis/lab2_ws/install/pkg_parte_1', 'merge_install': False, 'path': '/home/maxipis/lab2_ws/src/pkg_parte_1', 'symlink_install': True, 'test_result_base': None}
[1.401s] Level 5:colcon.colcon_core.verb:set package 'pkg_parte_2' build argument 'cmake_args' from command line to 'None'
[1.401s] Level 5:colcon.colcon_core.verb:set package 'pkg_parte_2' build argument 'cmake_target' from command line to 'None'
[1.401s] Level 5:colcon.colcon_core.verb:set package 'pkg_parte_2' build argument 'cmake_target_skip_unavailable' from command line to 'False'
[1.401s] Level 5:colcon.colcon_core.verb:set package 'pkg_parte_2' build argument 'cmake_clean_cache' from command line to 'False'
[1.401s] Level 5:colcon.colcon_core.verb:set package 'pkg_parte_2' build argument 'cmake_clean_first' from command line to 'False'
[1.401s] Level 5:colcon.colcon_core.verb:set package 'pkg_parte_2' build argument 'cmake_force_configure' from command line to 'False'
[1.401s] Level 5:colcon.colcon_core.verb:set package 'pkg_parte_2' build argument 'ament_cmake_args' from command line to 'None'
[1.401s] Level 5:colcon.colcon_core.verb:set package 'pkg_parte_2' build argument 'catkin_cmake_args' from command line to 'None'
[1.401s] Level 5:colcon.colcon_core.verb:set package 'pkg_parte_2' build argument 'catkin_skip_building_tests' from command line to 'False'
[1.401s] DEBUG:colcon.colcon_core.verb:Building package 'pkg_parte_2' with the following arguments: {'ament_cmake_args': None, 'build_base': '/home/maxipis/lab2_ws/build/pkg_parte_2', 'catkin_cmake_args': None, 'catkin_skip_building_tests': False, 'cmake_args': None, 'cmake_clean_cache': False, 'cmake_clean_first': False, 'cmake_force_configure': False, 'cmake_target': None, 'cmake_target_skip_unavailable': False, 'install_base': '/home/maxipis/lab2_ws/install/pkg_parte_2', 'merge_install': False, 'path': '/home/maxipis/lab2_ws/src/pkg_parte_2', 'symlink_install': True, 'test_result_base': None}
[1.402s] Level 5:colcon.colcon_core.verb:set package 'pkg_parte_3' build argument 'cmake_args' from command line to 'None'
[1.402s] Level 5:colcon.colcon_core.verb:set package 'pkg_parte_3' build argument 'cmake_target' from command line to 'None'
[1.402s] Level 5:colcon.colcon_core.verb:set package 'pkg_parte_3' build argument 'cmake_target_skip_unavailable' from command line to 'False'
[1.402s] Level 5:colcon.colcon_core.verb:set package 'pkg_parte_3' build argument 'cmake_clean_cache' from command line to 'False'
[1.402s] Level 5:colcon.colcon_core.verb:set package 'pkg_parte_3' build argument 'cmake_clean_first' from command line to 'False'
[1.402s] Level 5:colcon.colcon_core.verb:set package 'pkg_parte_3' build argument 'cmake_force_configure' from command line to 'False'
[1.402s] Level 5:colcon.colcon_core.verb:set package 'pkg_parte_3' build argument 'ament_cmake_args' from command line to 'None'
[1.402s] Level 5:colcon.colcon_core.verb:set package 'pkg_parte_3' build argument 'catkin_cmake_args' from command line to 'None'
[1.402s] Level 5:colcon.colcon_core.verb:set package 'pkg_parte_3' build argument 'catkin_skip_building_tests' from command line to 'False'
[1.402s] DEBUG:colcon.colcon_core.verb:Building package 'pkg_parte_3' with the following arguments: {'ament_cmake_args': None, 'build_base': '/home/maxipis/lab2_ws/build/pkg_parte_3', 'catkin_cmake_args': None, 'catkin_skip_building_tests': False, 'cmake_args': None, 'cmake_clean_cache': False, 'cmake_clean_first': False, 'cmake_force_configure': False, 'cmake_target': None, 'cmake_target_skip_unavailable': False, 'install_base': '/home/maxipis/lab2_ws/install/pkg_parte_3', 'merge_install': False, 'path': '/home/maxipis/lab2_ws/src/pkg_parte_3', 'symlink_install': True, 'test_result_base': None}
[1.402s] INFO:colcon.colcon_core.executor:Executing jobs using 'parallel' executor
[1.404s] DEBUG:colcon.colcon_parallel_executor.executor.parallel:run_until_complete
[1.405s] INFO:colcon.colcon_ros.task.ament_cmake.build:Building ROS package in '/home/maxipis/lab2_ws/src/pkg_parte_1' with build type 'ament_cmake'
[1.406s] INFO:colcon.colcon_cmake.task.cmake.build:Building CMake package in '/home/maxipis/lab2_ws/src/pkg_parte_1'
[1.415s] INFO:colcon.colcon_core.plugin_system:Skipping extension 'colcon_core.shell.bat': Not used on non-Windows systems
[1.415s] INFO:colcon.colcon_core.shell:Skip shell extension 'powershell' for command environment: Not usable outside of PowerShell
[1.415s] DEBUG:colcon.colcon_core.shell:Skip shell extension 'dsv' for command environment
[1.426s] INFO:colcon.colcon_ros.task.ament_cmake.build:Building ROS package in '/home/maxipis/lab2_ws/src/pkg_parte_2' with build type 'ament_cmake'
[1.426s] INFO:colcon.colcon_cmake.task.cmake.build:Building CMake package in '/home/maxipis/lab2_ws/src/pkg_parte_2'
[1.427s] INFO:colcon.colcon_core.shell:Skip shell extension 'powershell' for command environment: Not usable outside of PowerShell
[1.427s] DEBUG:colcon.colcon_core.shell:Skip shell extension 'dsv' for command environment
[1.432s] INFO:colcon.colcon_ros.task.ament_cmake.build:Building ROS package in '/home/maxipis/lab2_ws/src/pkg_parte_3' with build type 'ament_cmake'
[1.432s] INFO:colcon.colcon_cmake.task.cmake.build:Building CMake package in '/home/maxipis/lab2_ws/src/pkg_parte_3'
[1.433s] INFO:colcon.colcon_core.shell:Skip shell extension 'powershell' for command environment: Not usable outside of PowerShell
[1.433s] DEBUG:colcon.colcon_core.shell:Skip shell extension 'dsv' for command environment
[1.454s] DEBUG:colcon.colcon_core.event_handler.log_command:Invoking command in '/home/maxipis/lab2_ws/build/pkg_parte_1': CMAKE_PREFIX_PATH=${CMAKE_PREFIX_PATH}:/opt/ros/humble /usr/bin/cmake --build /home/maxipis/lab2_ws/build/pkg_parte_1 -- -j8 -l8
[1.474s] DEBUG:colcon.colcon_core.event_handler.log_command:Invoking command in '/home/maxipis/lab2_ws/build/pkg_parte_2': CMAKE_PREFIX_PATH=${CMAKE_PREFIX_PATH}:/opt/ros/humble /usr/bin/cmake --build /home/maxipis/lab2_ws/build/pkg_parte_2 -- -j8 -l8
[1.483s] DEBUG:colcon.colcon_core.event_handler.log_command:Invoking command in '/home/maxipis/lab2_ws/build/pkg_parte_3': CMAKE_PREFIX_PATH=${CMAKE_PREFIX_PATH}:/opt/ros/humble /usr/bin/cmake --build /home/maxipis/lab2_ws/build/pkg_parte_3 -- -j8 -l8
[1.665s] DEBUG:colcon.colcon_core.event_handler.log_command:Invoked command in '/home/maxipis/lab2_ws/build/pkg_parte_1' returned '0': CMAKE_PREFIX_PATH=${CMAKE_PREFIX_PATH}:/opt/ros/humble /usr/bin/cmake --build /home/maxipis/lab2_ws/build/pkg_parte_1 -- -j8 -l8
[1.681s] DEBUG:colcon.colcon_core.event_handler.log_command:Invoking command in '/home/maxipis/lab2_ws/build/pkg_parte_1': CMAKE_PREFIX_PATH=${CMAKE_PREFIX_PATH}:/opt/ros/humble /usr/bin/cmake --install /home/maxipis/lab2_ws/build/pkg_parte_1
[1.682s] DEBUG:colcon.colcon_core.event_handler.log_command:Invoked command in '/home/maxipis/lab2_ws/build/pkg_parte_2' returned '0': CMAKE_PREFIX_PATH=${CMAKE_PREFIX_PATH}:/opt/ros/humble /usr/bin/cmake --build /home/maxipis/lab2_ws/build/pkg_parte_2 -- -j8 -l8
[1.688s] DEBUG:colcon.colcon_core.event_handler.log_command:Invoking command in '/home/maxipis/lab2_ws/build/pkg_parte_2': CMAKE_PREFIX_PATH=${CMAKE_PREFIX_PATH}:/opt/ros/humble /usr/bin/cmake --install /home/maxipis/lab2_ws/build/pkg_parte_2
[1.689s] DEBUG:colcon.colcon_core.event_handler.log_command:Invoked command in '/home/maxipis/lab2_ws/build/pkg_parte_3' returned '0': CMAKE_PREFIX_PATH=${CMAKE_PREFIX_PATH}:/opt/ros/humble /usr/bin/cmake --build /home/maxipis/lab2_ws/build/pkg_parte_3 -- -j8 -l8
[1.694s] DEBUG:colcon.colcon_core.event_handler.log_command:Invoking command in '/home/maxipis/lab2_ws/build/pkg_parte_3': CMAKE_PREFIX_PATH=${CMAKE_PREFIX_PATH}:/opt/ros/humble /usr/bin/cmake --install /home/maxipis/lab2_ws/build/pkg_parte_3
[1.722s] Level 1:colcon.colcon_core.environment:create_environment_scripts_only(pkg_parte_2)
[1.723s] DEBUG:colcon.colcon_core.event_handler.log_command:Invoked command in '/home/maxipis/lab2_ws/build/pkg_parte_2' returned '0': CMAKE_PREFIX_PATH=${CMAKE_PREFIX_PATH}:/opt/ros/humble /usr/bin/cmake --install /home/maxipis/lab2_ws/build/pkg_parte_2
[1.736s] Level 1:colcon.colcon_core.environment:checking '/home/maxipis/lab2_ws/install/pkg_parte_2' for CMake module files
[1.737s] Level 1:colcon.colcon_core.environment:checking '/home/maxipis/lab2_ws/install/pkg_parte_2' for CMake config files
[1.737s] Level 1:colcon.colcon_core.shell:create_environment_hook('pkg_parte_2', 'cmake_prefix_path')
[1.738s] INFO:colcon.colcon_core.shell:Creating environment hook '/home/maxipis/lab2_ws/install/pkg_parte_2/share/pkg_parte_2/hook/cmake_prefix_path.ps1'
[1.740s] INFO:colcon.colcon_core.shell:Creating environment descriptor '/home/maxipis/lab2_ws/install/pkg_parte_2/share/pkg_parte_2/hook/cmake_prefix_path.dsv'
[1.740s] INFO:colcon.colcon_core.shell:Creating environment hook '/home/maxipis/lab2_ws/install/pkg_parte_2/share/pkg_parte_2/hook/cmake_prefix_path.sh'
[1.742s] Level 1:colcon.colcon_core.environment:checking '/home/maxipis/lab2_ws/install/pkg_parte_2/bin'
[1.742s] Level 1:colcon.colcon_core.environment:checking '/home/maxipis/lab2_ws/install/pkg_parte_2/lib/pkgconfig/pkg_parte_2.pc'
[1.743s] Level 1:colcon.colcon_core.environment:checking '/home/maxipis/lab2_ws/install/pkg_parte_2/lib/python3.10/site-packages'
[1.743s] Level 1:colcon.colcon_core.environment:checking '/home/maxipis/lab2_ws/install/pkg_parte_2/bin'
[1.744s] INFO:colcon.colcon_core.shell:Creating package script '/home/maxipis/lab2_ws/install/pkg_parte_2/share/pkg_parte_2/package.ps1'
[1.745s] INFO:colcon.colcon_core.shell:Creating package descriptor '/home/maxipis/lab2_ws/install/pkg_parte_2/share/pkg_parte_2/package.dsv'
[1.747s] INFO:colcon.colcon_core.shell:Creating package script '/home/maxipis/lab2_ws/install/pkg_parte_2/share/pkg_parte_2/package.sh'
[1.748s] INFO:colcon.colcon_core.shell:Creating package script '/home/maxipis/lab2_ws/install/pkg_parte_2/share/pkg_parte_2/package.bash'
[1.749s] INFO:colcon.colcon_core.shell:Creating package script '/home/maxipis/lab2_ws/install/pkg_parte_2/share/pkg_parte_2/package.zsh'
[1.751s] Level 1:colcon.colcon_core.environment:create_file_with_runtime_dependencies(/home/maxipis/lab2_ws/install/pkg_parte_2/share/colcon-core/packages/pkg_parte_2)
[1.751s] Level 1:colcon.colcon_core.environment:create_environment_scripts_only(pkg_parte_2)
[1.752s] Level 1:colcon.colcon_core.environment:checking '/home/maxipis/lab2_ws/install/pkg_parte_2' for CMake module files
[1.752s] Level 1:colcon.colcon_core.environment:checking '/home/maxipis/lab2_ws/install/pkg_parte_2' for CMake config files
[1.752s] Level 1:colcon.colcon_core.shell:create_environment_hook('pkg_parte_2', 'cmake_prefix_path')
[1.753s] INFO:colcon.colcon_core.shell:Creating environment hook '/home/maxipis/lab2_ws/install/pkg_parte_2/share/pkg_parte_2/hook/cmake_prefix_path.ps1'
[1.754s] INFO:colcon.colcon_core.shell:Creating environment descriptor '/home/maxipis/lab2_ws/install/pkg_parte_2/share/pkg_parte_2/hook/cmake_prefix_path.dsv'
[1.755s] INFO:colcon.colcon_core.shell:Creating environment hook '/home/maxipis/lab2_ws/install/pkg_parte_2/share/pkg_parte_2/hook/cmake_prefix_path.sh'
[1.756s] Level 1:colcon.colcon_core.environment:checking '/home/maxipis/lab2_ws/install/pkg_parte_2/bin'
[1.756s] Level 1:colcon.colcon_core.environment:checking '/home/maxipis/lab2_ws/install/pkg_parte_2/lib/pkgconfig/pkg_parte_2.pc'
[1.756s] Level 1:colcon.colcon_core.environment:checking '/home/maxipis/lab2_ws/install/pkg_parte_2/lib/python3.10/site-packages'
[1.756s] Level 1:colcon.colcon_core.environment:checking '/home/maxipis/lab2_ws/install/pkg_parte_2/bin'
[1.757s] INFO:colcon.colcon_core.shell:Creating package script '/home/maxipis/lab2_ws/install/pkg_parte_2/share/pkg_parte_2/package.ps1'
[1.758s] INFO:colcon.colcon_core.shell:Creating package descriptor '/home/maxipis/lab2_ws/install/pkg_parte_2/share/pkg_parte_2/package.dsv'
[1.758s] INFO:colcon.colcon_core.shell:Creating package script '/home/maxipis/lab2_ws/install/pkg_parte_2/share/pkg_parte_2/package.sh'
[1.759s] INFO:colcon.colcon_core.shell:Creating package script '/home/maxipis/lab2_ws/install/pkg_parte_2/share/pkg_parte_2/package.bash'
[1.759s] INFO:colcon.colcon_core.shell:Creating package script '/home/maxipis/lab2_ws/install/pkg_parte_2/share/pkg_parte_2/package.zsh'
[1.760s] Level 1:colcon.colcon_core.environment:create_file_with_runtime_dependencies(/home/maxipis/lab2_ws/install/pkg_parte_2/share/colcon-core/packages/pkg_parte_2)
[1.760s] Level 1:colcon.colcon_core.environment:create_environment_scripts_only(pkg_parte_1)
[1.761s] Level 1:colcon.colcon_core.environment:checking '/home/maxipis/lab2_ws/install/pkg_parte_1' for CMake module files
[1.763s] DEBUG:colcon.colcon_core.event_handler.log_command:Invoked command in '/home/maxipis/lab2_ws/build/pkg_parte_1' returned '0': CMAKE_PREFIX_PATH=${CMAKE_PREFIX_PATH}:/opt/ros/humble /usr/bin/cmake --install /home/maxipis/lab2_ws/build/pkg_parte_1
[1.764s] Level 1:colcon.colcon_core.environment:checking '/home/maxipis/lab2_ws/install/pkg_parte_1' for CMake config files
[1.764s] Level 1:colcon.colcon_core.shell:create_environment_hook('pkg_parte_1', 'cmake_prefix_path')
[1.764s] INFO:colcon.colcon_core.shell:Creating environment hook '/home/maxipis/lab2_ws/install/pkg_parte_1/share/pkg_parte_1/hook/cmake_prefix_path.ps1'
[1.765s] INFO:colcon.colcon_core.shell:Creating environment descriptor '/home/maxipis/lab2_ws/install/pkg_parte_1/share/pkg_parte_1/hook/cmake_prefix_path.dsv'
[1.766s] INFO:colcon.colcon_core.shell:Creating environment hook '/home/maxipis/lab2_ws/install/pkg_parte_1/share/pkg_parte_1/hook/cmake_prefix_path.sh'
[1.766s] Level 1:colcon.colcon_core.environment:checking '/home/maxipis/lab2_ws/install/pkg_parte_1/bin'
[1.767s] Level 1:colcon.colcon_core.environment:checking '/home/maxipis/lab2_ws/install/pkg_parte_1/lib/pkgconfig/pkg_parte_1.pc'
[1.767s] Level 1:colcon.colcon_core.environment:checking '/home/maxipis/lab2_ws/install/pkg_parte_1/lib/python3.10/site-packages'
[1.767s] Level 1:colcon.colcon_core.environment:checking '/home/maxipis/lab2_ws/install/pkg_parte_1/bin'
[1.768s] INFO:colcon.colcon_core.shell:Creating package script '/home/maxipis/lab2_ws/install/pkg_parte_1/share/pkg_parte_1/package.ps1'
[1.769s] INFO:colcon.colcon_core.shell:Creating package descriptor '/home/maxipis/lab2_ws/install/pkg_parte_1/share/pkg_parte_1/package.dsv'
[1.773s] INFO:colcon.colcon_core.shell:Creating package script '/home/maxipis/lab2_ws/install/pkg_parte_1/share/pkg_parte_1/package.sh'
[1.774s] INFO:colcon.colcon_core.shell:Creating package script '/home/maxipis/lab2_ws/install/pkg_parte_1/share/pkg_parte_1/package.bash'
[1.775s] INFO:colcon.colcon_core.shell:Creating package script '/home/maxipis/lab2_ws/install/pkg_parte_1/share/pkg_parte_1/package.zsh'
[1.776s] Level 1:colcon.colcon_core.environment:create_file_with_runtime_dependencies(/home/maxipis/lab2_ws/install/pkg_parte_1/share/colcon-core/packages/pkg_parte_1)
[1.777s] Level 1:colcon.colcon_core.environment:create_environment_scripts_only(pkg_parte_1)
[1.777s] Level 1:colcon.colcon_core.environment:checking '/home/maxipis/lab2_ws/install/pkg_parte_1' for CMake module files
[1.778s] Level 1:colcon.colcon_core.environment:checking '/home/maxipis/lab2_ws/install/pkg_parte_1' for CMake config files
[1.778s] Level 1:colcon.colcon_core.shell:create_environment_hook('pkg_parte_1', 'cmake_prefix_path')
[1.778s] INFO:colcon.colcon_core.shell:Creating environment hook '/home/maxipis/lab2_ws/install/pkg_parte_1/share/pkg_parte_1/hook/cmake_prefix_path.ps1'
[1.779s] INFO:colcon.colcon_core.shell:Creating environment descriptor '/home/maxipis/lab2_ws/install/pkg_parte_1/share/pkg_parte_1/hook/cmake_prefix_path.dsv'
[1.779s] INFO:colcon.colcon_core.shell:Creating environment hook '/home/maxipis/lab2_ws/install/pkg_parte_1/share/pkg_parte_1/hook/cmake_prefix_path.sh'
[1.780s] Level 1:colcon.colcon_core.environment:checking '/home/maxipis/lab2_ws/install/pkg_parte_1/bin'
[1.780s] Level 1:colcon.colcon_core.environment:checking '/home/maxipis/lab2_ws/install/pkg_parte_1/lib/pkgconfig/pkg_parte_1.pc'
[1.780s] Level 1:colcon.colcon_core.environment:checking '/home/maxipis/lab2_ws/install/pkg_parte_1/lib/python3.10/site-packages'
[1.781s] Level 1:colcon.colcon_core.environment:checking '/home/maxipis/lab2_ws/install/pkg_parte_1/bin'
[1.781s] INFO:colcon.colcon_core.shell:Creating package script '/home/maxipis/lab2_ws/install/pkg_parte_1/share/pkg_parte_1/package.ps1'
[1.782s] INFO:colcon.colcon_core.shell:Creating package descriptor '/home/maxipis/lab2_ws/install/pkg_parte_1/share/pkg_parte_1/package.dsv'
[1.783s] INFO:colcon.colcon_core.shell:Creating package script '/home/maxipis/lab2_ws/install/pkg_parte_1/share/pkg_parte_1/package.sh'
[1.784s] INFO:colcon.colcon_core.shell:Creating package script '/home/maxipis/lab2_ws/install/pkg_parte_1/share/pkg_parte_1/package.bash'
[1.784s] INFO:colcon.colcon_core.shell:Creating package script '/home/maxipis/lab2_ws/install/pkg_parte_1/share/pkg_parte_1/package.zsh'
[1.787s] Level 1:colcon.colcon_core.environment:create_file_with_runtime_dependencies(/home/maxipis/lab2_ws/install/pkg_parte_1/share/colcon-core/packages/pkg_parte_1)
[1.789s] Level 1:colcon.colcon_core.environment:create_environment_scripts_only(pkg_parte_3)
[1.790s] Level 1:colcon.colcon_core.environment:checking '/home/maxipis/lab2_ws/install/pkg_parte_3' for CMake module files
[1.791s] DEBUG:colcon.colcon_core.event_handler.log_command:Invoked command in '/home/maxipis/lab2_ws/build/pkg_parte_3' returned '0': CMAKE_PREFIX_PATH=${CMAKE_PREFIX_PATH}:/opt/ros/humble /usr/bin/cmake --install /home/maxipis/lab2_ws/build/pkg_parte_3
[1.792s] Level 1:colcon.colcon_core.environment:checking '/home/maxipis/lab2_ws/install/pkg_parte_3' for CMake config files
[1.792s] Level 1:colcon.colcon_core.shell:create_environment_hook('pkg_parte_3', 'cmake_prefix_path')
[1.793s] INFO:colcon.colcon_core.shell:Creating environment hook '/home/maxipis/lab2_ws/install/pkg_parte_3/share/pkg_parte_3/hook/cmake_prefix_path.ps1'
[1.795s] INFO:colcon.colcon_core.shell:Creating environment descriptor '/home/maxipis/lab2_ws/install/pkg_parte_3/share/pkg_parte_3/hook/cmake_prefix_path.dsv'
[1.796s] INFO:colcon.colcon_core.shell:Creating environment hook '/home/maxipis/lab2_ws/install/pkg_parte_3/share/pkg_parte_3/hook/cmake_prefix_path.sh'
[1.797s] Level 1:colcon.colcon_core.environment:checking '/home/maxipis/lab2_ws/install/pkg_parte_3/bin'
[1.797s] Level 1:colcon.colcon_core.environment:checking '/home/maxipis/lab2_ws/install/pkg_parte_3/lib/pkgconfig/pkg_parte_3.pc'
[1.797s] Level 1:colcon.colcon_core.environment:checking '/home/maxipis/lab2_ws/install/pkg_parte_3/lib/python3.10/site-packages'
[1.798s] Level 1:colcon.colcon_core.environment:checking '/home/maxipis/lab2_ws/install/pkg_parte_3/bin'
[1.798s] INFO:colcon.colcon_core.shell:Creating package script '/home/maxipis/lab2_ws/install/pkg_parte_3/share/pkg_parte_3/package.ps1'
[1.799s] INFO:colcon.colcon_core.shell:Creating package descriptor '/home/maxipis/lab2_ws/install/pkg_parte_3/share/pkg_parte_3/package.dsv'
[1.802s] INFO:colcon.colcon_core.shell:Creating package script '/home/maxipis/lab2_ws/install/pkg_parte_3/share/pkg_parte_3/package.sh'
[1.805s] INFO:colcon.colcon_core.shell:Creating package script '/home/maxipis/lab2_ws/install/pkg_parte_3/share/pkg_parte_3/package.bash'
[1.806s] INFO:colcon.colcon_core.shell:Creating package script '/home/maxipis/lab2_ws/install/pkg_parte_3/share/pkg_parte_3/package.zsh'
[1.808s] Level 1:colcon.colcon_core.environment:create_file_with_runtime_dependencies(/home/maxipis/lab2_ws/install/pkg_parte_3/share/colcon-core/packages/pkg_parte_3)
[1.809s] Level 1:colcon.colcon_core.environment:create_environment_scripts_only(pkg_parte_3)
[1.809s] Level 1:colcon.colcon_core.environment:checking '/home/maxipis/lab2_ws/install/pkg_parte_3' for CMake module files
[1.811s] Level 1:colcon.colcon_core.environment:checking '/home/maxipis/lab2_ws/install/pkg_parte_3' for CMake config files
[1.811s] Level 1:colcon.colcon_core.shell:create_environment_hook('pkg_parte_3', 'cmake_prefix_path')
[1.812s] INFO:colcon.colcon_core.shell:Creating environment hook '/home/maxipis/lab2_ws/install/pkg_parte_3/share/pkg_parte_3/hook/cmake_prefix_path.ps1'
[1.814s] INFO:colcon.colcon_core.shell:Creating environment descriptor '/home/maxipis/lab2_ws/install/pkg_parte_3/share/pkg_parte_3/hook/cmake_prefix_path.dsv'
[1.815s] INFO:colcon.colcon_core.shell:Creating environment hook '/home/maxipis/lab2_ws/install/pkg_parte_3/share/pkg_parte_3/hook/cmake_prefix_path.sh'
[1.816s] Level 1:colcon.colcon_core.environment:checking '/home/maxipis/lab2_ws/install/pkg_parte_3/bin'
[1.816s] Level 1:colcon.colcon_core.environment:checking '/home/maxipis/lab2_ws/install/pkg_parte_3/lib/pkgconfig/pkg_parte_3.pc'
[1.817s] Level 1:colcon.colcon_core.environment:checking '/home/maxipis/lab2_ws/install/pkg_parte_3/lib/python3.10/site-packages'
[1.818s] Level 1:colcon.colcon_core.environment:checking '/home/maxipis/lab2_ws/install/pkg_parte_3/bin'
[1.819s] INFO:colcon.colcon_core.shell:Creating package script '/home/maxipis/lab2_ws/install/pkg_parte_3/share/pkg_parte_3/package.ps1'
[1.820s] INFO:colcon.colcon_core.shell:Creating package descriptor '/home/maxipis/lab2_ws/install/pkg_parte_3/share/pkg_parte_3/package.dsv'
[1.821s] INFO:colcon.colcon_core.shell:Creating package script '/home/maxipis/lab2_ws/install/pkg_parte_3/share/pkg_parte_3/package.sh'
[1.823s] INFO:colcon.colcon_core.shell:Creating package script '/home/maxipis/lab2_ws/install/pkg_parte_3/share/pkg_parte_3/package.bash'
[1.825s] INFO:colcon.colcon_core.shell:Creating package script '/home/maxipis/lab2_ws/install/pkg_parte_3/share/pkg_parte_3/package.zsh'
[1.827s] Level 1:colcon.colcon_core.environment:create_file_with_runtime_dependencies(/home/maxipis/lab2_ws/install/pkg_parte_3/share/colcon-core/packages/pkg_parte_3)
[1.828s] DEBUG:colcon.colcon_parallel_executor.executor.parallel:closing loop
[1.829s] DEBUG:colcon.colcon_parallel_executor.executor.parallel:loop closed
[1.829s] DEBUG:colcon.colcon_parallel_executor.executor.parallel:run_until_complete finished with '0'
[1.829s] DEBUG:colcon.colcon_core.event_reactor:joining thread
[1.903s] INFO:colcon.colcon_core.plugin_system:Skipping extension 'colcon_notification.desktop_notification.notify_send': Could not find 'notify-send'
[1.903s] INFO:colcon.colcon_core.plugin_system:Skipping extension 'colcon_notification.desktop_notification.terminal_notifier': Not used on non-Darwin systems
[1.903s] INFO:colcon.colcon_core.plugin_system:Skipping extension 'colcon_notification.desktop_notification.win32': Not used on non-Windows systems
[1.903s] INFO:colcon.colcon_notification.desktop_notification:Sending desktop notification using 'notify2'
[1.904s] DEBUG:colcon.colcon_notification.desktop_notification.notify2:Failed to initialize notify2: org.freedesktop.DBus.Error.FileNotFound: Failed to connect to socket /run/user/1000/bus: No such file or directory
[1.904s] DEBUG:colcon.colcon_core.event_reactor:joined thread
[1.905s] INFO:colcon.colcon_core.shell:Creating prefix script '/home/maxipis/lab2_ws/install/local_setup.ps1'
[1.907s] INFO:colcon.colcon_core.shell:Creating prefix util module '/home/maxipis/lab2_ws/install/_local_setup_util_ps1.py'
[1.911s] INFO:colcon.colcon_core.shell:Creating prefix chain script '/home/maxipis/lab2_ws/install/setup.ps1'
[1.913s] INFO:colcon.colcon_core.shell:Creating prefix script '/home/maxipis/lab2_ws/install/local_setup.sh'
[1.914s] INFO:colcon.colcon_core.shell:Creating prefix util module '/home/maxipis/lab2_ws/install/_local_setup_util_sh.py'
[1.915s] INFO:colcon.colcon_core.shell:Creating prefix chain script '/home/maxipis/lab2_ws/install/setup.sh'
[1.918s] INFO:colcon.colcon_core.shell:Creating prefix script '/home/maxipis/lab2_ws/install/local_setup.bash'
[1.920s] INFO:colcon.colcon_core.shell:Creating prefix chain script '/home/maxipis/lab2_ws/install/setup.bash'
[1.922s] INFO:colcon.colcon_core.shell:Creating prefix script '/home/maxipis/lab2_ws/install/local_setup.zsh'
[1.924s] INFO:colcon.colcon_core.shell:Creating prefix chain script '/home/maxipis/lab2_ws/install/setup.zsh'
