[0.025s] Invoking command in '/home/maxipis/lab2_ws/build/pkg_parte_3': CMAKE_PREFIX_PATH=${CMAKE_PREFIX_PATH}:/opt/ros/humble /usr/bin/cmake --build /home/maxipis/lab2_ws/build/pkg_parte_3 -- -j8 -l8
[0.049s] -- Found ament_cmake: 1.3.11 (/opt/ros/humble/share/ament_cmake/cmake)
[0.178s] -- Override CMake install command with custom implementation using symlinks instead of copying resources
[0.241s] -- Found ament_lint_auto: 0.12.11 (/opt/ros/humble/share/ament_lint_auto/cmake)
[0.303s] -- Added test 'flake8' to check Python code syntax and style conventions
[0.303s] -- Added test 'lint_cmake' to check CMake code style
[0.304s] -- Added test 'pep257' to check Python code against some of the docstring style conventions in PEP 257
[0.304s] -- Added test 'xmllint' to check XML markup files
[0.305s] -- Configuring done
[0.309s] -- Generating done
[0.311s] -- Build files have been written to: /home/maxipis/lab2_ws/build/pkg_parte_3
[0.343s] Built target ament_cmake_python_symlink_pkg_parte_3
[0.561s] running egg_info
[0.562s] writing pkg_parte_3.egg-info/PKG-INFO
[0.562s] writing dependency_links to pkg_parte_3.egg-info/dependency_links.txt
[0.563s] writing top-level names to pkg_parte_3.egg-info/top_level.txt
[0.565s] reading manifest file 'pkg_parte_3.egg-info/SOURCES.txt'
[0.565s] writing manifest file 'pkg_parte_3.egg-info/SOURCES.txt'
[0.590s] Built target ament_cmake_python_build_pkg_parte_3_egg
[0.600s] Invoked command in '/home/maxipis/lab2_ws/build/pkg_parte_3' returned '0': CMAKE_PREFIX_PATH=${CMAKE_PREFIX_PATH}:/opt/ros/humble /usr/bin/cmake --build /home/maxipis/lab2_ws/build/pkg_parte_3 -- -j8 -l8
[0.601s] Invoking command in '/home/maxipis/lab2_ws/build/pkg_parte_3': CMAKE_PREFIX_PATH=${CMAKE_PREFIX_PATH}:/opt/ros/humble /usr/bin/cmake --install /home/maxipis/lab2_ws/build/pkg_parte_3
[0.608s] -- Install configuration: ""
[0.609s] -- Execute custom install script
[0.609s] -- Up-to-date symlink: /home/maxipis/lab2_ws/install/pkg_parte_3/share/pkg_parte_3/environment/pythonpath.sh
[0.609s] -- Up-to-date symlink: /home/maxipis/lab2_ws/install/pkg_parte_3/share/pkg_parte_3/environment/pythonpath.dsv
[0.609s] -- Up-to-date symlink: /home/maxipis/lab2_ws/install/pkg_parte_3/local/lib/python3.10/dist-packages/pkg_parte_3-0.0.0-py3.10.egg-info/PKG-INFO
[0.610s] -- Up-to-date symlink: /home/maxipis/lab2_ws/install/pkg_parte_3/local/lib/python3.10/dist-packages/pkg_parte_3-0.0.0-py3.10.egg-info/SOURCES.txt
[0.610s] -- Up-to-date symlink: /home/maxipis/lab2_ws/install/pkg_parte_3/local/lib/python3.10/dist-packages/pkg_parte_3-0.0.0-py3.10.egg-info/dependency_links.txt
[0.610s] -- Up-to-date symlink: /home/maxipis/lab2_ws/install/pkg_parte_3/local/lib/python3.10/dist-packages/pkg_parte_3-0.0.0-py3.10.egg-info/top_level.txt
[0.610s] -- Up-to-date symlink: /home/maxipis/lab2_ws/install/pkg_parte_3/local/lib/python3.10/dist-packages/pkg_parte_3/__init__.py
[0.611s] -- Symlinking: /home/maxipis/lab2_ws/install/pkg_parte_3/lib/pkg_parte_3/path_line.txt
[0.619s] -- Symlinking: /home/maxipis/lab2_ws/install/pkg_parte_3/lib/pkg_parte_3/path_sin.txt
[0.629s] -- Symlinking: /home/maxipis/lab2_ws/install/pkg_parte_3/lib/pkg_parte_3/path_sqrt.txt
[0.637s] -- Symlinking: /home/maxipis/lab2_ws/install/pkg_parte_3/lib/pkg_parte_3/controlador_angular.py
[0.645s] -- Symlinking: /home/maxipis/lab2_ws/install/pkg_parte_3/lib/pkg_parte_3/follow_the_carrot.py
[0.653s] -- Symlinking: /home/maxipis/lab2_ws/install/pkg_parte_3/lib/pkg_parte_3/parametros.py
[0.660s] -- Symlinking: /home/maxipis/lab2_ws/install/pkg_parte_3/lib/pkg_parte_3/publicador_ruta.py
[0.668s] -- Symlinking: /home/maxipis/lab2_ws/install/pkg_parte_3/lib/pkg_parte_3/publicador_velocidad.py
[0.676s] -- Symlinking: /home/maxipis/lab2_ws/install/pkg_parte_3/share/pkg_parte_3//launch/follow_the_carrot.py
[0.683s] -- Up-to-date symlink: /home/maxipis/lab2_ws/install/pkg_parte_3/share/ament_index/resource_index/package_run_dependencies/pkg_parte_3
[0.683s] -- Up-to-date symlink: /home/maxipis/lab2_ws/install/pkg_parte_3/share/ament_index/resource_index/parent_prefix_path/pkg_parte_3
[0.683s] -- Up-to-date symlink: /home/maxipis/lab2_ws/install/pkg_parte_3/share/pkg_parte_3/environment/ament_prefix_path.sh
[0.683s] -- Up-to-date symlink: /home/maxipis/lab2_ws/install/pkg_parte_3/share/pkg_parte_3/environment/ament_prefix_path.dsv
[0.684s] -- Up-to-date symlink: /home/maxipis/lab2_ws/install/pkg_parte_3/share/pkg_parte_3/environment/path.sh
[0.684s] -- Up-to-date symlink: /home/maxipis/lab2_ws/install/pkg_parte_3/share/pkg_parte_3/environment/path.dsv
[0.684s] -- Up-to-date symlink: /home/maxipis/lab2_ws/install/pkg_parte_3/share/pkg_parte_3/local_setup.bash
[0.684s] -- Up-to-date symlink: /home/maxipis/lab2_ws/install/pkg_parte_3/share/pkg_parte_3/local_setup.sh
[0.684s] -- Up-to-date symlink: /home/maxipis/lab2_ws/install/pkg_parte_3/share/pkg_parte_3/local_setup.zsh
[0.684s] -- Up-to-date symlink: /home/maxipis/lab2_ws/install/pkg_parte_3/share/pkg_parte_3/local_setup.dsv
[0.684s] -- Symlinking: /home/maxipis/lab2_ws/install/pkg_parte_3/share/pkg_parte_3/package.dsv
[0.692s] -- Up-to-date symlink: /home/maxipis/lab2_ws/install/pkg_parte_3/share/ament_index/resource_index/packages/pkg_parte_3
[0.692s] -- Up-to-date symlink: /home/maxipis/lab2_ws/install/pkg_parte_3/share/pkg_parte_3/cmake/pkg_parte_3Config.cmake
[0.692s] -- Up-to-date symlink: /home/maxipis/lab2_ws/install/pkg_parte_3/share/pkg_parte_3/cmake/pkg_parte_3Config-version.cmake
[0.692s] -- Up-to-date symlink: /home/maxipis/lab2_ws/install/pkg_parte_3/share/pkg_parte_3/package.xml
[0.725s] Listing '/home/maxipis/lab2_ws/install/pkg_parte_3/local/lib/python3.10/dist-packages/pkg_parte_3'...
[0.725s] Compiling '/home/maxipis/lab2_ws/install/pkg_parte_3/local/lib/python3.10/dist-packages/pkg_parte_3/__init__.py'...
[0.731s] Invoked command in '/home/maxipis/lab2_ws/build/pkg_parte_3' returned '0': CMAKE_PREFIX_PATH=${CMAKE_PREFIX_PATH}:/opt/ros/humble /usr/bin/cmake --install /home/maxipis/lab2_ws/build/pkg_parte_3
