[0.221s] DEBUG:colcon:Command line arguments: ['/usr/bin/colcon', 'build', '--symlink-install']
[0.221s] DEBUG:colcon:Parsed command line arguments: Namespace(log_base=None, log_level=None, verb_name='build', build_base='build', install_base='install', merge_install=False, symlink_install=True, test_result_base=None, continue_on_error=False, executor='parallel', parallel_workers=8, event_handlers=None, ignore_user_meta=False, metas=['./colcon.meta'], base_paths=['.'], packages_ignore=None, packages_ignore_regex=None, paths=None, packages_up_to=None, packages_up_to_regex=None, packages_above=None, packages_above_and_dependencies=None, packages_above_depth=None, packages_select_by_dep=None, packages_skip_by_dep=None, packages_skip_up_to=None, packages_select_build_failed=False, packages_skip_build_finished=False, packages_select_test_failures=False, packages_skip_test_passed=False, packages_select=None, packages_skip=None, packages_select_regex=None, packages_skip_regex=None, packages_start=None, packages_end=None, allow_overriding=[], cmake_args=None, cmake_target=None, cmake_target_skip_unavailable=False, cmake_clean_cache=False, cmake_clean_first=False, cmake_force_configure=False, ament_cmake_args=None, catkin_cmake_args=None, catkin_skip_building_tests=False, mixin_files=None, mixin=None, verb_parser=<colcon_mixin.mixin.mixin_argument.MixinArgumentDecorator object at 0x7f3a67eb5db0>, verb_extension=<colcon_core.verb.build.BuildVerb object at 0x7f3a67eb5840>, main=<bound method BuildVerb.main of <colcon_core.verb.build.BuildVerb object at 0x7f3a67eb5840>>, mixin_verb=('build',))
[0.552s] Level 1:colcon.colcon_core.package_discovery:discover_packages(colcon_meta) check parameters
[0.552s] Level 1:colcon.colcon_core.package_discovery:discover_packages(recursive) check parameters
[0.552s] Level 1:colcon.colcon_core.package_discovery:discover_packages(ignore) check parameters
[0.552s] Level 1:colcon.colcon_core.package_discovery:discover_packages(path) check parameters
[0.552s] Level 1:colcon.colcon_core.package_discovery:discover_packages(colcon_meta) discover
[0.552s] Level 1:colcon.colcon_core.package_discovery:discover_packages(recursive) discover
[0.552s] INFO:colcon.colcon_core.package_discovery:Crawling recursively for packages in '/home/maxipis/lab2_ws'
[0.552s] Level 1:colcon.colcon_core.package_identification:_identify(.) by extensions ['ignore', 'ignore_ament_install']
[0.552s] Level 1:colcon.colcon_core.package_identification:_identify(.) by extension 'ignore'
[0.552s] Level 1:colcon.colcon_core.package_identification:_identify(.) by extension 'ignore_ament_install'
[0.552s] Level 1:colcon.colcon_core.package_identification:_identify(.) by extensions ['colcon_pkg']
[0.552s] Level 1:colcon.colcon_core.package_identification:_identify(.) by extension 'colcon_pkg'
[0.552s] Level 1:colcon.colcon_core.package_identification:_identify(.) by extensions ['colcon_meta']
[0.552s] Level 1:colcon.colcon_core.package_identification:_identify(.) by extension 'colcon_meta'
[0.552s] Level 1:colcon.colcon_core.package_identification:_identify(.) by extensions ['ros']
[0.552s] Level 1:colcon.colcon_core.package_identification:_identify(.) by extension 'ros'
[0.561s] Level 1:colcon.colcon_core.package_identification:_identify(.) by extensions ['cmake', 'python']
[0.562s] Level 1:colcon.colcon_core.package_identification:_identify(.) by extension 'cmake'
[0.562s] Level 1:colcon.colcon_core.package_identification:_identify(.) by extension 'python'
[0.562s] Level 1:colcon.colcon_core.package_identification:_identify(.) by extensions ['python_setup_py']
[0.562s] Level 1:colcon.colcon_core.package_identification:_identify(.) by extension 'python_setup_py'
[0.562s] Level 1:colcon.colcon_core.package_identification:_identify(build) by extensions ['ignore', 'ignore_ament_install']
[0.562s] Level 1:colcon.colcon_core.package_identification:_identify(build) by extension 'ignore'
[0.562s] Level 1:colcon.colcon_core.package_identification:_identify(build) ignored
[0.562s] Level 1:colcon.colcon_core.package_identification:_identify(install) by extensions ['ignore', 'ignore_ament_install']
[0.562s] Level 1:colcon.colcon_core.package_identification:_identify(install) by extension 'ignore'
[0.562s] Level 1:colcon.colcon_core.package_identification:_identify(install) ignored
[0.562s] Level 1:colcon.colcon_core.package_identification:_identify(log) by extensions ['ignore', 'ignore_ament_install']
[0.562s] Level 1:colcon.colcon_core.package_identification:_identify(log) by extension 'ignore'
[0.562s] Level 1:colcon.colcon_core.package_identification:_identify(log) ignored
[0.562s] Level 1:colcon.colcon_core.package_identification:_identify(src) by extensions ['ignore', 'ignore_ament_install']
[0.562s] Level 1:colcon.colcon_core.package_identification:_identify(src) by extension 'ignore'
[0.562s] Level 1:colcon.colcon_core.package_identification:_identify(src) by extension 'ignore_ament_install'
[0.562s] Level 1:colcon.colcon_core.package_identification:_identify(src) by extensions ['colcon_pkg']
[0.562s] Level 1:colcon.colcon_core.package_identification:_identify(src) by extension 'colcon_pkg'
[0.562s] Level 1:colcon.colcon_core.package_identification:_identify(src) by extensions ['colcon_meta']
[0.562s] Level 1:colcon.colcon_core.package_identification:_identify(src) by extension 'colcon_meta'
[0.562s] Level 1:colcon.colcon_core.package_identification:_identify(src) by extensions ['ros']
[0.562s] Level 1:colcon.colcon_core.package_identification:_identify(src) by extension 'ros'
[0.563s] Level 1:colcon.colcon_core.package_identification:_identify(src) by extensions ['cmake', 'python']
[0.563s] Level 1:colcon.colcon_core.package_identification:_identify(src) by extension 'cmake'
[0.563s] Level 1:colcon.colcon_core.package_identification:_identify(src) by extension 'python'
[0.563s] Level 1:colcon.colcon_core.package_identification:_identify(src) by extensions ['python_setup_py']
[0.563s] Level 1:colcon.colcon_core.package_identification:_identify(src) by extension 'python_setup_py'
[0.563s] Level 1:colcon.colcon_core.package_identification:_identify(src/pkg_parte_1) by extensions ['ignore', 'ignore_ament_install']
[0.563s] Level 1:colcon.colcon_core.package_identification:_identify(src/pkg_parte_1) by extension 'ignore'
[0.563s] Level 1:colcon.colcon_core.package_identification:_identify(src/pkg_parte_1) by extension 'ignore_ament_install'
[0.563s] Level 1:colcon.colcon_core.package_identification:_identify(src/pkg_parte_1) by extensions ['colcon_pkg']
[0.563s] Level 1:colcon.colcon_core.package_identification:_identify(src/pkg_parte_1) by extension 'colcon_pkg'
[0.563s] Level 1:colcon.colcon_core.package_identification:_identify(src/pkg_parte_1) by extensions ['colcon_meta']
[0.563s] Level 1:colcon.colcon_core.package_identification:_identify(src/pkg_parte_1) by extension 'colcon_meta'
[0.563s] Level 1:colcon.colcon_core.package_identification:_identify(src/pkg_parte_1) by extensions ['ros']
[0.563s] Level 1:colcon.colcon_core.package_identification:_identify(src/pkg_parte_1) by extension 'ros'
[0.568s] DEBUG:colcon.colcon_core.package_identification:Package 'src/pkg_parte_1' with type 'ros.ament_cmake' and name 'pkg_parte_1'
[0.568s] Level 1:colcon.colcon_core.package_identification:_identify(src/pkg_parte_2) by extensions ['ignore', 'ignore_ament_install']
[0.568s] Level 1:colcon.colcon_core.package_identification:_identify(src/pkg_parte_2) by extension 'ignore'
[0.568s] Level 1:colcon.colcon_core.package_identification:_identify(src/pkg_parte_2) by extension 'ignore_ament_install'
[0.568s] Level 1:colcon.colcon_core.package_identification:_identify(src/pkg_parte_2) by extensions ['colcon_pkg']
[0.568s] Level 1:colcon.colcon_core.package_identification:_identify(src/pkg_parte_2) by extension 'colcon_pkg'
[0.568s] Level 1:colcon.colcon_core.package_identification:_identify(src/pkg_parte_2) by extensions ['colcon_meta']
[0.568s] Level 1:colcon.colcon_core.package_identification:_identify(src/pkg_parte_2) by extension 'colcon_meta'
[0.568s] Level 1:colcon.colcon_core.package_identification:_identify(src/pkg_parte_2) by extensions ['ros']
[0.568s] Level 1:colcon.colcon_core.package_identification:_identify(src/pkg_parte_2) by extension 'ros'
[0.569s] DEBUG:colcon.colcon_core.package_identification:Package 'src/pkg_parte_2' with type 'ros.ament_cmake' and name 'pkg_parte_2'
[0.569s] Level 1:colcon.colcon_core.package_identification:_identify(src/pkg_parte_3) by extensions ['ignore', 'ignore_ament_install']
[0.569s] Level 1:colcon.colcon_core.package_identification:_identify(src/pkg_parte_3) by extension 'ignore'
[0.569s] Level 1:colcon.colcon_core.package_identification:_identify(src/pkg_parte_3) by extension 'ignore_ament_install'
[0.569s] Level 1:colcon.colcon_core.package_identification:_identify(src/pkg_parte_3) by extensions ['colcon_pkg']
[0.569s] Level 1:colcon.colcon_core.package_identification:_identify(src/pkg_parte_3) by extension 'colcon_pkg'
[0.569s] Level 1:colcon.colcon_core.package_identification:_identify(src/pkg_parte_3) by extensions ['colcon_meta']
[0.569s] Level 1:colcon.colcon_core.package_identification:_identify(src/pkg_parte_3) by extension 'colcon_meta'
[0.569s] Level 1:colcon.colcon_core.package_identification:_identify(src/pkg_parte_3) by extensions ['ros']
[0.569s] Level 1:colcon.colcon_core.package_identification:_identify(src/pkg_parte_3) by extension 'ros'
[0.569s] DEBUG:colcon.colcon_core.package_identification:Package 'src/pkg_parte_3' with type 'ros.ament_cmake' and name 'pkg_parte_3'
[0.569s] Level 1:colcon.colcon_core.package_discovery:discover_packages(recursive) using defaults
[0.569s] Level 1:colcon.colcon_core.package_discovery:discover_packages(ignore) discover
[0.569s] Level 1:colcon.colcon_core.package_discovery:discover_packages(ignore) using defaults
[0.569s] Level 1:colcon.colcon_core.package_discovery:discover_packages(path) discover
[0.570s] Level 1:colcon.colcon_core.package_discovery:discover_packages(path) using defaults
[0.618s] Level 1:colcon.colcon_core.package_discovery:discover_packages(prefix_path) check parameters
[0.618s] Level 1:colcon.colcon_core.package_discovery:discover_packages(prefix_path) discover
[0.625s] DEBUG:colcon.colcon_installed_package_information.package_discovery:Found 5 installed packages in /home/maxipis/ros2_ws/install
[0.626s] DEBUG:colcon.colcon_installed_package_information.package_discovery:Found 284 installed packages in /opt/ros/humble
[0.627s] Level 1:colcon.colcon_core.package_discovery:discover_packages(prefix_path) using defaults
[0.676s] Level 5:colcon.colcon_core.verb:set package 'pkg_parte_1' build argument 'cmake_args' from command line to 'None'
[0.676s] Level 5:colcon.colcon_core.verb:set package 'pkg_parte_1' build argument 'cmake_target' from command line to 'None'
[0.676s] Level 5:colcon.colcon_core.verb:set package 'pkg_parte_1' build argument 'cmake_target_skip_unavailable' from command line to 'False'
[0.676s] Level 5:colcon.colcon_core.verb:set package 'pkg_parte_1' build argument 'cmake_clean_cache' from command line to 'False'
[0.676s] Level 5:colcon.colcon_core.verb:set package 'pkg_parte_1' build argument 'cmake_clean_first' from command line to 'False'
[0.676s] Level 5:colcon.colcon_core.verb:set package 'pkg_parte_1' build argument 'cmake_force_configure' from command line to 'False'
[0.676s] Level 5:colcon.colcon_core.verb:set package 'pkg_parte_1' build argument 'ament_cmake_args' from command line to 'None'
[0.676s] Level 5:colcon.colcon_core.verb:set package 'pkg_parte_1' build argument 'catkin_cmake_args' from command line to 'None'
[0.676s] Level 5:colcon.colcon_core.verb:set package 'pkg_parte_1' build argument 'catkin_skip_building_tests' from command line to 'False'
[0.676s] DEBUG:colcon.colcon_core.verb:Building package 'pkg_parte_1' with the following arguments: {'ament_cmake_args': None, 'build_base': '/home/maxipis/lab2_ws/build/pkg_parte_1', 'catkin_cmake_args': None, 'catkin_skip_building_tests': False, 'cmake_args': None, 'cmake_clean_cache': False, 'cmake_clean_first': False, 'cmake_force_configure': False, 'cmake_target': None, 'cmake_target_skip_unavailable': False, 'install_base': '/home/maxipis/lab2_ws/install/pkg_parte_1', 'merge_install': False, 'path': '/home/maxipis/lab2_ws/src/pkg_parte_1', 'symlink_install': True, 'test_result_base': None}
[0.677s] Level 5:colcon.colcon_core.verb:set package 'pkg_parte_2' build argument 'cmake_args' from command line to 'None'
[0.677s] Level 5:colcon.colcon_core.verb:set package 'pkg_parte_2' build argument 'cmake_target' from command line to 'None'
[0.677s] Level 5:colcon.colcon_core.verb:set package 'pkg_parte_2' build argument 'cmake_target_skip_unavailable' from command line to 'False'
[0.677s] Level 5:colcon.colcon_core.verb:set package 'pkg_parte_2' build argument 'cmake_clean_cache' from command line to 'False'
[0.677s] Level 5:colcon.colcon_core.verb:set package 'pkg_parte_2' build argument 'cmake_clean_first' from command line to 'False'
[0.677s] Level 5:colcon.colcon_core.verb:set package 'pkg_parte_2' build argument 'cmake_force_configure' from command line to 'False'
[0.677s] Level 5:colcon.colcon_core.verb:set package 'pkg_parte_2' build argument 'ament_cmake_args' from command line to 'None'
[0.677s] Level 5:colcon.colcon_core.verb:set package 'pkg_parte_2' build argument 'catkin_cmake_args' from command line to 'None'
[0.677s] Level 5:colcon.colcon_core.verb:set package 'pkg_parte_2' build argument 'catkin_skip_building_tests' from command line to 'False'
[0.677s] DEBUG:colcon.colcon_core.verb:Building package 'pkg_parte_2' with the following arguments: {'ament_cmake_args': None, 'build_base': '/home/maxipis/lab2_ws/build/pkg_parte_2', 'catkin_cmake_args': None, 'catkin_skip_building_tests': False, 'cmake_args': None, 'cmake_clean_cache': False, 'cmake_clean_first': False, 'cmake_force_configure': False, 'cmake_target': None, 'cmake_target_skip_unavailable': False, 'install_base': '/home/maxipis/lab2_ws/install/pkg_parte_2', 'merge_install': False, 'path': '/home/maxipis/lab2_ws/src/pkg_parte_2', 'symlink_install': True, 'test_result_base': None}
[0.677s] Level 5:colcon.colcon_core.verb:set package 'pkg_parte_3' build argument 'cmake_args' from command line to 'None'
[0.677s] Level 5:colcon.colcon_core.verb:set package 'pkg_parte_3' build argument 'cmake_target' from command line to 'None'
[0.677s] Level 5:colcon.colcon_core.verb:set package 'pkg_parte_3' build argument 'cmake_target_skip_unavailable' from command line to 'False'
[0.677s] Level 5:colcon.colcon_core.verb:set package 'pkg_parte_3' build argument 'cmake_clean_cache' from command line to 'False'
[0.677s] Level 5:colcon.colcon_core.verb:set package 'pkg_parte_3' build argument 'cmake_clean_first' from command line to 'False'
[0.677s] Level 5:colcon.colcon_core.verb:set package 'pkg_parte_3' build argument 'cmake_force_configure' from command line to 'False'
[0.677s] Level 5:colcon.colcon_core.verb:set package 'pkg_parte_3' build argument 'ament_cmake_args' from command line to 'None'
[0.677s] Level 5:colcon.colcon_core.verb:set package 'pkg_parte_3' build argument 'catkin_cmake_args' from command line to 'None'
[0.677s] Level 5:colcon.colcon_core.verb:set package 'pkg_parte_3' build argument 'catkin_skip_building_tests' from command line to 'False'
[0.677s] DEBUG:colcon.colcon_core.verb:Building package 'pkg_parte_3' with the following arguments: {'ament_cmake_args': None, 'build_base': '/home/maxipis/lab2_ws/build/pkg_parte_3', 'catkin_cmake_args': None, 'catkin_skip_building_tests': False, 'cmake_args': None, 'cmake_clean_cache': False, 'cmake_clean_first': False, 'cmake_force_configure': False, 'cmake_target': None, 'cmake_target_skip_unavailable': False, 'install_base': '/home/maxipis/lab2_ws/install/pkg_parte_3', 'merge_install': False, 'path': '/home/maxipis/lab2_ws/src/pkg_parte_3', 'symlink_install': True, 'test_result_base': None}
[0.677s] INFO:colcon.colcon_core.executor:Executing jobs using 'parallel' executor
[0.679s] DEBUG:colcon.colcon_parallel_executor.executor.parallel:run_until_complete
[0.679s] INFO:colcon.colcon_ros.task.ament_cmake.build:Building ROS package in '/home/maxipis/lab2_ws/src/pkg_parte_1' with build type 'ament_cmake'
[0.679s] INFO:colcon.colcon_cmake.task.cmake.build:Building CMake package in '/home/maxipis/lab2_ws/src/pkg_parte_1'
[0.690s] INFO:colcon.colcon_core.plugin_system:Skipping extension 'colcon_core.shell.bat': Not used on non-Windows systems
[0.691s] INFO:colcon.colcon_core.shell:Skip shell extension 'powershell' for command environment: Not usable outside of PowerShell
[0.691s] DEBUG:colcon.colcon_core.shell:Skip shell extension 'dsv' for command environment
[0.697s] INFO:colcon.colcon_ros.task.ament_cmake.build:Building ROS package in '/home/maxipis/lab2_ws/src/pkg_parte_2' with build type 'ament_cmake'
[0.697s] INFO:colcon.colcon_cmake.task.cmake.build:Building CMake package in '/home/maxipis/lab2_ws/src/pkg_parte_2'
[0.698s] INFO:colcon.colcon_core.shell:Skip shell extension 'powershell' for command environment: Not usable outside of PowerShell
[0.698s] DEBUG:colcon.colcon_core.shell:Skip shell extension 'dsv' for command environment
[0.701s] INFO:colcon.colcon_ros.task.ament_cmake.build:Building ROS package in '/home/maxipis/lab2_ws/src/pkg_parte_3' with build type 'ament_cmake'
[0.701s] INFO:colcon.colcon_cmake.task.cmake.build:Building CMake package in '/home/maxipis/lab2_ws/src/pkg_parte_3'
[0.702s] INFO:colcon.colcon_core.shell:Skip shell extension 'powershell' for command environment: Not usable outside of PowerShell
[0.702s] DEBUG:colcon.colcon_core.shell:Skip shell extension 'dsv' for command environment
[0.712s] DEBUG:colcon.colcon_core.event_handler.log_command:Invoking command in '/home/maxipis/lab2_ws/build/pkg_parte_1': CMAKE_PREFIX_PATH=${CMAKE_PREFIX_PATH}:/opt/ros/humble /usr/bin/cmake /home/maxipis/lab2_ws/src/pkg_parte_1 -DAMENT_CMAKE_SYMLINK_INSTALL=1 -DCMAKE_INSTALL_PREFIX=/home/maxipis/lab2_ws/install/pkg_parte_1
[0.718s] DEBUG:colcon.colcon_core.event_handler.log_command:Invoking command in '/home/maxipis/lab2_ws/build/pkg_parte_2': CMAKE_PREFIX_PATH=${CMAKE_PREFIX_PATH}:/opt/ros/humble /usr/bin/cmake /home/maxipis/lab2_ws/src/pkg_parte_2 -DAMENT_CMAKE_SYMLINK_INSTALL=1 -DCMAKE_INSTALL_PREFIX=/home/maxipis/lab2_ws/install/pkg_parte_2
[0.723s] DEBUG:colcon.colcon_core.event_handler.log_command:Invoking command in '/home/maxipis/lab2_ws/build/pkg_parte_3': CMAKE_PREFIX_PATH=${CMAKE_PREFIX_PATH}:/opt/ros/humble /usr/bin/cmake /home/maxipis/lab2_ws/src/pkg_parte_3 -DAMENT_CMAKE_SYMLINK_INSTALL=1 -DCMAKE_INSTALL_PREFIX=/home/maxipis/lab2_ws/install/pkg_parte_3
[1.973s] DEBUG:colcon.colcon_core.event_handler.log_command:Invoked command in '/home/maxipis/lab2_ws/build/pkg_parte_2' returned '0': CMAKE_PREFIX_PATH=${CMAKE_PREFIX_PATH}:/opt/ros/humble /usr/bin/cmake /home/maxipis/lab2_ws/src/pkg_parte_2 -DAMENT_CMAKE_SYMLINK_INSTALL=1 -DCMAKE_INSTALL_PREFIX=/home/maxipis/lab2_ws/install/pkg_parte_2
[1.976s] DEBUG:colcon.colcon_core.event_handler.log_command:Invoking command in '/home/maxipis/lab2_ws/build/pkg_parte_2': CMAKE_PREFIX_PATH=${CMAKE_PREFIX_PATH}:/opt/ros/humble /usr/bin/cmake --build /home/maxipis/lab2_ws/build/pkg_parte_2 -- -j8 -l8
[1.978s] DEBUG:colcon.colcon_core.event_handler.log_command:Invoked command in '/home/maxipis/lab2_ws/build/pkg_parte_3' returned '0': CMAKE_PREFIX_PATH=${CMAKE_PREFIX_PATH}:/opt/ros/humble /usr/bin/cmake /home/maxipis/lab2_ws/src/pkg_parte_3 -DAMENT_CMAKE_SYMLINK_INSTALL=1 -DCMAKE_INSTALL_PREFIX=/home/maxipis/lab2_ws/install/pkg_parte_3
[1.980s] DEBUG:colcon.colcon_core.event_handler.log_command:Invoking command in '/home/maxipis/lab2_ws/build/pkg_parte_3': CMAKE_PREFIX_PATH=${CMAKE_PREFIX_PATH}:/opt/ros/humble /usr/bin/cmake --build /home/maxipis/lab2_ws/build/pkg_parte_3 -- -j8 -l8
[1.996s] DEBUG:colcon.colcon_core.event_handler.log_command:Invoked command in '/home/maxipis/lab2_ws/build/pkg_parte_1' returned '0': CMAKE_PREFIX_PATH=${CMAKE_PREFIX_PATH}:/opt/ros/humble /usr/bin/cmake /home/maxipis/lab2_ws/src/pkg_parte_1 -DAMENT_CMAKE_SYMLINK_INSTALL=1 -DCMAKE_INSTALL_PREFIX=/home/maxipis/lab2_ws/install/pkg_parte_1
[1.999s] DEBUG:colcon.colcon_core.event_handler.log_command:Invoking command in '/home/maxipis/lab2_ws/build/pkg_parte_1': CMAKE_PREFIX_PATH=${CMAKE_PREFIX_PATH}:/opt/ros/humble /usr/bin/cmake --build /home/maxipis/lab2_ws/build/pkg_parte_1 -- -j8 -l8
[2.005s] DEBUG:colcon.colcon_core.event_handler.log_command:Invoked command in '/home/maxipis/lab2_ws/build/pkg_parte_2' returned '0': CMAKE_PREFIX_PATH=${CMAKE_PREFIX_PATH}:/opt/ros/humble /usr/bin/cmake --build /home/maxipis/lab2_ws/build/pkg_parte_2 -- -j8 -l8
[2.016s] DEBUG:colcon.colcon_core.event_handler.log_command:Invoking command in '/home/maxipis/lab2_ws/build/pkg_parte_2': CMAKE_PREFIX_PATH=${CMAKE_PREFIX_PATH}:/opt/ros/humble /usr/bin/cmake --install /home/maxipis/lab2_ws/build/pkg_parte_2
[2.018s] DEBUG:colcon.colcon_core.event_handler.log_command:Invoked command in '/home/maxipis/lab2_ws/build/pkg_parte_3' returned '0': CMAKE_PREFIX_PATH=${CMAKE_PREFIX_PATH}:/opt/ros/humble /usr/bin/cmake --build /home/maxipis/lab2_ws/build/pkg_parte_3 -- -j8 -l8
[2.022s] DEBUG:colcon.colcon_core.event_handler.log_command:Invoking command in '/home/maxipis/lab2_ws/build/pkg_parte_3': CMAKE_PREFIX_PATH=${CMAKE_PREFIX_PATH}:/opt/ros/humble /usr/bin/cmake --install /home/maxipis/lab2_ws/build/pkg_parte_3
[2.032s] DEBUG:colcon.colcon_core.event_handler.log_command:Invoked command in '/home/maxipis/lab2_ws/build/pkg_parte_1' returned '0': CMAKE_PREFIX_PATH=${CMAKE_PREFIX_PATH}:/opt/ros/humble /usr/bin/cmake --build /home/maxipis/lab2_ws/build/pkg_parte_1 -- -j8 -l8
[2.034s] DEBUG:colcon.colcon_core.event_handler.log_command:Invoking command in '/home/maxipis/lab2_ws/build/pkg_parte_1': CMAKE_PREFIX_PATH=${CMAKE_PREFIX_PATH}:/opt/ros/humble /usr/bin/cmake --install /home/maxipis/lab2_ws/build/pkg_parte_1
[2.145s] Level 1:colcon.colcon_core.environment:create_environment_scripts_only(pkg_parte_2)
[2.146s] DEBUG:colcon.colcon_core.event_handler.log_command:Invoked command in '/home/maxipis/lab2_ws/build/pkg_parte_2' returned '0': CMAKE_PREFIX_PATH=${CMAKE_PREFIX_PATH}:/opt/ros/humble /usr/bin/cmake --install /home/maxipis/lab2_ws/build/pkg_parte_2
[2.154s] Level 1:colcon.colcon_core.environment:checking '/home/maxipis/lab2_ws/install/pkg_parte_2' for CMake module files
[2.154s] Level 1:colcon.colcon_core.environment:checking '/home/maxipis/lab2_ws/install/pkg_parte_2' for CMake config files
[2.154s] Level 1:colcon.colcon_core.shell:create_environment_hook('pkg_parte_2', 'cmake_prefix_path')
[2.155s] INFO:colcon.colcon_core.shell:Creating environment hook '/home/maxipis/lab2_ws/install/pkg_parte_2/share/pkg_parte_2/hook/cmake_prefix_path.ps1'
[2.156s] INFO:colcon.colcon_core.shell:Creating environment descriptor '/home/maxipis/lab2_ws/install/pkg_parte_2/share/pkg_parte_2/hook/cmake_prefix_path.dsv'
[2.157s] INFO:colcon.colcon_core.shell:Creating environment hook '/home/maxipis/lab2_ws/install/pkg_parte_2/share/pkg_parte_2/hook/cmake_prefix_path.sh'
[2.158s] Level 1:colcon.colcon_core.environment:checking '/home/maxipis/lab2_ws/install/pkg_parte_2/bin'
[2.158s] Level 1:colcon.colcon_core.environment:checking '/home/maxipis/lab2_ws/install/pkg_parte_2/lib/pkgconfig/pkg_parte_2.pc'
[2.158s] Level 1:colcon.colcon_core.environment:checking '/home/maxipis/lab2_ws/install/pkg_parte_2/lib/python3.10/site-packages'
[2.158s] Level 1:colcon.colcon_core.environment:checking '/home/maxipis/lab2_ws/install/pkg_parte_2/bin'
[2.159s] INFO:colcon.colcon_core.shell:Creating package script '/home/maxipis/lab2_ws/install/pkg_parte_2/share/pkg_parte_2/package.ps1'
[2.160s] INFO:colcon.colcon_core.shell:Creating package descriptor '/home/maxipis/lab2_ws/install/pkg_parte_2/share/pkg_parte_2/package.dsv'
[2.161s] INFO:colcon.colcon_core.shell:Creating package script '/home/maxipis/lab2_ws/install/pkg_parte_2/share/pkg_parte_2/package.sh'
[2.162s] INFO:colcon.colcon_core.shell:Creating package script '/home/maxipis/lab2_ws/install/pkg_parte_2/share/pkg_parte_2/package.bash'
[2.163s] INFO:colcon.colcon_core.shell:Creating package script '/home/maxipis/lab2_ws/install/pkg_parte_2/share/pkg_parte_2/package.zsh'
[2.164s] Level 1:colcon.colcon_core.environment:create_file_with_runtime_dependencies(/home/maxipis/lab2_ws/install/pkg_parte_2/share/colcon-core/packages/pkg_parte_2)
[2.165s] Level 1:colcon.colcon_core.environment:create_environment_scripts_only(pkg_parte_2)
[2.165s] Level 1:colcon.colcon_core.environment:checking '/home/maxipis/lab2_ws/install/pkg_parte_2' for CMake module files
[2.165s] Level 1:colcon.colcon_core.environment:checking '/home/maxipis/lab2_ws/install/pkg_parte_2' for CMake config files
[2.165s] Level 1:colcon.colcon_core.shell:create_environment_hook('pkg_parte_2', 'cmake_prefix_path')
[2.166s] INFO:colcon.colcon_core.shell:Creating environment hook '/home/maxipis/lab2_ws/install/pkg_parte_2/share/pkg_parte_2/hook/cmake_prefix_path.ps1'
[2.166s] INFO:colcon.colcon_core.shell:Creating environment descriptor '/home/maxipis/lab2_ws/install/pkg_parte_2/share/pkg_parte_2/hook/cmake_prefix_path.dsv'
[2.166s] INFO:colcon.colcon_core.shell:Creating environment hook '/home/maxipis/lab2_ws/install/pkg_parte_2/share/pkg_parte_2/hook/cmake_prefix_path.sh'
[2.167s] Level 1:colcon.colcon_core.environment:checking '/home/maxipis/lab2_ws/install/pkg_parte_2/bin'
[2.167s] Level 1:colcon.colcon_core.environment:checking '/home/maxipis/lab2_ws/install/pkg_parte_2/lib/pkgconfig/pkg_parte_2.pc'
[2.167s] Level 1:colcon.colcon_core.environment:checking '/home/maxipis/lab2_ws/install/pkg_parte_2/lib/python3.10/site-packages'
[2.167s] Level 1:colcon.colcon_core.environment:checking '/home/maxipis/lab2_ws/install/pkg_parte_2/bin'
[2.167s] INFO:colcon.colcon_core.shell:Creating package script '/home/maxipis/lab2_ws/install/pkg_parte_2/share/pkg_parte_2/package.ps1'
[2.168s] INFO:colcon.colcon_core.shell:Creating package descriptor '/home/maxipis/lab2_ws/install/pkg_parte_2/share/pkg_parte_2/package.dsv'
[2.168s] INFO:colcon.colcon_core.shell:Creating package script '/home/maxipis/lab2_ws/install/pkg_parte_2/share/pkg_parte_2/package.sh'
[2.168s] INFO:colcon.colcon_core.shell:Creating package script '/home/maxipis/lab2_ws/install/pkg_parte_2/share/pkg_parte_2/package.bash'
[2.169s] INFO:colcon.colcon_core.shell:Creating package script '/home/maxipis/lab2_ws/install/pkg_parte_2/share/pkg_parte_2/package.zsh'
[2.169s] Level 1:colcon.colcon_core.environment:create_file_with_runtime_dependencies(/home/maxipis/lab2_ws/install/pkg_parte_2/share/colcon-core/packages/pkg_parte_2)
[2.171s] Level 1:colcon.colcon_core.environment:create_environment_scripts_only(pkg_parte_3)
[2.171s] Level 1:colcon.colcon_core.environment:checking '/home/maxipis/lab2_ws/install/pkg_parte_3' for CMake module files
[2.172s] DEBUG:colcon.colcon_core.event_handler.log_command:Invoked command in '/home/maxipis/lab2_ws/build/pkg_parte_3' returned '0': CMAKE_PREFIX_PATH=${CMAKE_PREFIX_PATH}:/opt/ros/humble /usr/bin/cmake --install /home/maxipis/lab2_ws/build/pkg_parte_3
[2.172s] Level 1:colcon.colcon_core.environment:checking '/home/maxipis/lab2_ws/install/pkg_parte_3' for CMake config files
[2.172s] Level 1:colcon.colcon_core.shell:create_environment_hook('pkg_parte_3', 'cmake_prefix_path')
[2.172s] INFO:colcon.colcon_core.shell:Creating environment hook '/home/maxipis/lab2_ws/install/pkg_parte_3/share/pkg_parte_3/hook/cmake_prefix_path.ps1'
[2.173s] INFO:colcon.colcon_core.shell:Creating environment descriptor '/home/maxipis/lab2_ws/install/pkg_parte_3/share/pkg_parte_3/hook/cmake_prefix_path.dsv'
[2.173s] INFO:colcon.colcon_core.shell:Creating environment hook '/home/maxipis/lab2_ws/install/pkg_parte_3/share/pkg_parte_3/hook/cmake_prefix_path.sh'
[2.173s] Level 1:colcon.colcon_core.environment:checking '/home/maxipis/lab2_ws/install/pkg_parte_3/bin'
[2.173s] Level 1:colcon.colcon_core.environment:checking '/home/maxipis/lab2_ws/install/pkg_parte_3/lib/pkgconfig/pkg_parte_3.pc'
[2.173s] Level 1:colcon.colcon_core.environment:checking '/home/maxipis/lab2_ws/install/pkg_parte_3/lib/python3.10/site-packages'
[2.174s] Level 1:colcon.colcon_core.environment:checking '/home/maxipis/lab2_ws/install/pkg_parte_3/bin'
[2.174s] INFO:colcon.colcon_core.shell:Creating package script '/home/maxipis/lab2_ws/install/pkg_parte_3/share/pkg_parte_3/package.ps1'
[2.174s] INFO:colcon.colcon_core.shell:Creating package descriptor '/home/maxipis/lab2_ws/install/pkg_parte_3/share/pkg_parte_3/package.dsv'
[2.175s] INFO:colcon.colcon_core.shell:Creating package script '/home/maxipis/lab2_ws/install/pkg_parte_3/share/pkg_parte_3/package.sh'
[2.175s] INFO:colcon.colcon_core.shell:Creating package script '/home/maxipis/lab2_ws/install/pkg_parte_3/share/pkg_parte_3/package.bash'
[2.175s] INFO:colcon.colcon_core.shell:Creating package script '/home/maxipis/lab2_ws/install/pkg_parte_3/share/pkg_parte_3/package.zsh'
[2.176s] Level 1:colcon.colcon_core.environment:create_file_with_runtime_dependencies(/home/maxipis/lab2_ws/install/pkg_parte_3/share/colcon-core/packages/pkg_parte_3)
[2.176s] Level 1:colcon.colcon_core.environment:create_environment_scripts_only(pkg_parte_3)
[2.177s] Level 1:colcon.colcon_core.environment:checking '/home/maxipis/lab2_ws/install/pkg_parte_3' for CMake module files
[2.177s] Level 1:colcon.colcon_core.environment:checking '/home/maxipis/lab2_ws/install/pkg_parte_3' for CMake config files
[2.177s] Level 1:colcon.colcon_core.shell:create_environment_hook('pkg_parte_3', 'cmake_prefix_path')
[2.177s] INFO:colcon.colcon_core.shell:Creating environment hook '/home/maxipis/lab2_ws/install/pkg_parte_3/share/pkg_parte_3/hook/cmake_prefix_path.ps1'
[2.177s] INFO:colcon.colcon_core.shell:Creating environment descriptor '/home/maxipis/lab2_ws/install/pkg_parte_3/share/pkg_parte_3/hook/cmake_prefix_path.dsv'
[2.178s] INFO:colcon.colcon_core.shell:Creating environment hook '/home/maxipis/lab2_ws/install/pkg_parte_3/share/pkg_parte_3/hook/cmake_prefix_path.sh'
[2.178s] Level 1:colcon.colcon_core.environment:checking '/home/maxipis/lab2_ws/install/pkg_parte_3/bin'
[2.179s] Level 1:colcon.colcon_core.environment:checking '/home/maxipis/lab2_ws/install/pkg_parte_3/lib/pkgconfig/pkg_parte_3.pc'
[2.179s] Level 1:colcon.colcon_core.environment:checking '/home/maxipis/lab2_ws/install/pkg_parte_3/lib/python3.10/site-packages'
[2.179s] Level 1:colcon.colcon_core.environment:checking '/home/maxipis/lab2_ws/install/pkg_parte_3/bin'
[2.179s] INFO:colcon.colcon_core.shell:Creating package script '/home/maxipis/lab2_ws/install/pkg_parte_3/share/pkg_parte_3/package.ps1'
[2.180s] INFO:colcon.colcon_core.shell:Creating package descriptor '/home/maxipis/lab2_ws/install/pkg_parte_3/share/pkg_parte_3/package.dsv'
[2.180s] INFO:colcon.colcon_core.shell:Creating package script '/home/maxipis/lab2_ws/install/pkg_parte_3/share/pkg_parte_3/package.sh'
[2.181s] INFO:colcon.colcon_core.shell:Creating package script '/home/maxipis/lab2_ws/install/pkg_parte_3/share/pkg_parte_3/package.bash'
[2.181s] INFO:colcon.colcon_core.shell:Creating package script '/home/maxipis/lab2_ws/install/pkg_parte_3/share/pkg_parte_3/package.zsh'
[2.182s] Level 1:colcon.colcon_core.environment:create_file_with_runtime_dependencies(/home/maxipis/lab2_ws/install/pkg_parte_3/share/colcon-core/packages/pkg_parte_3)
[2.182s] Level 1:colcon.colcon_core.environment:create_environment_scripts_only(pkg_parte_1)
[2.183s] Level 1:colcon.colcon_core.environment:checking '/home/maxipis/lab2_ws/install/pkg_parte_1' for CMake module files
[2.183s] DEBUG:colcon.colcon_core.event_handler.log_command:Invoked command in '/home/maxipis/lab2_ws/build/pkg_parte_1' returned '0': CMAKE_PREFIX_PATH=${CMAKE_PREFIX_PATH}:/opt/ros/humble /usr/bin/cmake --install /home/maxipis/lab2_ws/build/pkg_parte_1
[2.184s] Level 1:colcon.colcon_core.environment:checking '/home/maxipis/lab2_ws/install/pkg_parte_1' for CMake config files
[2.184s] Level 1:colcon.colcon_core.shell:create_environment_hook('pkg_parte_1', 'cmake_prefix_path')
[2.184s] INFO:colcon.colcon_core.shell:Creating environment hook '/home/maxipis/lab2_ws/install/pkg_parte_1/share/pkg_parte_1/hook/cmake_prefix_path.ps1'
[2.184s] INFO:colcon.colcon_core.shell:Creating environment descriptor '/home/maxipis/lab2_ws/install/pkg_parte_1/share/pkg_parte_1/hook/cmake_prefix_path.dsv'
[2.185s] INFO:colcon.colcon_core.shell:Creating environment hook '/home/maxipis/lab2_ws/install/pkg_parte_1/share/pkg_parte_1/hook/cmake_prefix_path.sh'
[2.185s] Level 1:colcon.colcon_core.environment:checking '/home/maxipis/lab2_ws/install/pkg_parte_1/bin'
[2.185s] Level 1:colcon.colcon_core.environment:checking '/home/maxipis/lab2_ws/install/pkg_parte_1/lib/pkgconfig/pkg_parte_1.pc'
[2.185s] Level 1:colcon.colcon_core.environment:checking '/home/maxipis/lab2_ws/install/pkg_parte_1/lib/python3.10/site-packages'
[2.186s] Level 1:colcon.colcon_core.environment:checking '/home/maxipis/lab2_ws/install/pkg_parte_1/bin'
[2.186s] INFO:colcon.colcon_core.shell:Creating package script '/home/maxipis/lab2_ws/install/pkg_parte_1/share/pkg_parte_1/package.ps1'
[2.186s] INFO:colcon.colcon_core.shell:Creating package descriptor '/home/maxipis/lab2_ws/install/pkg_parte_1/share/pkg_parte_1/package.dsv'
[2.186s] INFO:colcon.colcon_core.shell:Creating package script '/home/maxipis/lab2_ws/install/pkg_parte_1/share/pkg_parte_1/package.sh'
[2.187s] INFO:colcon.colcon_core.shell:Creating package script '/home/maxipis/lab2_ws/install/pkg_parte_1/share/pkg_parte_1/package.bash'
[2.187s] INFO:colcon.colcon_core.shell:Creating package script '/home/maxipis/lab2_ws/install/pkg_parte_1/share/pkg_parte_1/package.zsh'
[2.187s] Level 1:colcon.colcon_core.environment:create_file_with_runtime_dependencies(/home/maxipis/lab2_ws/install/pkg_parte_1/share/colcon-core/packages/pkg_parte_1)
[2.188s] Level 1:colcon.colcon_core.environment:create_environment_scripts_only(pkg_parte_1)
[2.188s] Level 1:colcon.colcon_core.environment:checking '/home/maxipis/lab2_ws/install/pkg_parte_1' for CMake module files
[2.188s] Level 1:colcon.colcon_core.environment:checking '/home/maxipis/lab2_ws/install/pkg_parte_1' for CMake config files
[2.189s] Level 1:colcon.colcon_core.shell:create_environment_hook('pkg_parte_1', 'cmake_prefix_path')
[2.189s] INFO:colcon.colcon_core.shell:Creating environment hook '/home/maxipis/lab2_ws/install/pkg_parte_1/share/pkg_parte_1/hook/cmake_prefix_path.ps1'
[2.189s] INFO:colcon.colcon_core.shell:Creating environment descriptor '/home/maxipis/lab2_ws/install/pkg_parte_1/share/pkg_parte_1/hook/cmake_prefix_path.dsv'
[2.190s] INFO:colcon.colcon_core.shell:Creating environment hook '/home/maxipis/lab2_ws/install/pkg_parte_1/share/pkg_parte_1/hook/cmake_prefix_path.sh'
[2.191s] Level 1:colcon.colcon_core.environment:checking '/home/maxipis/lab2_ws/install/pkg_parte_1/bin'
[2.191s] Level 1:colcon.colcon_core.environment:checking '/home/maxipis/lab2_ws/install/pkg_parte_1/lib/pkgconfig/pkg_parte_1.pc'
[2.191s] Level 1:colcon.colcon_core.environment:checking '/home/maxipis/lab2_ws/install/pkg_parte_1/lib/python3.10/site-packages'
[2.191s] Level 1:colcon.colcon_core.environment:checking '/home/maxipis/lab2_ws/install/pkg_parte_1/bin'
[2.191s] INFO:colcon.colcon_core.shell:Creating package script '/home/maxipis/lab2_ws/install/pkg_parte_1/share/pkg_parte_1/package.ps1'
[2.192s] INFO:colcon.colcon_core.shell:Creating package descriptor '/home/maxipis/lab2_ws/install/pkg_parte_1/share/pkg_parte_1/package.dsv'
[2.192s] INFO:colcon.colcon_core.shell:Creating package script '/home/maxipis/lab2_ws/install/pkg_parte_1/share/pkg_parte_1/package.sh'
[2.193s] INFO:colcon.colcon_core.shell:Creating package script '/home/maxipis/lab2_ws/install/pkg_parte_1/share/pkg_parte_1/package.bash'
[2.193s] INFO:colcon.colcon_core.shell:Creating package script '/home/maxipis/lab2_ws/install/pkg_parte_1/share/pkg_parte_1/package.zsh'
[2.194s] Level 1:colcon.colcon_core.environment:create_file_with_runtime_dependencies(/home/maxipis/lab2_ws/install/pkg_parte_1/share/colcon-core/packages/pkg_parte_1)
[2.194s] DEBUG:colcon.colcon_parallel_executor.executor.parallel:closing loop
[2.195s] DEBUG:colcon.colcon_parallel_executor.executor.parallel:loop closed
[2.195s] DEBUG:colcon.colcon_parallel_executor.executor.parallel:run_until_complete finished with '0'
[2.195s] DEBUG:colcon.colcon_core.event_reactor:joining thread
[2.230s] INFO:colcon.colcon_core.plugin_system:Skipping extension 'colcon_notification.desktop_notification.notify_send': Could not find 'notify-send'
[2.230s] INFO:colcon.colcon_core.plugin_system:Skipping extension 'colcon_notification.desktop_notification.terminal_notifier': Not used on non-Darwin systems
[2.230s] INFO:colcon.colcon_core.plugin_system:Skipping extension 'colcon_notification.desktop_notification.win32': Not used on non-Windows systems
[2.230s] INFO:colcon.colcon_notification.desktop_notification:Sending desktop notification using 'notify2'
[2.231s] DEBUG:colcon.colcon_notification.desktop_notification.notify2:Failed to initialize notify2: org.freedesktop.DBus.Error.FileNotFound: Failed to connect to socket /run/user/1000/bus: No such file or directory
[2.231s] DEBUG:colcon.colcon_core.event_reactor:joined thread
[2.231s] INFO:colcon.colcon_core.shell:Creating prefix script '/home/maxipis/lab2_ws/install/local_setup.ps1'
[2.233s] INFO:colcon.colcon_core.shell:Creating prefix util module '/home/maxipis/lab2_ws/install/_local_setup_util_ps1.py'
[2.234s] INFO:colcon.colcon_core.shell:Creating prefix chain script '/home/maxipis/lab2_ws/install/setup.ps1'
[2.235s] INFO:colcon.colcon_core.shell:Creating prefix script '/home/maxipis/lab2_ws/install/local_setup.sh'
[2.236s] INFO:colcon.colcon_core.shell:Creating prefix util module '/home/maxipis/lab2_ws/install/_local_setup_util_sh.py'
[2.236s] INFO:colcon.colcon_core.shell:Creating prefix chain script '/home/maxipis/lab2_ws/install/setup.sh'
[2.238s] INFO:colcon.colcon_core.shell:Creating prefix script '/home/maxipis/lab2_ws/install/local_setup.bash'
[2.239s] INFO:colcon.colcon_core.shell:Creating prefix chain script '/home/maxipis/lab2_ws/install/setup.bash'
[2.241s] INFO:colcon.colcon_core.shell:Creating prefix script '/home/maxipis/lab2_ws/install/local_setup.zsh'
[2.242s] INFO:colcon.colcon_core.shell:Creating prefix chain script '/home/maxipis/lab2_ws/install/setup.zsh'
