[0.050s] Invoking command in '/home/maxipis/lab2_ws/build/pkg_parte_3': CMAKE_PREFIX_PATH=${CMAKE_PREFIX_PATH}:/opt/ros/humble /usr/bin/cmake --build /home/maxipis/lab2_ws/build/pkg_parte_3 -- -j8 -l8
[0.257s] Invoked command in '/home/maxipis/lab2_ws/build/pkg_parte_3' returned '0': CMAKE_PREFIX_PATH=${CMAKE_PREFIX_PATH}:/opt/ros/humble /usr/bin/cmake --build /home/maxipis/lab2_ws/build/pkg_parte_3 -- -j8 -l8
[0.262s] Invoking command in '/home/maxipis/lab2_ws/build/pkg_parte_3': CMAKE_PREFIX_PATH=${CMAKE_PREFIX_PATH}:/opt/ros/humble /usr/bin/cmake --install /home/maxipis/lab2_ws/build/pkg_parte_3
[0.272s] -- Install configuration: ""
[0.273s] -- Execute custom install script
[0.273s] -- Up-to-date symlink: /home/maxipis/lab2_ws/install/pkg_parte_3/share/ament_index/resource_index/package_run_dependencies/pkg_parte_3
[0.274s] -- Up-to-date symlink: /home/maxipis/lab2_ws/install/pkg_parte_3/share/ament_index/resource_index/parent_prefix_path/pkg_parte_3
[0.275s] -- Up-to-date symlink: /home/maxipis/lab2_ws/install/pkg_parte_3/share/pkg_parte_3/environment/ament_prefix_path.sh
[0.275s] -- Up-to-date symlink: /home/maxipis/lab2_ws/install/pkg_parte_3/share/pkg_parte_3/environment/ament_prefix_path.dsv
[0.275s] -- Up-to-date symlink: /home/maxipis/lab2_ws/install/pkg_parte_3/share/pkg_parte_3/environment/path.sh
[0.275s] -- Up-to-date symlink: /home/maxipis/lab2_ws/install/pkg_parte_3/share/pkg_parte_3/environment/path.dsv
[0.275s] -- Up-to-date symlink: /home/maxipis/lab2_ws/install/pkg_parte_3/share/pkg_parte_3/local_setup.bash
[0.275s] -- Up-to-date symlink: /home/maxipis/lab2_ws/install/pkg_parte_3/share/pkg_parte_3/local_setup.sh
[0.275s] -- Up-to-date symlink: /home/maxipis/lab2_ws/install/pkg_parte_3/share/pkg_parte_3/local_setup.zsh
[0.276s] -- Up-to-date symlink: /home/maxipis/lab2_ws/install/pkg_parte_3/share/pkg_parte_3/local_setup.dsv
[0.276s] -- Symlinking: /home/maxipis/lab2_ws/install/pkg_parte_3/share/pkg_parte_3/package.dsv
[0.292s] -- Up-to-date symlink: /home/maxipis/lab2_ws/install/pkg_parte_3/share/ament_index/resource_index/packages/pkg_parte_3
[0.293s] -- Up-to-date symlink: /home/maxipis/lab2_ws/install/pkg_parte_3/share/pkg_parte_3/cmake/pkg_parte_3Config.cmake
[0.294s] -- Up-to-date symlink: /home/maxipis/lab2_ws/install/pkg_parte_3/share/pkg_parte_3/cmake/pkg_parte_3Config-version.cmake
[0.294s] -- Up-to-date symlink: /home/maxipis/lab2_ws/install/pkg_parte_3/share/pkg_parte_3/package.xml
[0.358s] Invoked command in '/home/maxipis/lab2_ws/build/pkg_parte_3' returned '0': CMAKE_PREFIX_PATH=${CMAKE_PREFIX_PATH}:/opt/ros/humble /usr/bin/cmake --install /home/maxipis/lab2_ws/build/pkg_parte_3
