[0.217s] DEBUG:colcon:Command line arguments: ['/usr/bin/colcon', 'build', '--symlink-install']
[0.217s] DEBUG:colcon:Parsed command line arguments: Namespace(log_base=None, log_level=None, verb_name='build', build_base='build', install_base='install', merge_install=False, symlink_install=True, test_result_base=None, continue_on_error=False, executor='parallel', parallel_workers=8, event_handlers=None, ignore_user_meta=False, metas=['./colcon.meta'], base_paths=['.'], packages_ignore=None, packages_ignore_regex=None, paths=None, packages_up_to=None, packages_up_to_regex=None, packages_above=None, packages_above_and_dependencies=None, packages_above_depth=None, packages_select_by_dep=None, packages_skip_by_dep=None, packages_skip_up_to=None, packages_select_build_failed=False, packages_skip_build_finished=False, packages_select_test_failures=False, packages_skip_test_passed=False, packages_select=None, packages_skip=None, packages_select_regex=None, packages_skip_regex=None, packages_start=None, packages_end=None, allow_overriding=[], cmake_args=None, cmake_target=None, cmake_target_skip_unavailable=False, cmake_clean_cache=False, cmake_clean_first=False, cmake_force_configure=False, ament_cmake_args=None, catkin_cmake_args=None, catkin_skip_building_tests=False, mixin_files=None, mixin=None, verb_parser=<colcon_mixin.mixin.mixin_argument.MixinArgumentDecorator object at 0x719fc5015e10>, verb_extension=<colcon_core.verb.build.BuildVerb object at 0x719fc50158a0>, main=<bound method BuildVerb.main of <colcon_core.verb.build.BuildVerb object at 0x719fc50158a0>>, mixin_verb=('build',))
[0.559s] Level 1:colcon.colcon_core.package_discovery:discover_packages(colcon_meta) check parameters
[0.559s] Level 1:colcon.colcon_core.package_discovery:discover_packages(recursive) check parameters
[0.559s] Level 1:colcon.colcon_core.package_discovery:discover_packages(ignore) check parameters
[0.559s] Level 1:colcon.colcon_core.package_discovery:discover_packages(path) check parameters
[0.559s] Level 1:colcon.colcon_core.package_discovery:discover_packages(colcon_meta) discover
[0.559s] Level 1:colcon.colcon_core.package_discovery:discover_packages(recursive) discover
[0.559s] INFO:colcon.colcon_core.package_discovery:Crawling recursively for packages in '/home/maxipis/lab2_ws'
[0.560s] Level 1:colcon.colcon_core.package_identification:_identify(.) by extensions ['ignore', 'ignore_ament_install']
[0.560s] Level 1:colcon.colcon_core.package_identification:_identify(.) by extension 'ignore'
[0.560s] Level 1:colcon.colcon_core.package_identification:_identify(.) by extension 'ignore_ament_install'
[0.560s] Level 1:colcon.colcon_core.package_identification:_identify(.) by extensions ['colcon_pkg']
[0.560s] Level 1:colcon.colcon_core.package_identification:_identify(.) by extension 'colcon_pkg'
[0.560s] Level 1:colcon.colcon_core.package_identification:_identify(.) by extensions ['colcon_meta']
[0.560s] Level 1:colcon.colcon_core.package_identification:_identify(.) by extension 'colcon_meta'
[0.560s] Level 1:colcon.colcon_core.package_identification:_identify(.) by extensions ['ros']
[0.560s] Level 1:colcon.colcon_core.package_identification:_identify(.) by extension 'ros'
[0.573s] Level 1:colcon.colcon_core.package_identification:_identify(.) by extensions ['cmake', 'python']
[0.573s] Level 1:colcon.colcon_core.package_identification:_identify(.) by extension 'cmake'
[0.573s] Level 1:colcon.colcon_core.package_identification:_identify(.) by extension 'python'
[0.573s] Level 1:colcon.colcon_core.package_identification:_identify(.) by extensions ['python_setup_py']
[0.573s] Level 1:colcon.colcon_core.package_identification:_identify(.) by extension 'python_setup_py'
[0.573s] Level 1:colcon.colcon_core.package_identification:_identify(build) by extensions ['ignore', 'ignore_ament_install']
[0.574s] Level 1:colcon.colcon_core.package_identification:_identify(build) by extension 'ignore'
[0.574s] Level 1:colcon.colcon_core.package_identification:_identify(build) ignored
[0.574s] Level 1:colcon.colcon_core.package_identification:_identify(install) by extensions ['ignore', 'ignore_ament_install']
[0.574s] Level 1:colcon.colcon_core.package_identification:_identify(install) by extension 'ignore'
[0.574s] Level 1:colcon.colcon_core.package_identification:_identify(install) ignored
[0.574s] Level 1:colcon.colcon_core.package_identification:_identify(log) by extensions ['ignore', 'ignore_ament_install']
[0.574s] Level 1:colcon.colcon_core.package_identification:_identify(log) by extension 'ignore'
[0.574s] Level 1:colcon.colcon_core.package_identification:_identify(log) ignored
[0.574s] Level 1:colcon.colcon_core.package_identification:_identify(src) by extensions ['ignore', 'ignore_ament_install']
[0.574s] Level 1:colcon.colcon_core.package_identification:_identify(src) by extension 'ignore'
[0.574s] Level 1:colcon.colcon_core.package_identification:_identify(src) by extension 'ignore_ament_install'
[0.574s] Level 1:colcon.colcon_core.package_identification:_identify(src) by extensions ['colcon_pkg']
[0.574s] Level 1:colcon.colcon_core.package_identification:_identify(src) by extension 'colcon_pkg'
[0.574s] Level 1:colcon.colcon_core.package_identification:_identify(src) by extensions ['colcon_meta']
[0.574s] Level 1:colcon.colcon_core.package_identification:_identify(src) by extension 'colcon_meta'
[0.574s] Level 1:colcon.colcon_core.package_identification:_identify(src) by extensions ['ros']
[0.574s] Level 1:colcon.colcon_core.package_identification:_identify(src) by extension 'ros'
[0.574s] Level 1:colcon.colcon_core.package_identification:_identify(src) by extensions ['cmake', 'python']
[0.575s] Level 1:colcon.colcon_core.package_identification:_identify(src) by extension 'cmake'
[0.575s] Level 1:colcon.colcon_core.package_identification:_identify(src) by extension 'python'
[0.575s] Level 1:colcon.colcon_core.package_identification:_identify(src) by extensions ['python_setup_py']
[0.575s] Level 1:colcon.colcon_core.package_identification:_identify(src) by extension 'python_setup_py'
[0.575s] Level 1:colcon.colcon_core.package_identification:_identify(src/pkg_parte_1) by extensions ['ignore', 'ignore_ament_install']
[0.575s] Level 1:colcon.colcon_core.package_identification:_identify(src/pkg_parte_1) by extension 'ignore'
[0.575s] Level 1:colcon.colcon_core.package_identification:_identify(src/pkg_parte_1) by extension 'ignore_ament_install'
[0.575s] Level 1:colcon.colcon_core.package_identification:_identify(src/pkg_parte_1) by extensions ['colcon_pkg']
[0.575s] Level 1:colcon.colcon_core.package_identification:_identify(src/pkg_parte_1) by extension 'colcon_pkg'
[0.575s] Level 1:colcon.colcon_core.package_identification:_identify(src/pkg_parte_1) by extensions ['colcon_meta']
[0.575s] Level 1:colcon.colcon_core.package_identification:_identify(src/pkg_parte_1) by extension 'colcon_meta'
[0.575s] Level 1:colcon.colcon_core.package_identification:_identify(src/pkg_parte_1) by extensions ['ros']
[0.575s] Level 1:colcon.colcon_core.package_identification:_identify(src/pkg_parte_1) by extension 'ros'
[0.579s] DEBUG:colcon.colcon_core.package_identification:Package 'src/pkg_parte_1' with type 'ros.ament_cmake' and name 'pkg_parte_1'
[0.579s] Level 1:colcon.colcon_core.package_identification:_identify(src/pkg_parte_2) by extensions ['ignore', 'ignore_ament_install']
[0.580s] Level 1:colcon.colcon_core.package_identification:_identify(src/pkg_parte_2) by extension 'ignore'
[0.580s] Level 1:colcon.colcon_core.package_identification:_identify(src/pkg_parte_2) by extension 'ignore_ament_install'
[0.580s] Level 1:colcon.colcon_core.package_identification:_identify(src/pkg_parte_2) by extensions ['colcon_pkg']
[0.580s] Level 1:colcon.colcon_core.package_identification:_identify(src/pkg_parte_2) by extension 'colcon_pkg'
[0.580s] Level 1:colcon.colcon_core.package_identification:_identify(src/pkg_parte_2) by extensions ['colcon_meta']
[0.580s] Level 1:colcon.colcon_core.package_identification:_identify(src/pkg_parte_2) by extension 'colcon_meta'
[0.580s] Level 1:colcon.colcon_core.package_identification:_identify(src/pkg_parte_2) by extensions ['ros']
[0.580s] Level 1:colcon.colcon_core.package_identification:_identify(src/pkg_parte_2) by extension 'ros'
[0.580s] DEBUG:colcon.colcon_core.package_identification:Package 'src/pkg_parte_2' with type 'ros.ament_cmake' and name 'pkg_parte_2'
[0.581s] Level 1:colcon.colcon_core.package_identification:_identify(src/pkg_parte_3) by extensions ['ignore', 'ignore_ament_install']
[0.581s] Level 1:colcon.colcon_core.package_identification:_identify(src/pkg_parte_3) by extension 'ignore'
[0.581s] Level 1:colcon.colcon_core.package_identification:_identify(src/pkg_parte_3) by extension 'ignore_ament_install'
[0.581s] Level 1:colcon.colcon_core.package_identification:_identify(src/pkg_parte_3) by extensions ['colcon_pkg']
[0.581s] Level 1:colcon.colcon_core.package_identification:_identify(src/pkg_parte_3) by extension 'colcon_pkg'
[0.581s] Level 1:colcon.colcon_core.package_identification:_identify(src/pkg_parte_3) by extensions ['colcon_meta']
[0.581s] Level 1:colcon.colcon_core.package_identification:_identify(src/pkg_parte_3) by extension 'colcon_meta'
[0.581s] Level 1:colcon.colcon_core.package_identification:_identify(src/pkg_parte_3) by extensions ['ros']
[0.581s] Level 1:colcon.colcon_core.package_identification:_identify(src/pkg_parte_3) by extension 'ros'
[0.581s] DEBUG:colcon.colcon_core.package_identification:Package 'src/pkg_parte_3' with type 'ros.ament_cmake' and name 'pkg_parte_3'
[0.581s] Level 1:colcon.colcon_core.package_discovery:discover_packages(recursive) using defaults
[0.581s] Level 1:colcon.colcon_core.package_discovery:discover_packages(ignore) discover
[0.581s] Level 1:colcon.colcon_core.package_discovery:discover_packages(ignore) using defaults
[0.581s] Level 1:colcon.colcon_core.package_discovery:discover_packages(path) discover
[0.581s] Level 1:colcon.colcon_core.package_discovery:discover_packages(path) using defaults
[0.623s] Level 1:colcon.colcon_core.package_discovery:discover_packages(prefix_path) check parameters
[0.623s] Level 1:colcon.colcon_core.package_discovery:discover_packages(prefix_path) discover
[0.634s] DEBUG:colcon.colcon_installed_package_information.package_discovery:Found 5 installed packages in /home/maxipis/ros2_ws/install
[0.635s] DEBUG:colcon.colcon_installed_package_information.package_discovery:Found 284 installed packages in /opt/ros/humble
[0.636s] Level 1:colcon.colcon_core.package_discovery:discover_packages(prefix_path) using defaults
[0.676s] Level 5:colcon.colcon_core.verb:set package 'pkg_parte_1' build argument 'cmake_args' from command line to 'None'
[0.676s] Level 5:colcon.colcon_core.verb:set package 'pkg_parte_1' build argument 'cmake_target' from command line to 'None'
[0.676s] Level 5:colcon.colcon_core.verb:set package 'pkg_parte_1' build argument 'cmake_target_skip_unavailable' from command line to 'False'
[0.676s] Level 5:colcon.colcon_core.verb:set package 'pkg_parte_1' build argument 'cmake_clean_cache' from command line to 'False'
[0.676s] Level 5:colcon.colcon_core.verb:set package 'pkg_parte_1' build argument 'cmake_clean_first' from command line to 'False'
[0.676s] Level 5:colcon.colcon_core.verb:set package 'pkg_parte_1' build argument 'cmake_force_configure' from command line to 'False'
[0.676s] Level 5:colcon.colcon_core.verb:set package 'pkg_parte_1' build argument 'ament_cmake_args' from command line to 'None'
[0.676s] Level 5:colcon.colcon_core.verb:set package 'pkg_parte_1' build argument 'catkin_cmake_args' from command line to 'None'
[0.676s] Level 5:colcon.colcon_core.verb:set package 'pkg_parte_1' build argument 'catkin_skip_building_tests' from command line to 'False'
[0.676s] DEBUG:colcon.colcon_core.verb:Building package 'pkg_parte_1' with the following arguments: {'ament_cmake_args': None, 'build_base': '/home/maxipis/lab2_ws/build/pkg_parte_1', 'catkin_cmake_args': None, 'catkin_skip_building_tests': False, 'cmake_args': None, 'cmake_clean_cache': False, 'cmake_clean_first': False, 'cmake_force_configure': False, 'cmake_target': None, 'cmake_target_skip_unavailable': False, 'install_base': '/home/maxipis/lab2_ws/install/pkg_parte_1', 'merge_install': False, 'path': '/home/maxipis/lab2_ws/src/pkg_parte_1', 'symlink_install': True, 'test_result_base': None}
[0.676s] Level 5:colcon.colcon_core.verb:set package 'pkg_parte_2' build argument 'cmake_args' from command line to 'None'
[0.676s] Level 5:colcon.colcon_core.verb:set package 'pkg_parte_2' build argument 'cmake_target' from command line to 'None'
[0.676s] Level 5:colcon.colcon_core.verb:set package 'pkg_parte_2' build argument 'cmake_target_skip_unavailable' from command line to 'False'
[0.676s] Level 5:colcon.colcon_core.verb:set package 'pkg_parte_2' build argument 'cmake_clean_cache' from command line to 'False'
[0.676s] Level 5:colcon.colcon_core.verb:set package 'pkg_parte_2' build argument 'cmake_clean_first' from command line to 'False'
[0.676s] Level 5:colcon.colcon_core.verb:set package 'pkg_parte_2' build argument 'cmake_force_configure' from command line to 'False'
[0.676s] Level 5:colcon.colcon_core.verb:set package 'pkg_parte_2' build argument 'ament_cmake_args' from command line to 'None'
[0.676s] Level 5:colcon.colcon_core.verb:set package 'pkg_parte_2' build argument 'catkin_cmake_args' from command line to 'None'
[0.676s] Level 5:colcon.colcon_core.verb:set package 'pkg_parte_2' build argument 'catkin_skip_building_tests' from command line to 'False'
[0.676s] DEBUG:colcon.colcon_core.verb:Building package 'pkg_parte_2' with the following arguments: {'ament_cmake_args': None, 'build_base': '/home/maxipis/lab2_ws/build/pkg_parte_2', 'catkin_cmake_args': None, 'catkin_skip_building_tests': False, 'cmake_args': None, 'cmake_clean_cache': False, 'cmake_clean_first': False, 'cmake_force_configure': False, 'cmake_target': None, 'cmake_target_skip_unavailable': False, 'install_base': '/home/maxipis/lab2_ws/install/pkg_parte_2', 'merge_install': False, 'path': '/home/maxipis/lab2_ws/src/pkg_parte_2', 'symlink_install': True, 'test_result_base': None}
[0.677s] Level 5:colcon.colcon_core.verb:set package 'pkg_parte_3' build argument 'cmake_args' from command line to 'None'
[0.677s] Level 5:colcon.colcon_core.verb:set package 'pkg_parte_3' build argument 'cmake_target' from command line to 'None'
[0.677s] Level 5:colcon.colcon_core.verb:set package 'pkg_parte_3' build argument 'cmake_target_skip_unavailable' from command line to 'False'
[0.677s] Level 5:colcon.colcon_core.verb:set package 'pkg_parte_3' build argument 'cmake_clean_cache' from command line to 'False'
[0.677s] Level 5:colcon.colcon_core.verb:set package 'pkg_parte_3' build argument 'cmake_clean_first' from command line to 'False'
[0.677s] Level 5:colcon.colcon_core.verb:set package 'pkg_parte_3' build argument 'cmake_force_configure' from command line to 'False'
[0.677s] Level 5:colcon.colcon_core.verb:set package 'pkg_parte_3' build argument 'ament_cmake_args' from command line to 'None'
[0.677s] Level 5:colcon.colcon_core.verb:set package 'pkg_parte_3' build argument 'catkin_cmake_args' from command line to 'None'
[0.677s] Level 5:colcon.colcon_core.verb:set package 'pkg_parte_3' build argument 'catkin_skip_building_tests' from command line to 'False'
[0.677s] DEBUG:colcon.colcon_core.verb:Building package 'pkg_parte_3' with the following arguments: {'ament_cmake_args': None, 'build_base': '/home/maxipis/lab2_ws/build/pkg_parte_3', 'catkin_cmake_args': None, 'catkin_skip_building_tests': False, 'cmake_args': None, 'cmake_clean_cache': False, 'cmake_clean_first': False, 'cmake_force_configure': False, 'cmake_target': None, 'cmake_target_skip_unavailable': False, 'install_base': '/home/maxipis/lab2_ws/install/pkg_parte_3', 'merge_install': False, 'path': '/home/maxipis/lab2_ws/src/pkg_parte_3', 'symlink_install': True, 'test_result_base': None}
[0.677s] INFO:colcon.colcon_core.executor:Executing jobs using 'parallel' executor
[0.678s] DEBUG:colcon.colcon_parallel_executor.executor.parallel:run_until_complete
[0.678s] INFO:colcon.colcon_ros.task.ament_cmake.build:Building ROS package in '/home/maxipis/lab2_ws/src/pkg_parte_1' with build type 'ament_cmake'
[0.678s] INFO:colcon.colcon_cmake.task.cmake.build:Building CMake package in '/home/maxipis/lab2_ws/src/pkg_parte_1'
[0.688s] INFO:colcon.colcon_core.plugin_system:Skipping extension 'colcon_core.shell.bat': Not used on non-Windows systems
[0.688s] INFO:colcon.colcon_core.shell:Skip shell extension 'powershell' for command environment: Not usable outside of PowerShell
[0.688s] DEBUG:colcon.colcon_core.shell:Skip shell extension 'dsv' for command environment
[0.693s] INFO:colcon.colcon_ros.task.ament_cmake.build:Building ROS package in '/home/maxipis/lab2_ws/src/pkg_parte_2' with build type 'ament_cmake'
[0.693s] INFO:colcon.colcon_cmake.task.cmake.build:Building CMake package in '/home/maxipis/lab2_ws/src/pkg_parte_2'
[0.694s] INFO:colcon.colcon_core.shell:Skip shell extension 'powershell' for command environment: Not usable outside of PowerShell
[0.694s] DEBUG:colcon.colcon_core.shell:Skip shell extension 'dsv' for command environment
[0.699s] INFO:colcon.colcon_ros.task.ament_cmake.build:Building ROS package in '/home/maxipis/lab2_ws/src/pkg_parte_3' with build type 'ament_cmake'
[0.699s] INFO:colcon.colcon_cmake.task.cmake.build:Building CMake package in '/home/maxipis/lab2_ws/src/pkg_parte_3'
[0.699s] INFO:colcon.colcon_core.shell:Skip shell extension 'powershell' for command environment: Not usable outside of PowerShell
[0.699s] DEBUG:colcon.colcon_core.shell:Skip shell extension 'dsv' for command environment
[0.712s] DEBUG:colcon.colcon_core.event_handler.log_command:Invoking command in '/home/maxipis/lab2_ws/build/pkg_parte_1': CMAKE_PREFIX_PATH=${CMAKE_PREFIX_PATH}:/opt/ros/humble /usr/bin/cmake --build /home/maxipis/lab2_ws/build/pkg_parte_1 -- -j8 -l8
[0.720s] DEBUG:colcon.colcon_core.event_handler.log_command:Invoking command in '/home/maxipis/lab2_ws/build/pkg_parte_2': CMAKE_PREFIX_PATH=${CMAKE_PREFIX_PATH}:/opt/ros/humble /usr/bin/cmake --build /home/maxipis/lab2_ws/build/pkg_parte_2 -- -j8 -l8
[0.725s] DEBUG:colcon.colcon_core.event_handler.log_command:Invoking command in '/home/maxipis/lab2_ws/build/pkg_parte_3': CMAKE_PREFIX_PATH=${CMAKE_PREFIX_PATH}:/opt/ros/humble /usr/bin/cmake --build /home/maxipis/lab2_ws/build/pkg_parte_3 -- -j8 -l8
[0.761s] DEBUG:colcon.colcon_core.event_handler.log_command:Invoked command in '/home/maxipis/lab2_ws/build/pkg_parte_1' returned '0': CMAKE_PREFIX_PATH=${CMAKE_PREFIX_PATH}:/opt/ros/humble /usr/bin/cmake --build /home/maxipis/lab2_ws/build/pkg_parte_1 -- -j8 -l8
[0.770s] DEBUG:colcon.colcon_core.event_handler.log_command:Invoking command in '/home/maxipis/lab2_ws/build/pkg_parte_1': CMAKE_PREFIX_PATH=${CMAKE_PREFIX_PATH}:/opt/ros/humble /usr/bin/cmake --install /home/maxipis/lab2_ws/build/pkg_parte_1
[0.771s] DEBUG:colcon.colcon_core.event_handler.log_command:Invoked command in '/home/maxipis/lab2_ws/build/pkg_parte_2' returned '0': CMAKE_PREFIX_PATH=${CMAKE_PREFIX_PATH}:/opt/ros/humble /usr/bin/cmake --build /home/maxipis/lab2_ws/build/pkg_parte_2 -- -j8 -l8
[0.775s] DEBUG:colcon.colcon_core.event_handler.log_command:Invoking command in '/home/maxipis/lab2_ws/build/pkg_parte_2': CMAKE_PREFIX_PATH=${CMAKE_PREFIX_PATH}:/opt/ros/humble /usr/bin/cmake --install /home/maxipis/lab2_ws/build/pkg_parte_2
[0.793s] Level 1:colcon.colcon_core.environment:create_environment_scripts_only(pkg_parte_1)
[0.794s] DEBUG:colcon.colcon_core.event_handler.log_command:Invoked command in '/home/maxipis/lab2_ws/build/pkg_parte_1' returned '0': CMAKE_PREFIX_PATH=${CMAKE_PREFIX_PATH}:/opt/ros/humble /usr/bin/cmake --install /home/maxipis/lab2_ws/build/pkg_parte_1
[0.807s] Level 1:colcon.colcon_core.environment:checking '/home/maxipis/lab2_ws/install/pkg_parte_1' for CMake module files
[0.808s] Level 1:colcon.colcon_core.environment:checking '/home/maxipis/lab2_ws/install/pkg_parte_1' for CMake config files
[0.808s] Level 1:colcon.colcon_core.shell:create_environment_hook('pkg_parte_1', 'cmake_prefix_path')
[0.808s] INFO:colcon.colcon_core.shell:Creating environment hook '/home/maxipis/lab2_ws/install/pkg_parte_1/share/pkg_parte_1/hook/cmake_prefix_path.ps1'
[0.810s] INFO:colcon.colcon_core.shell:Creating environment descriptor '/home/maxipis/lab2_ws/install/pkg_parte_1/share/pkg_parte_1/hook/cmake_prefix_path.dsv'
[0.811s] INFO:colcon.colcon_core.shell:Creating environment hook '/home/maxipis/lab2_ws/install/pkg_parte_1/share/pkg_parte_1/hook/cmake_prefix_path.sh'
[0.813s] Level 1:colcon.colcon_core.environment:checking '/home/maxipis/lab2_ws/install/pkg_parte_1/bin'
[0.813s] Level 1:colcon.colcon_core.environment:checking '/home/maxipis/lab2_ws/install/pkg_parte_1/lib/pkgconfig/pkg_parte_1.pc'
[0.813s] Level 1:colcon.colcon_core.environment:checking '/home/maxipis/lab2_ws/install/pkg_parte_1/lib/python3.10/site-packages'
[0.814s] Level 1:colcon.colcon_core.environment:checking '/home/maxipis/lab2_ws/install/pkg_parte_1/bin'
[0.814s] INFO:colcon.colcon_core.shell:Creating package script '/home/maxipis/lab2_ws/install/pkg_parte_1/share/pkg_parte_1/package.ps1'
[0.815s] INFO:colcon.colcon_core.shell:Creating package descriptor '/home/maxipis/lab2_ws/install/pkg_parte_1/share/pkg_parte_1/package.dsv'
[0.816s] INFO:colcon.colcon_core.shell:Creating package script '/home/maxipis/lab2_ws/install/pkg_parte_1/share/pkg_parte_1/package.sh'
[0.818s] INFO:colcon.colcon_core.shell:Creating package script '/home/maxipis/lab2_ws/install/pkg_parte_1/share/pkg_parte_1/package.bash'
[0.819s] INFO:colcon.colcon_core.shell:Creating package script '/home/maxipis/lab2_ws/install/pkg_parte_1/share/pkg_parte_1/package.zsh'
[0.820s] Level 1:colcon.colcon_core.environment:create_file_with_runtime_dependencies(/home/maxipis/lab2_ws/install/pkg_parte_1/share/colcon-core/packages/pkg_parte_1)
[0.821s] Level 1:colcon.colcon_core.environment:create_environment_scripts_only(pkg_parte_1)
[0.821s] Level 1:colcon.colcon_core.environment:checking '/home/maxipis/lab2_ws/install/pkg_parte_1' for CMake module files
[0.821s] Level 1:colcon.colcon_core.environment:checking '/home/maxipis/lab2_ws/install/pkg_parte_1' for CMake config files
[0.822s] Level 1:colcon.colcon_core.shell:create_environment_hook('pkg_parte_1', 'cmake_prefix_path')
[0.822s] INFO:colcon.colcon_core.shell:Creating environment hook '/home/maxipis/lab2_ws/install/pkg_parte_1/share/pkg_parte_1/hook/cmake_prefix_path.ps1'
[0.822s] INFO:colcon.colcon_core.shell:Creating environment descriptor '/home/maxipis/lab2_ws/install/pkg_parte_1/share/pkg_parte_1/hook/cmake_prefix_path.dsv'
[0.823s] INFO:colcon.colcon_core.shell:Creating environment hook '/home/maxipis/lab2_ws/install/pkg_parte_1/share/pkg_parte_1/hook/cmake_prefix_path.sh'
[0.823s] Level 1:colcon.colcon_core.environment:checking '/home/maxipis/lab2_ws/install/pkg_parte_1/bin'
[0.823s] Level 1:colcon.colcon_core.environment:checking '/home/maxipis/lab2_ws/install/pkg_parte_1/lib/pkgconfig/pkg_parte_1.pc'
[0.823s] Level 1:colcon.colcon_core.environment:checking '/home/maxipis/lab2_ws/install/pkg_parte_1/lib/python3.10/site-packages'
[0.824s] Level 1:colcon.colcon_core.environment:checking '/home/maxipis/lab2_ws/install/pkg_parte_1/bin'
[0.824s] INFO:colcon.colcon_core.shell:Creating package script '/home/maxipis/lab2_ws/install/pkg_parte_1/share/pkg_parte_1/package.ps1'
[0.824s] INFO:colcon.colcon_core.shell:Creating package descriptor '/home/maxipis/lab2_ws/install/pkg_parte_1/share/pkg_parte_1/package.dsv'
[0.825s] INFO:colcon.colcon_core.shell:Creating package script '/home/maxipis/lab2_ws/install/pkg_parte_1/share/pkg_parte_1/package.sh'
[0.825s] INFO:colcon.colcon_core.shell:Creating package script '/home/maxipis/lab2_ws/install/pkg_parte_1/share/pkg_parte_1/package.bash'
[0.826s] INFO:colcon.colcon_core.shell:Creating package script '/home/maxipis/lab2_ws/install/pkg_parte_1/share/pkg_parte_1/package.zsh'
[0.826s] Level 1:colcon.colcon_core.environment:create_file_with_runtime_dependencies(/home/maxipis/lab2_ws/install/pkg_parte_1/share/colcon-core/packages/pkg_parte_1)
[0.828s] Level 1:colcon.colcon_core.environment:create_environment_scripts_only(pkg_parte_2)
[0.829s] Level 1:colcon.colcon_core.environment:checking '/home/maxipis/lab2_ws/install/pkg_parte_2' for CMake module files
[0.829s] DEBUG:colcon.colcon_core.event_handler.log_command:Invoked command in '/home/maxipis/lab2_ws/build/pkg_parte_2' returned '0': CMAKE_PREFIX_PATH=${CMAKE_PREFIX_PATH}:/opt/ros/humble /usr/bin/cmake --install /home/maxipis/lab2_ws/build/pkg_parte_2
[0.830s] Level 1:colcon.colcon_core.environment:checking '/home/maxipis/lab2_ws/install/pkg_parte_2' for CMake config files
[0.830s] Level 1:colcon.colcon_core.shell:create_environment_hook('pkg_parte_2', 'cmake_prefix_path')
[0.830s] INFO:colcon.colcon_core.shell:Creating environment hook '/home/maxipis/lab2_ws/install/pkg_parte_2/share/pkg_parte_2/hook/cmake_prefix_path.ps1'
[0.830s] INFO:colcon.colcon_core.shell:Creating environment descriptor '/home/maxipis/lab2_ws/install/pkg_parte_2/share/pkg_parte_2/hook/cmake_prefix_path.dsv'
[0.831s] INFO:colcon.colcon_core.shell:Creating environment hook '/home/maxipis/lab2_ws/install/pkg_parte_2/share/pkg_parte_2/hook/cmake_prefix_path.sh'
[0.832s] Level 1:colcon.colcon_core.environment:checking '/home/maxipis/lab2_ws/install/pkg_parte_2/bin'
[0.832s] Level 1:colcon.colcon_core.environment:checking '/home/maxipis/lab2_ws/install/pkg_parte_2/lib/pkgconfig/pkg_parte_2.pc'
[0.832s] Level 1:colcon.colcon_core.environment:checking '/home/maxipis/lab2_ws/install/pkg_parte_2/lib/python3.10/site-packages'
[0.832s] Level 1:colcon.colcon_core.environment:checking '/home/maxipis/lab2_ws/install/pkg_parte_2/bin'
[0.833s] INFO:colcon.colcon_core.shell:Creating package script '/home/maxipis/lab2_ws/install/pkg_parte_2/share/pkg_parte_2/package.ps1'
[0.833s] INFO:colcon.colcon_core.shell:Creating package descriptor '/home/maxipis/lab2_ws/install/pkg_parte_2/share/pkg_parte_2/package.dsv'
[0.834s] INFO:colcon.colcon_core.shell:Creating package script '/home/maxipis/lab2_ws/install/pkg_parte_2/share/pkg_parte_2/package.sh'
[0.834s] INFO:colcon.colcon_core.shell:Creating package script '/home/maxipis/lab2_ws/install/pkg_parte_2/share/pkg_parte_2/package.bash'
[0.834s] INFO:colcon.colcon_core.shell:Creating package script '/home/maxipis/lab2_ws/install/pkg_parte_2/share/pkg_parte_2/package.zsh'
[0.835s] Level 1:colcon.colcon_core.environment:create_file_with_runtime_dependencies(/home/maxipis/lab2_ws/install/pkg_parte_2/share/colcon-core/packages/pkg_parte_2)
[0.835s] Level 1:colcon.colcon_core.environment:create_environment_scripts_only(pkg_parte_2)
[0.836s] Level 1:colcon.colcon_core.environment:checking '/home/maxipis/lab2_ws/install/pkg_parte_2' for CMake module files
[0.836s] Level 1:colcon.colcon_core.environment:checking '/home/maxipis/lab2_ws/install/pkg_parte_2' for CMake config files
[0.837s] Level 1:colcon.colcon_core.shell:create_environment_hook('pkg_parte_2', 'cmake_prefix_path')
[0.837s] INFO:colcon.colcon_core.shell:Creating environment hook '/home/maxipis/lab2_ws/install/pkg_parte_2/share/pkg_parte_2/hook/cmake_prefix_path.ps1'
[0.838s] INFO:colcon.colcon_core.shell:Creating environment descriptor '/home/maxipis/lab2_ws/install/pkg_parte_2/share/pkg_parte_2/hook/cmake_prefix_path.dsv'
[0.838s] INFO:colcon.colcon_core.shell:Creating environment hook '/home/maxipis/lab2_ws/install/pkg_parte_2/share/pkg_parte_2/hook/cmake_prefix_path.sh'
[0.839s] Level 1:colcon.colcon_core.environment:checking '/home/maxipis/lab2_ws/install/pkg_parte_2/bin'
[0.839s] Level 1:colcon.colcon_core.environment:checking '/home/maxipis/lab2_ws/install/pkg_parte_2/lib/pkgconfig/pkg_parte_2.pc'
[0.839s] Level 1:colcon.colcon_core.environment:checking '/home/maxipis/lab2_ws/install/pkg_parte_2/lib/python3.10/site-packages'
[0.839s] Level 1:colcon.colcon_core.environment:checking '/home/maxipis/lab2_ws/install/pkg_parte_2/bin'
[0.840s] INFO:colcon.colcon_core.shell:Creating package script '/home/maxipis/lab2_ws/install/pkg_parte_2/share/pkg_parte_2/package.ps1'
[0.842s] INFO:colcon.colcon_core.shell:Creating package descriptor '/home/maxipis/lab2_ws/install/pkg_parte_2/share/pkg_parte_2/package.dsv'
[0.844s] INFO:colcon.colcon_core.shell:Creating package script '/home/maxipis/lab2_ws/install/pkg_parte_2/share/pkg_parte_2/package.sh'
[0.845s] INFO:colcon.colcon_core.shell:Creating package script '/home/maxipis/lab2_ws/install/pkg_parte_2/share/pkg_parte_2/package.bash'
[0.846s] INFO:colcon.colcon_core.shell:Creating package script '/home/maxipis/lab2_ws/install/pkg_parte_2/share/pkg_parte_2/package.zsh'
[0.846s] Level 1:colcon.colcon_core.environment:create_file_with_runtime_dependencies(/home/maxipis/lab2_ws/install/pkg_parte_2/share/colcon-core/packages/pkg_parte_2)
[1.448s] DEBUG:colcon.colcon_core.event_handler.log_command:Invoked command in '/home/maxipis/lab2_ws/build/pkg_parte_3' returned '0': CMAKE_PREFIX_PATH=${CMAKE_PREFIX_PATH}:/opt/ros/humble /usr/bin/cmake --build /home/maxipis/lab2_ws/build/pkg_parte_3 -- -j8 -l8
[1.450s] DEBUG:colcon.colcon_core.event_handler.log_command:Invoking command in '/home/maxipis/lab2_ws/build/pkg_parte_3': CMAKE_PREFIX_PATH=${CMAKE_PREFIX_PATH}:/opt/ros/humble /usr/bin/cmake --install /home/maxipis/lab2_ws/build/pkg_parte_3
[1.578s] DEBUG:colcon.colcon_core.event_handler.log_command:Invoked command in '/home/maxipis/lab2_ws/build/pkg_parte_3' returned '1': CMAKE_PREFIX_PATH=${CMAKE_PREFIX_PATH}:/opt/ros/humble /usr/bin/cmake --install /home/maxipis/lab2_ws/build/pkg_parte_3
[1.578s] Level 1:colcon.colcon_core.environment:create_environment_scripts_only(pkg_parte_3)
[1.578s] Level 1:colcon.colcon_core.environment:checking '/home/maxipis/lab2_ws/install/pkg_parte_3' for CMake module files
[1.579s] Level 1:colcon.colcon_core.environment:checking '/home/maxipis/lab2_ws/install/pkg_parte_3' for CMake config files
[1.579s] Level 1:colcon.colcon_core.shell:create_environment_hook('pkg_parte_3', 'cmake_prefix_path')
[1.579s] INFO:colcon.colcon_core.shell:Creating environment hook '/home/maxipis/lab2_ws/install/pkg_parte_3/share/pkg_parte_3/hook/cmake_prefix_path.ps1'
[1.580s] INFO:colcon.colcon_core.shell:Creating environment descriptor '/home/maxipis/lab2_ws/install/pkg_parte_3/share/pkg_parte_3/hook/cmake_prefix_path.dsv'
[1.580s] INFO:colcon.colcon_core.shell:Creating environment hook '/home/maxipis/lab2_ws/install/pkg_parte_3/share/pkg_parte_3/hook/cmake_prefix_path.sh'
[1.581s] Level 1:colcon.colcon_core.environment:checking '/home/maxipis/lab2_ws/install/pkg_parte_3/bin'
[1.581s] Level 1:colcon.colcon_core.environment:checking '/home/maxipis/lab2_ws/install/pkg_parte_3/lib/pkgconfig/pkg_parte_3.pc'
[1.581s] Level 1:colcon.colcon_core.environment:checking '/home/maxipis/lab2_ws/install/pkg_parte_3/lib/python3.10/site-packages'
[1.581s] Level 1:colcon.colcon_core.environment:checking '/home/maxipis/lab2_ws/install/pkg_parte_3/bin'
[1.582s] INFO:colcon.colcon_core.shell:Creating package script '/home/maxipis/lab2_ws/install/pkg_parte_3/share/pkg_parte_3/package.ps1'
[1.582s] INFO:colcon.colcon_core.shell:Creating package descriptor '/home/maxipis/lab2_ws/install/pkg_parte_3/share/pkg_parte_3/package.dsv'
[1.583s] INFO:colcon.colcon_core.shell:Creating package script '/home/maxipis/lab2_ws/install/pkg_parte_3/share/pkg_parte_3/package.sh'
[1.583s] INFO:colcon.colcon_core.shell:Creating package script '/home/maxipis/lab2_ws/install/pkg_parte_3/share/pkg_parte_3/package.bash'
[1.583s] INFO:colcon.colcon_core.shell:Creating package script '/home/maxipis/lab2_ws/install/pkg_parte_3/share/pkg_parte_3/package.zsh'
[1.584s] Level 1:colcon.colcon_core.environment:create_file_with_runtime_dependencies(/home/maxipis/lab2_ws/install/pkg_parte_3/share/colcon-core/packages/pkg_parte_3)
[1.594s] DEBUG:colcon.colcon_parallel_executor.executor.parallel:closing loop
[1.595s] DEBUG:colcon.colcon_parallel_executor.executor.parallel:loop closed
[1.595s] DEBUG:colcon.colcon_parallel_executor.executor.parallel:run_until_complete finished with '1'
[1.595s] DEBUG:colcon.colcon_core.event_reactor:joining thread
[1.633s] INFO:colcon.colcon_core.plugin_system:Skipping extension 'colcon_notification.desktop_notification.notify_send': Could not find 'notify-send'
[1.634s] INFO:colcon.colcon_core.plugin_system:Skipping extension 'colcon_notification.desktop_notification.terminal_notifier': Not used on non-Darwin systems
[1.634s] INFO:colcon.colcon_core.plugin_system:Skipping extension 'colcon_notification.desktop_notification.win32': Not used on non-Windows systems
[1.634s] INFO:colcon.colcon_notification.desktop_notification:Sending desktop notification using 'notify2'
[1.634s] DEBUG:colcon.colcon_notification.desktop_notification.notify2:Failed to initialize notify2: org.freedesktop.DBus.Error.FileNotFound: Failed to connect to socket /run/user/1000/bus: No such file or directory
[1.634s] DEBUG:colcon.colcon_core.event_reactor:joined thread
[1.635s] INFO:colcon.colcon_core.shell:Creating prefix script '/home/maxipis/lab2_ws/install/local_setup.ps1'
[1.636s] INFO:colcon.colcon_core.shell:Creating prefix util module '/home/maxipis/lab2_ws/install/_local_setup_util_ps1.py'
[1.638s] INFO:colcon.colcon_core.shell:Creating prefix chain script '/home/maxipis/lab2_ws/install/setup.ps1'
[1.639s] INFO:colcon.colcon_core.shell:Creating prefix script '/home/maxipis/lab2_ws/install/local_setup.sh'
[1.639s] INFO:colcon.colcon_core.shell:Creating prefix util module '/home/maxipis/lab2_ws/install/_local_setup_util_sh.py'
[1.640s] INFO:colcon.colcon_core.shell:Creating prefix chain script '/home/maxipis/lab2_ws/install/setup.sh'
[1.641s] INFO:colcon.colcon_core.shell:Creating prefix script '/home/maxipis/lab2_ws/install/local_setup.bash'
[1.642s] INFO:colcon.colcon_core.shell:Creating prefix chain script '/home/maxipis/lab2_ws/install/setup.bash'
[1.645s] INFO:colcon.colcon_core.shell:Creating prefix script '/home/maxipis/lab2_ws/install/local_setup.zsh'
[1.646s] INFO:colcon.colcon_core.shell:Creating prefix chain script '/home/maxipis/lab2_ws/install/setup.zsh'
