[0.038s] Invoking command in '/home/maxipis/lab2_ws/build/pkg_parte_1': CMAKE_PREFIX_PATH=${CMAKE_PREFIX_PATH}:/opt/ros/humble /usr/bin/cmake --build /home/maxipis/lab2_ws/build/pkg_parte_1 -- -j8 -l8
[0.106s] Invoked command in '/home/maxipis/lab2_ws/build/pkg_parte_1' returned '0': CMAKE_PREFIX_PATH=${CMAKE_PREFIX_PATH}:/opt/ros/humble /usr/bin/cmake --build /home/maxipis/lab2_ws/build/pkg_parte_1 -- -j8 -l8
[0.119s] Invoking command in '/home/maxipis/lab2_ws/build/pkg_parte_1': CMAKE_PREFIX_PATH=${CMAKE_PREFIX_PATH}:/opt/ros/humble /usr/bin/cmake --install /home/maxipis/lab2_ws/build/pkg_parte_1
[0.128s] -- Install configuration: ""
[0.129s] -- Execute custom install script
[0.129s] -- Up-to-date symlink: /home/maxipis/lab2_ws/install/pkg_parte_1/share/ament_index/resource_index/package_run_dependencies/pkg_parte_1
[0.129s] -- Up-to-date symlink: /home/maxipis/lab2_ws/install/pkg_parte_1/share/ament_index/resource_index/parent_prefix_path/pkg_parte_1
[0.129s] -- Up-to-date symlink: /home/maxipis/lab2_ws/install/pkg_parte_1/share/pkg_parte_1/environment/ament_prefix_path.sh
[0.130s] -- Up-to-date symlink: /home/maxipis/lab2_ws/install/pkg_parte_1/share/pkg_parte_1/environment/ament_prefix_path.dsv
[0.130s] -- Up-to-date symlink: /home/maxipis/lab2_ws/install/pkg_parte_1/share/pkg_parte_1/environment/path.sh
[0.130s] -- Up-to-date symlink: /home/maxipis/lab2_ws/install/pkg_parte_1/share/pkg_parte_1/environment/path.dsv
[0.130s] -- Up-to-date symlink: /home/maxipis/lab2_ws/install/pkg_parte_1/share/pkg_parte_1/local_setup.bash
[0.131s] -- Up-to-date symlink: /home/maxipis/lab2_ws/install/pkg_parte_1/share/pkg_parte_1/local_setup.sh
[0.131s] -- Up-to-date symlink: /home/maxipis/lab2_ws/install/pkg_parte_1/share/pkg_parte_1/local_setup.zsh
[0.131s] -- Up-to-date symlink: /home/maxipis/lab2_ws/install/pkg_parte_1/share/pkg_parte_1/local_setup.dsv
[0.131s] -- Symlinking: /home/maxipis/lab2_ws/install/pkg_parte_1/share/pkg_parte_1/package.dsv
[0.140s] -- Up-to-date symlink: /home/maxipis/lab2_ws/install/pkg_parte_1/share/ament_index/resource_index/packages/pkg_parte_1
[0.141s] -- Up-to-date symlink: /home/maxipis/lab2_ws/install/pkg_parte_1/share/pkg_parte_1/cmake/pkg_parte_1Config.cmake
[0.141s] -- Up-to-date symlink: /home/maxipis/lab2_ws/install/pkg_parte_1/share/pkg_parte_1/cmake/pkg_parte_1Config-version.cmake
[0.141s] -- Up-to-date symlink: /home/maxipis/lab2_ws/install/pkg_parte_1/share/pkg_parte_1/package.xml
[0.143s] Invoked command in '/home/maxipis/lab2_ws/build/pkg_parte_1' returned '0': CMAKE_PREFIX_PATH=${CMAKE_PREFIX_PATH}:/opt/ros/humble /usr/bin/cmake --install /home/maxipis/lab2_ws/build/pkg_parte_1
