[0.239s] DEBUG:colcon:Command line arguments: ['/usr/bin/colcon', 'build', '--symlink-install']
[0.239s] DEBUG:colcon:Parsed command line arguments: Namespace(log_base=None, log_level=None, verb_name='build', build_base='build', install_base='install', merge_install=False, symlink_install=True, test_result_base=None, continue_on_error=False, executor='parallel', parallel_workers=8, event_handlers=None, ignore_user_meta=False, metas=['./colcon.meta'], base_paths=['.'], packages_ignore=None, packages_ignore_regex=None, paths=None, packages_up_to=None, packages_up_to_regex=None, packages_above=None, packages_above_and_dependencies=None, packages_above_depth=None, packages_select_by_dep=None, packages_skip_by_dep=None, packages_skip_up_to=None, packages_select_build_failed=False, packages_skip_build_finished=False, packages_select_test_failures=False, packages_skip_test_passed=False, packages_select=None, packages_skip=None, packages_select_regex=None, packages_skip_regex=None, packages_start=None, packages_end=None, allow_overriding=[], cmake_args=None, cmake_target=None, cmake_target_skip_unavailable=False, cmake_clean_cache=False, cmake_clean_first=False, cmake_force_configure=False, ament_cmake_args=None, catkin_cmake_args=None, catkin_skip_building_tests=False, mixin_files=None, mixin=None, verb_parser=<colcon_mixin.mixin.mixin_argument.MixinArgumentDecorator object at 0x788b1aeee110>, verb_extension=<colcon_core.verb.build.BuildVerb object at 0x788b1aeedba0>, main=<bound method BuildVerb.main of <colcon_core.verb.build.BuildVerb object at 0x788b1aeedba0>>, mixin_verb=('build',))
[0.425s] Level 1:colcon.colcon_core.package_discovery:discover_packages(colcon_meta) check parameters
[0.425s] Level 1:colcon.colcon_core.package_discovery:discover_packages(recursive) check parameters
[0.425s] Level 1:colcon.colcon_core.package_discovery:discover_packages(ignore) check parameters
[0.425s] Level 1:colcon.colcon_core.package_discovery:discover_packages(path) check parameters
[0.425s] Level 1:colcon.colcon_core.package_discovery:discover_packages(colcon_meta) discover
[0.425s] Level 1:colcon.colcon_core.package_discovery:discover_packages(recursive) discover
[0.425s] INFO:colcon.colcon_core.package_discovery:Crawling recursively for packages in '/home/maxipis/lab2_ws'
[0.425s] Level 1:colcon.colcon_core.package_identification:_identify(.) by extensions ['ignore', 'ignore_ament_install']
[0.425s] Level 1:colcon.colcon_core.package_identification:_identify(.) by extension 'ignore'
[0.425s] Level 1:colcon.colcon_core.package_identification:_identify(.) by extension 'ignore_ament_install'
[0.425s] Level 1:colcon.colcon_core.package_identification:_identify(.) by extensions ['colcon_pkg']
[0.425s] Level 1:colcon.colcon_core.package_identification:_identify(.) by extension 'colcon_pkg'
[0.426s] Level 1:colcon.colcon_core.package_identification:_identify(.) by extensions ['colcon_meta']
[0.426s] Level 1:colcon.colcon_core.package_identification:_identify(.) by extension 'colcon_meta'
[0.426s] Level 1:colcon.colcon_core.package_identification:_identify(.) by extensions ['ros']
[0.426s] Level 1:colcon.colcon_core.package_identification:_identify(.) by extension 'ros'
[0.438s] Level 1:colcon.colcon_core.package_identification:_identify(.) by extensions ['cmake', 'python']
[0.438s] Level 1:colcon.colcon_core.package_identification:_identify(.) by extension 'cmake'
[0.438s] Level 1:colcon.colcon_core.package_identification:_identify(.) by extension 'python'
[0.438s] Level 1:colcon.colcon_core.package_identification:_identify(.) by extensions ['python_setup_py']
[0.438s] Level 1:colcon.colcon_core.package_identification:_identify(.) by extension 'python_setup_py'
[0.438s] Level 1:colcon.colcon_core.package_identification:_identify(build) by extensions ['ignore', 'ignore_ament_install']
[0.438s] Level 1:colcon.colcon_core.package_identification:_identify(build) by extension 'ignore'
[0.438s] Level 1:colcon.colcon_core.package_identification:_identify(build) ignored
[0.438s] Level 1:colcon.colcon_core.package_identification:_identify(install) by extensions ['ignore', 'ignore_ament_install']
[0.439s] Level 1:colcon.colcon_core.package_identification:_identify(install) by extension 'ignore'
[0.439s] Level 1:colcon.colcon_core.package_identification:_identify(install) ignored
[0.439s] Level 1:colcon.colcon_core.package_identification:_identify(log) by extensions ['ignore', 'ignore_ament_install']
[0.439s] Level 1:colcon.colcon_core.package_identification:_identify(log) by extension 'ignore'
[0.439s] Level 1:colcon.colcon_core.package_identification:_identify(log) ignored
[0.439s] Level 1:colcon.colcon_core.package_identification:_identify(src) by extensions ['ignore', 'ignore_ament_install']
[0.439s] Level 1:colcon.colcon_core.package_identification:_identify(src) by extension 'ignore'
[0.439s] Level 1:colcon.colcon_core.package_identification:_identify(src) by extension 'ignore_ament_install'
[0.439s] Level 1:colcon.colcon_core.package_identification:_identify(src) by extensions ['colcon_pkg']
[0.439s] Level 1:colcon.colcon_core.package_identification:_identify(src) by extension 'colcon_pkg'
[0.439s] Level 1:colcon.colcon_core.package_identification:_identify(src) by extensions ['colcon_meta']
[0.439s] Level 1:colcon.colcon_core.package_identification:_identify(src) by extension 'colcon_meta'
[0.439s] Level 1:colcon.colcon_core.package_identification:_identify(src) by extensions ['ros']
[0.439s] Level 1:colcon.colcon_core.package_identification:_identify(src) by extension 'ros'
[0.439s] Level 1:colcon.colcon_core.package_identification:_identify(src) by extensions ['cmake', 'python']
[0.439s] Level 1:colcon.colcon_core.package_identification:_identify(src) by extension 'cmake'
[0.439s] Level 1:colcon.colcon_core.package_identification:_identify(src) by extension 'python'
[0.439s] Level 1:colcon.colcon_core.package_identification:_identify(src) by extensions ['python_setup_py']
[0.439s] Level 1:colcon.colcon_core.package_identification:_identify(src) by extension 'python_setup_py'
[0.439s] Level 1:colcon.colcon_core.package_identification:_identify(src/pkg_parte_1) by extensions ['ignore', 'ignore_ament_install']
[0.440s] Level 1:colcon.colcon_core.package_identification:_identify(src/pkg_parte_1) by extension 'ignore'
[0.440s] Level 1:colcon.colcon_core.package_identification:_identify(src/pkg_parte_1) by extension 'ignore_ament_install'
[0.440s] Level 1:colcon.colcon_core.package_identification:_identify(src/pkg_parte_1) by extensions ['colcon_pkg']
[0.440s] Level 1:colcon.colcon_core.package_identification:_identify(src/pkg_parte_1) by extension 'colcon_pkg'
[0.440s] Level 1:colcon.colcon_core.package_identification:_identify(src/pkg_parte_1) by extensions ['colcon_meta']
[0.440s] Level 1:colcon.colcon_core.package_identification:_identify(src/pkg_parte_1) by extension 'colcon_meta'
[0.440s] Level 1:colcon.colcon_core.package_identification:_identify(src/pkg_parte_1) by extensions ['ros']
[0.440s] Level 1:colcon.colcon_core.package_identification:_identify(src/pkg_parte_1) by extension 'ros'
[0.445s] DEBUG:colcon.colcon_core.package_identification:Package 'src/pkg_parte_1' with type 'ros.ament_cmake' and name 'pkg_parte_1'
[0.445s] Level 1:colcon.colcon_core.package_identification:_identify(src/pkg_parte_2) by extensions ['ignore', 'ignore_ament_install']
[0.446s] Level 1:colcon.colcon_core.package_identification:_identify(src/pkg_parte_2) by extension 'ignore'
[0.446s] Level 1:colcon.colcon_core.package_identification:_identify(src/pkg_parte_2) by extension 'ignore_ament_install'
[0.446s] Level 1:colcon.colcon_core.package_identification:_identify(src/pkg_parte_2) by extensions ['colcon_pkg']
[0.446s] Level 1:colcon.colcon_core.package_identification:_identify(src/pkg_parte_2) by extension 'colcon_pkg'
[0.446s] Level 1:colcon.colcon_core.package_identification:_identify(src/pkg_parte_2) by extensions ['colcon_meta']
[0.446s] Level 1:colcon.colcon_core.package_identification:_identify(src/pkg_parte_2) by extension 'colcon_meta'
[0.446s] Level 1:colcon.colcon_core.package_identification:_identify(src/pkg_parte_2) by extensions ['ros']
[0.446s] Level 1:colcon.colcon_core.package_identification:_identify(src/pkg_parte_2) by extension 'ros'
[0.447s] DEBUG:colcon.colcon_core.package_identification:Package 'src/pkg_parte_2' with type 'ros.ament_cmake' and name 'pkg_parte_2'
[0.447s] Level 1:colcon.colcon_core.package_identification:_identify(src/pkg_parte_3) by extensions ['ignore', 'ignore_ament_install']
[0.447s] Level 1:colcon.colcon_core.package_identification:_identify(src/pkg_parte_3) by extension 'ignore'
[0.447s] Level 1:colcon.colcon_core.package_identification:_identify(src/pkg_parte_3) by extension 'ignore_ament_install'
[0.447s] Level 1:colcon.colcon_core.package_identification:_identify(src/pkg_parte_3) by extensions ['colcon_pkg']
[0.447s] Level 1:colcon.colcon_core.package_identification:_identify(src/pkg_parte_3) by extension 'colcon_pkg'
[0.447s] Level 1:colcon.colcon_core.package_identification:_identify(src/pkg_parte_3) by extensions ['colcon_meta']
[0.447s] Level 1:colcon.colcon_core.package_identification:_identify(src/pkg_parte_3) by extension 'colcon_meta'
[0.447s] Level 1:colcon.colcon_core.package_identification:_identify(src/pkg_parte_3) by extensions ['ros']
[0.447s] Level 1:colcon.colcon_core.package_identification:_identify(src/pkg_parte_3) by extension 'ros'
[0.448s] DEBUG:colcon.colcon_core.package_identification:Package 'src/pkg_parte_3' with type 'ros.ament_cmake' and name 'pkg_parte_3'
[0.449s] Level 1:colcon.colcon_core.package_discovery:discover_packages(recursive) using defaults
[0.449s] Level 1:colcon.colcon_core.package_discovery:discover_packages(ignore) discover
[0.449s] Level 1:colcon.colcon_core.package_discovery:discover_packages(ignore) using defaults
[0.449s] Level 1:colcon.colcon_core.package_discovery:discover_packages(path) discover
[0.449s] Level 1:colcon.colcon_core.package_discovery:discover_packages(path) using defaults
[0.489s] Level 1:colcon.colcon_core.package_discovery:discover_packages(prefix_path) check parameters
[0.489s] Level 1:colcon.colcon_core.package_discovery:discover_packages(prefix_path) discover
[0.496s] DEBUG:colcon.colcon_installed_package_information.package_discovery:Found 5 installed packages in /home/maxipis/ros2_ws/install
[0.497s] DEBUG:colcon.colcon_installed_package_information.package_discovery:Found 3 installed packages in /home/maxipis/lab2_ws/install
[0.498s] DEBUG:colcon.colcon_installed_package_information.package_discovery:Found 284 installed packages in /opt/ros/humble
[0.499s] Level 1:colcon.colcon_core.package_discovery:discover_packages(prefix_path) using defaults
[0.557s] Level 5:colcon.colcon_core.verb:set package 'pkg_parte_1' build argument 'cmake_args' from command line to 'None'
[0.557s] Level 5:colcon.colcon_core.verb:set package 'pkg_parte_1' build argument 'cmake_target' from command line to 'None'
[0.557s] Level 5:colcon.colcon_core.verb:set package 'pkg_parte_1' build argument 'cmake_target_skip_unavailable' from command line to 'False'
[0.557s] Level 5:colcon.colcon_core.verb:set package 'pkg_parte_1' build argument 'cmake_clean_cache' from command line to 'False'
[0.557s] Level 5:colcon.colcon_core.verb:set package 'pkg_parte_1' build argument 'cmake_clean_first' from command line to 'False'
[0.557s] Level 5:colcon.colcon_core.verb:set package 'pkg_parte_1' build argument 'cmake_force_configure' from command line to 'False'
[0.557s] Level 5:colcon.colcon_core.verb:set package 'pkg_parte_1' build argument 'ament_cmake_args' from command line to 'None'
[0.557s] Level 5:colcon.colcon_core.verb:set package 'pkg_parte_1' build argument 'catkin_cmake_args' from command line to 'None'
[0.557s] Level 5:colcon.colcon_core.verb:set package 'pkg_parte_1' build argument 'catkin_skip_building_tests' from command line to 'False'
[0.557s] DEBUG:colcon.colcon_core.verb:Building package 'pkg_parte_1' with the following arguments: {'ament_cmake_args': None, 'build_base': '/home/maxipis/lab2_ws/build/pkg_parte_1', 'catkin_cmake_args': None, 'catkin_skip_building_tests': False, 'cmake_args': None, 'cmake_clean_cache': False, 'cmake_clean_first': False, 'cmake_force_configure': False, 'cmake_target': None, 'cmake_target_skip_unavailable': False, 'install_base': '/home/maxipis/lab2_ws/install/pkg_parte_1', 'merge_install': False, 'path': '/home/maxipis/lab2_ws/src/pkg_parte_1', 'symlink_install': True, 'test_result_base': None}
[0.557s] Level 5:colcon.colcon_core.verb:set package 'pkg_parte_2' build argument 'cmake_args' from command line to 'None'
[0.557s] Level 5:colcon.colcon_core.verb:set package 'pkg_parte_2' build argument 'cmake_target' from command line to 'None'
[0.557s] Level 5:colcon.colcon_core.verb:set package 'pkg_parte_2' build argument 'cmake_target_skip_unavailable' from command line to 'False'
[0.557s] Level 5:colcon.colcon_core.verb:set package 'pkg_parte_2' build argument 'cmake_clean_cache' from command line to 'False'
[0.557s] Level 5:colcon.colcon_core.verb:set package 'pkg_parte_2' build argument 'cmake_clean_first' from command line to 'False'
[0.557s] Level 5:colcon.colcon_core.verb:set package 'pkg_parte_2' build argument 'cmake_force_configure' from command line to 'False'
[0.557s] Level 5:colcon.colcon_core.verb:set package 'pkg_parte_2' build argument 'ament_cmake_args' from command line to 'None'
[0.558s] Level 5:colcon.colcon_core.verb:set package 'pkg_parte_2' build argument 'catkin_cmake_args' from command line to 'None'
[0.558s] Level 5:colcon.colcon_core.verb:set package 'pkg_parte_2' build argument 'catkin_skip_building_tests' from command line to 'False'
[0.558s] DEBUG:colcon.colcon_core.verb:Building package 'pkg_parte_2' with the following arguments: {'ament_cmake_args': None, 'build_base': '/home/maxipis/lab2_ws/build/pkg_parte_2', 'catkin_cmake_args': None, 'catkin_skip_building_tests': False, 'cmake_args': None, 'cmake_clean_cache': False, 'cmake_clean_first': False, 'cmake_force_configure': False, 'cmake_target': None, 'cmake_target_skip_unavailable': False, 'install_base': '/home/maxipis/lab2_ws/install/pkg_parte_2', 'merge_install': False, 'path': '/home/maxipis/lab2_ws/src/pkg_parte_2', 'symlink_install': True, 'test_result_base': None}
[0.558s] Level 5:colcon.colcon_core.verb:set package 'pkg_parte_3' build argument 'cmake_args' from command line to 'None'
[0.558s] Level 5:colcon.colcon_core.verb:set package 'pkg_parte_3' build argument 'cmake_target' from command line to 'None'
[0.558s] Level 5:colcon.colcon_core.verb:set package 'pkg_parte_3' build argument 'cmake_target_skip_unavailable' from command line to 'False'
[0.558s] Level 5:colcon.colcon_core.verb:set package 'pkg_parte_3' build argument 'cmake_clean_cache' from command line to 'False'
[0.558s] Level 5:colcon.colcon_core.verb:set package 'pkg_parte_3' build argument 'cmake_clean_first' from command line to 'False'
[0.558s] Level 5:colcon.colcon_core.verb:set package 'pkg_parte_3' build argument 'cmake_force_configure' from command line to 'False'
[0.558s] Level 5:colcon.colcon_core.verb:set package 'pkg_parte_3' build argument 'ament_cmake_args' from command line to 'None'
[0.558s] Level 5:colcon.colcon_core.verb:set package 'pkg_parte_3' build argument 'catkin_cmake_args' from command line to 'None'
[0.558s] Level 5:colcon.colcon_core.verb:set package 'pkg_parte_3' build argument 'catkin_skip_building_tests' from command line to 'False'
[0.558s] DEBUG:colcon.colcon_core.verb:Building package 'pkg_parte_3' with the following arguments: {'ament_cmake_args': None, 'build_base': '/home/maxipis/lab2_ws/build/pkg_parte_3', 'catkin_cmake_args': None, 'catkin_skip_building_tests': False, 'cmake_args': None, 'cmake_clean_cache': False, 'cmake_clean_first': False, 'cmake_force_configure': False, 'cmake_target': None, 'cmake_target_skip_unavailable': False, 'install_base': '/home/maxipis/lab2_ws/install/pkg_parte_3', 'merge_install': False, 'path': '/home/maxipis/lab2_ws/src/pkg_parte_3', 'symlink_install': True, 'test_result_base': None}
[0.558s] INFO:colcon.colcon_core.executor:Executing jobs using 'parallel' executor
[0.559s] DEBUG:colcon.colcon_parallel_executor.executor.parallel:run_until_complete
[0.560s] INFO:colcon.colcon_ros.task.ament_cmake.build:Building ROS package in '/home/maxipis/lab2_ws/src/pkg_parte_1' with build type 'ament_cmake'
[0.560s] INFO:colcon.colcon_cmake.task.cmake.build:Building CMake package in '/home/maxipis/lab2_ws/src/pkg_parte_1'
[0.569s] INFO:colcon.colcon_core.plugin_system:Skipping extension 'colcon_core.shell.bat': Not used on non-Windows systems
[0.569s] INFO:colcon.colcon_core.shell:Skip shell extension 'powershell' for command environment: Not usable outside of PowerShell
[0.569s] DEBUG:colcon.colcon_core.shell:Skip shell extension 'dsv' for command environment
[0.575s] INFO:colcon.colcon_ros.task.ament_cmake.build:Building ROS package in '/home/maxipis/lab2_ws/src/pkg_parte_2' with build type 'ament_cmake'
[0.575s] INFO:colcon.colcon_cmake.task.cmake.build:Building CMake package in '/home/maxipis/lab2_ws/src/pkg_parte_2'
[0.576s] INFO:colcon.colcon_core.shell:Skip shell extension 'powershell' for command environment: Not usable outside of PowerShell
[0.577s] DEBUG:colcon.colcon_core.shell:Skip shell extension 'dsv' for command environment
[0.583s] INFO:colcon.colcon_ros.task.ament_cmake.build:Building ROS package in '/home/maxipis/lab2_ws/src/pkg_parte_3' with build type 'ament_cmake'
[0.583s] INFO:colcon.colcon_cmake.task.cmake.build:Building CMake package in '/home/maxipis/lab2_ws/src/pkg_parte_3'
[0.584s] INFO:colcon.colcon_core.shell:Skip shell extension 'powershell' for command environment: Not usable outside of PowerShell
[0.584s] DEBUG:colcon.colcon_core.shell:Skip shell extension 'dsv' for command environment
[0.598s] DEBUG:colcon.colcon_core.event_handler.log_command:Invoking command in '/home/maxipis/lab2_ws/build/pkg_parte_1': CMAKE_PREFIX_PATH=${CMAKE_PREFIX_PATH}:/opt/ros/humble /usr/bin/cmake --build /home/maxipis/lab2_ws/build/pkg_parte_1 -- -j8 -l8
[0.607s] DEBUG:colcon.colcon_core.event_handler.log_command:Invoking command in '/home/maxipis/lab2_ws/build/pkg_parte_2': CMAKE_PREFIX_PATH=${CMAKE_PREFIX_PATH}:/opt/ros/humble /usr/bin/cmake --build /home/maxipis/lab2_ws/build/pkg_parte_2 -- -j8 -l8
[0.613s] DEBUG:colcon.colcon_core.event_handler.log_command:Invoking command in '/home/maxipis/lab2_ws/build/pkg_parte_3': CMAKE_PREFIX_PATH=${CMAKE_PREFIX_PATH}:/opt/ros/humble /usr/bin/cmake --build /home/maxipis/lab2_ws/build/pkg_parte_3 -- -j8 -l8
[0.667s] DEBUG:colcon.colcon_core.event_handler.log_command:Invoked command in '/home/maxipis/lab2_ws/build/pkg_parte_1' returned '0': CMAKE_PREFIX_PATH=${CMAKE_PREFIX_PATH}:/opt/ros/humble /usr/bin/cmake --build /home/maxipis/lab2_ws/build/pkg_parte_1 -- -j8 -l8
[0.680s] DEBUG:colcon.colcon_core.event_handler.log_command:Invoking command in '/home/maxipis/lab2_ws/build/pkg_parte_1': CMAKE_PREFIX_PATH=${CMAKE_PREFIX_PATH}:/opt/ros/humble /usr/bin/cmake --install /home/maxipis/lab2_ws/build/pkg_parte_1
[0.682s] DEBUG:colcon.colcon_core.event_handler.log_command:Invoked command in '/home/maxipis/lab2_ws/build/pkg_parte_2' returned '0': CMAKE_PREFIX_PATH=${CMAKE_PREFIX_PATH}:/opt/ros/humble /usr/bin/cmake --build /home/maxipis/lab2_ws/build/pkg_parte_2 -- -j8 -l8
[0.685s] DEBUG:colcon.colcon_core.event_handler.log_command:Invoking command in '/home/maxipis/lab2_ws/build/pkg_parte_2': CMAKE_PREFIX_PATH=${CMAKE_PREFIX_PATH}:/opt/ros/humble /usr/bin/cmake --install /home/maxipis/lab2_ws/build/pkg_parte_2
[0.703s] Level 1:colcon.colcon_core.environment:create_environment_scripts_only(pkg_parte_1)
[0.704s] DEBUG:colcon.colcon_core.event_handler.log_command:Invoked command in '/home/maxipis/lab2_ws/build/pkg_parte_1' returned '0': CMAKE_PREFIX_PATH=${CMAKE_PREFIX_PATH}:/opt/ros/humble /usr/bin/cmake --install /home/maxipis/lab2_ws/build/pkg_parte_1
[0.712s] Level 1:colcon.colcon_core.environment:checking '/home/maxipis/lab2_ws/install/pkg_parte_1' for CMake module files
[0.713s] Level 1:colcon.colcon_core.environment:checking '/home/maxipis/lab2_ws/install/pkg_parte_1' for CMake config files
[0.713s] Level 1:colcon.colcon_core.shell:create_environment_hook('pkg_parte_1', 'cmake_prefix_path')
[0.713s] INFO:colcon.colcon_core.shell:Creating environment hook '/home/maxipis/lab2_ws/install/pkg_parte_1/share/pkg_parte_1/hook/cmake_prefix_path.ps1'
[0.714s] INFO:colcon.colcon_core.shell:Creating environment descriptor '/home/maxipis/lab2_ws/install/pkg_parte_1/share/pkg_parte_1/hook/cmake_prefix_path.dsv'
[0.715s] INFO:colcon.colcon_core.shell:Creating environment hook '/home/maxipis/lab2_ws/install/pkg_parte_1/share/pkg_parte_1/hook/cmake_prefix_path.sh'
[0.717s] Level 1:colcon.colcon_core.environment:checking '/home/maxipis/lab2_ws/install/pkg_parte_1/bin'
[0.717s] Level 1:colcon.colcon_core.environment:checking '/home/maxipis/lab2_ws/install/pkg_parte_1/lib/pkgconfig/pkg_parte_1.pc'
[0.717s] Level 1:colcon.colcon_core.environment:checking '/home/maxipis/lab2_ws/install/pkg_parte_1/lib/python3.10/site-packages'
[0.717s] Level 1:colcon.colcon_core.environment:checking '/home/maxipis/lab2_ws/install/pkg_parte_1/bin'
[0.718s] INFO:colcon.colcon_core.shell:Creating package script '/home/maxipis/lab2_ws/install/pkg_parte_1/share/pkg_parte_1/package.ps1'
[0.719s] INFO:colcon.colcon_core.shell:Creating package descriptor '/home/maxipis/lab2_ws/install/pkg_parte_1/share/pkg_parte_1/package.dsv'
[0.720s] INFO:colcon.colcon_core.shell:Creating package script '/home/maxipis/lab2_ws/install/pkg_parte_1/share/pkg_parte_1/package.sh'
[0.721s] INFO:colcon.colcon_core.shell:Creating package script '/home/maxipis/lab2_ws/install/pkg_parte_1/share/pkg_parte_1/package.bash'
[0.722s] INFO:colcon.colcon_core.shell:Creating package script '/home/maxipis/lab2_ws/install/pkg_parte_1/share/pkg_parte_1/package.zsh'
[0.723s] Level 1:colcon.colcon_core.environment:create_file_with_runtime_dependencies(/home/maxipis/lab2_ws/install/pkg_parte_1/share/colcon-core/packages/pkg_parte_1)
[0.724s] Level 1:colcon.colcon_core.environment:create_environment_scripts_only(pkg_parte_1)
[0.724s] Level 1:colcon.colcon_core.environment:checking '/home/maxipis/lab2_ws/install/pkg_parte_1' for CMake module files
[0.724s] Level 1:colcon.colcon_core.environment:checking '/home/maxipis/lab2_ws/install/pkg_parte_1' for CMake config files
[0.724s] Level 1:colcon.colcon_core.shell:create_environment_hook('pkg_parte_1', 'cmake_prefix_path')
[0.725s] INFO:colcon.colcon_core.shell:Creating environment hook '/home/maxipis/lab2_ws/install/pkg_parte_1/share/pkg_parte_1/hook/cmake_prefix_path.ps1'
[0.725s] INFO:colcon.colcon_core.shell:Creating environment descriptor '/home/maxipis/lab2_ws/install/pkg_parte_1/share/pkg_parte_1/hook/cmake_prefix_path.dsv'
[0.725s] INFO:colcon.colcon_core.shell:Creating environment hook '/home/maxipis/lab2_ws/install/pkg_parte_1/share/pkg_parte_1/hook/cmake_prefix_path.sh'
[0.726s] Level 1:colcon.colcon_core.environment:checking '/home/maxipis/lab2_ws/install/pkg_parte_1/bin'
[0.726s] Level 1:colcon.colcon_core.environment:checking '/home/maxipis/lab2_ws/install/pkg_parte_1/lib/pkgconfig/pkg_parte_1.pc'
[0.726s] Level 1:colcon.colcon_core.environment:checking '/home/maxipis/lab2_ws/install/pkg_parte_1/lib/python3.10/site-packages'
[0.727s] Level 1:colcon.colcon_core.environment:checking '/home/maxipis/lab2_ws/install/pkg_parte_1/bin'
[0.727s] INFO:colcon.colcon_core.shell:Creating package script '/home/maxipis/lab2_ws/install/pkg_parte_1/share/pkg_parte_1/package.ps1'
[0.727s] INFO:colcon.colcon_core.shell:Creating package descriptor '/home/maxipis/lab2_ws/install/pkg_parte_1/share/pkg_parte_1/package.dsv'
[0.728s] INFO:colcon.colcon_core.shell:Creating package script '/home/maxipis/lab2_ws/install/pkg_parte_1/share/pkg_parte_1/package.sh'
[0.728s] INFO:colcon.colcon_core.shell:Creating package script '/home/maxipis/lab2_ws/install/pkg_parte_1/share/pkg_parte_1/package.bash'
[0.729s] INFO:colcon.colcon_core.shell:Creating package script '/home/maxipis/lab2_ws/install/pkg_parte_1/share/pkg_parte_1/package.zsh'
[0.729s] Level 1:colcon.colcon_core.environment:create_file_with_runtime_dependencies(/home/maxipis/lab2_ws/install/pkg_parte_1/share/colcon-core/packages/pkg_parte_1)
[0.731s] Level 1:colcon.colcon_core.environment:create_environment_scripts_only(pkg_parte_2)
[0.731s] Level 1:colcon.colcon_core.environment:checking '/home/maxipis/lab2_ws/install/pkg_parte_2' for CMake module files
[0.732s] DEBUG:colcon.colcon_core.event_handler.log_command:Invoked command in '/home/maxipis/lab2_ws/build/pkg_parte_2' returned '0': CMAKE_PREFIX_PATH=${CMAKE_PREFIX_PATH}:/opt/ros/humble /usr/bin/cmake --install /home/maxipis/lab2_ws/build/pkg_parte_2
[0.732s] Level 1:colcon.colcon_core.environment:checking '/home/maxipis/lab2_ws/install/pkg_parte_2' for CMake config files
[0.732s] Level 1:colcon.colcon_core.shell:create_environment_hook('pkg_parte_2', 'cmake_prefix_path')
[0.733s] INFO:colcon.colcon_core.shell:Creating environment hook '/home/maxipis/lab2_ws/install/pkg_parte_2/share/pkg_parte_2/hook/cmake_prefix_path.ps1'
[0.733s] INFO:colcon.colcon_core.shell:Creating environment descriptor '/home/maxipis/lab2_ws/install/pkg_parte_2/share/pkg_parte_2/hook/cmake_prefix_path.dsv'
[0.734s] INFO:colcon.colcon_core.shell:Creating environment hook '/home/maxipis/lab2_ws/install/pkg_parte_2/share/pkg_parte_2/hook/cmake_prefix_path.sh'
[0.734s] Level 1:colcon.colcon_core.environment:checking '/home/maxipis/lab2_ws/install/pkg_parte_2/bin'
[0.734s] Level 1:colcon.colcon_core.environment:checking '/home/maxipis/lab2_ws/install/pkg_parte_2/lib/pkgconfig/pkg_parte_2.pc'
[0.734s] Level 1:colcon.colcon_core.environment:checking '/home/maxipis/lab2_ws/install/pkg_parte_2/lib/python3.10/site-packages'
[0.735s] Level 1:colcon.colcon_core.environment:checking '/home/maxipis/lab2_ws/install/pkg_parte_2/bin'
[0.735s] INFO:colcon.colcon_core.shell:Creating package script '/home/maxipis/lab2_ws/install/pkg_parte_2/share/pkg_parte_2/package.ps1'
[0.735s] INFO:colcon.colcon_core.shell:Creating package descriptor '/home/maxipis/lab2_ws/install/pkg_parte_2/share/pkg_parte_2/package.dsv'
[0.736s] INFO:colcon.colcon_core.shell:Creating package script '/home/maxipis/lab2_ws/install/pkg_parte_2/share/pkg_parte_2/package.sh'
[0.736s] INFO:colcon.colcon_core.shell:Creating package script '/home/maxipis/lab2_ws/install/pkg_parte_2/share/pkg_parte_2/package.bash'
[0.736s] INFO:colcon.colcon_core.shell:Creating package script '/home/maxipis/lab2_ws/install/pkg_parte_2/share/pkg_parte_2/package.zsh'
[0.737s] Level 1:colcon.colcon_core.environment:create_file_with_runtime_dependencies(/home/maxipis/lab2_ws/install/pkg_parte_2/share/colcon-core/packages/pkg_parte_2)
[0.737s] Level 1:colcon.colcon_core.environment:create_environment_scripts_only(pkg_parte_2)
[0.738s] Level 1:colcon.colcon_core.environment:checking '/home/maxipis/lab2_ws/install/pkg_parte_2' for CMake module files
[0.738s] Level 1:colcon.colcon_core.environment:checking '/home/maxipis/lab2_ws/install/pkg_parte_2' for CMake config files
[0.739s] Level 1:colcon.colcon_core.shell:create_environment_hook('pkg_parte_2', 'cmake_prefix_path')
[0.739s] INFO:colcon.colcon_core.shell:Creating environment hook '/home/maxipis/lab2_ws/install/pkg_parte_2/share/pkg_parte_2/hook/cmake_prefix_path.ps1'
[0.740s] INFO:colcon.colcon_core.shell:Creating environment descriptor '/home/maxipis/lab2_ws/install/pkg_parte_2/share/pkg_parte_2/hook/cmake_prefix_path.dsv'
[0.741s] INFO:colcon.colcon_core.shell:Creating environment hook '/home/maxipis/lab2_ws/install/pkg_parte_2/share/pkg_parte_2/hook/cmake_prefix_path.sh'
[0.742s] Level 1:colcon.colcon_core.environment:checking '/home/maxipis/lab2_ws/install/pkg_parte_2/bin'
[0.742s] Level 1:colcon.colcon_core.environment:checking '/home/maxipis/lab2_ws/install/pkg_parte_2/lib/pkgconfig/pkg_parte_2.pc'
[0.742s] Level 1:colcon.colcon_core.environment:checking '/home/maxipis/lab2_ws/install/pkg_parte_2/lib/python3.10/site-packages'
[0.742s] Level 1:colcon.colcon_core.environment:checking '/home/maxipis/lab2_ws/install/pkg_parte_2/bin'
[0.743s] INFO:colcon.colcon_core.shell:Creating package script '/home/maxipis/lab2_ws/install/pkg_parte_2/share/pkg_parte_2/package.ps1'
[0.743s] INFO:colcon.colcon_core.shell:Creating package descriptor '/home/maxipis/lab2_ws/install/pkg_parte_2/share/pkg_parte_2/package.dsv'
[0.744s] INFO:colcon.colcon_core.shell:Creating package script '/home/maxipis/lab2_ws/install/pkg_parte_2/share/pkg_parte_2/package.sh'
[0.746s] INFO:colcon.colcon_core.shell:Creating package script '/home/maxipis/lab2_ws/install/pkg_parte_2/share/pkg_parte_2/package.bash'
[0.748s] INFO:colcon.colcon_core.shell:Creating package script '/home/maxipis/lab2_ws/install/pkg_parte_2/share/pkg_parte_2/package.zsh'
[0.749s] Level 1:colcon.colcon_core.environment:create_file_with_runtime_dependencies(/home/maxipis/lab2_ws/install/pkg_parte_2/share/colcon-core/packages/pkg_parte_2)
[1.323s] DEBUG:colcon.colcon_core.event_handler.log_command:Invoked command in '/home/maxipis/lab2_ws/build/pkg_parte_3' returned '0': CMAKE_PREFIX_PATH=${CMAKE_PREFIX_PATH}:/opt/ros/humble /usr/bin/cmake --build /home/maxipis/lab2_ws/build/pkg_parte_3 -- -j8 -l8
[1.326s] DEBUG:colcon.colcon_core.event_handler.log_command:Invoking command in '/home/maxipis/lab2_ws/build/pkg_parte_3': CMAKE_PREFIX_PATH=${CMAKE_PREFIX_PATH}:/opt/ros/humble /usr/bin/cmake --install /home/maxipis/lab2_ws/build/pkg_parte_3
[1.402s] Level 1:colcon.colcon_core.environment:create_environment_scripts_only(pkg_parte_3)
[1.402s] Level 1:colcon.colcon_core.environment:checking '/home/maxipis/lab2_ws/install/pkg_parte_3' for CMake module files
[1.402s] DEBUG:colcon.colcon_core.event_handler.log_command:Invoked command in '/home/maxipis/lab2_ws/build/pkg_parte_3' returned '0': CMAKE_PREFIX_PATH=${CMAKE_PREFIX_PATH}:/opt/ros/humble /usr/bin/cmake --install /home/maxipis/lab2_ws/build/pkg_parte_3
[1.403s] Level 1:colcon.colcon_core.environment:checking '/home/maxipis/lab2_ws/install/pkg_parte_3' for CMake config files
[1.403s] Level 1:colcon.colcon_core.shell:create_environment_hook('pkg_parte_3', 'cmake_prefix_path')
[1.404s] INFO:colcon.colcon_core.shell:Creating environment hook '/home/maxipis/lab2_ws/install/pkg_parte_3/share/pkg_parte_3/hook/cmake_prefix_path.ps1'
[1.404s] INFO:colcon.colcon_core.shell:Creating environment descriptor '/home/maxipis/lab2_ws/install/pkg_parte_3/share/pkg_parte_3/hook/cmake_prefix_path.dsv'
[1.404s] INFO:colcon.colcon_core.shell:Creating environment hook '/home/maxipis/lab2_ws/install/pkg_parte_3/share/pkg_parte_3/hook/cmake_prefix_path.sh'
[1.405s] Level 1:colcon.colcon_core.environment:checking '/home/maxipis/lab2_ws/install/pkg_parte_3/lib'
[1.405s] Level 1:colcon.colcon_core.environment:checking '/home/maxipis/lab2_ws/install/pkg_parte_3/bin'
[1.405s] Level 1:colcon.colcon_core.environment:checking '/home/maxipis/lab2_ws/install/pkg_parte_3/lib/pkgconfig/pkg_parte_3.pc'
[1.405s] Level 1:colcon.colcon_core.environment:checking '/home/maxipis/lab2_ws/install/pkg_parte_3/lib/python3.10/site-packages'
[1.406s] Level 1:colcon.colcon_core.environment:checking '/home/maxipis/lab2_ws/install/pkg_parte_3/bin'
[1.406s] INFO:colcon.colcon_core.shell:Creating package script '/home/maxipis/lab2_ws/install/pkg_parte_3/share/pkg_parte_3/package.ps1'
[1.407s] INFO:colcon.colcon_core.shell:Creating package descriptor '/home/maxipis/lab2_ws/install/pkg_parte_3/share/pkg_parte_3/package.dsv'
[1.407s] INFO:colcon.colcon_core.shell:Creating package script '/home/maxipis/lab2_ws/install/pkg_parte_3/share/pkg_parte_3/package.sh'
[1.407s] INFO:colcon.colcon_core.shell:Creating package script '/home/maxipis/lab2_ws/install/pkg_parte_3/share/pkg_parte_3/package.bash'
[1.407s] INFO:colcon.colcon_core.shell:Creating package script '/home/maxipis/lab2_ws/install/pkg_parte_3/share/pkg_parte_3/package.zsh'
[1.408s] Level 1:colcon.colcon_core.environment:create_file_with_runtime_dependencies(/home/maxipis/lab2_ws/install/pkg_parte_3/share/colcon-core/packages/pkg_parte_3)
[1.408s] Level 1:colcon.colcon_core.environment:create_environment_scripts_only(pkg_parte_3)
[1.408s] Level 1:colcon.colcon_core.environment:checking '/home/maxipis/lab2_ws/install/pkg_parte_3' for CMake module files
[1.409s] Level 1:colcon.colcon_core.environment:checking '/home/maxipis/lab2_ws/install/pkg_parte_3' for CMake config files
[1.409s] Level 1:colcon.colcon_core.shell:create_environment_hook('pkg_parte_3', 'cmake_prefix_path')
[1.409s] INFO:colcon.colcon_core.shell:Creating environment hook '/home/maxipis/lab2_ws/install/pkg_parte_3/share/pkg_parte_3/hook/cmake_prefix_path.ps1'
[1.410s] INFO:colcon.colcon_core.shell:Creating environment descriptor '/home/maxipis/lab2_ws/install/pkg_parte_3/share/pkg_parte_3/hook/cmake_prefix_path.dsv'
[1.410s] INFO:colcon.colcon_core.shell:Creating environment hook '/home/maxipis/lab2_ws/install/pkg_parte_3/share/pkg_parte_3/hook/cmake_prefix_path.sh'
[1.411s] Level 1:colcon.colcon_core.environment:checking '/home/maxipis/lab2_ws/install/pkg_parte_3/lib'
[1.411s] Level 1:colcon.colcon_core.environment:checking '/home/maxipis/lab2_ws/install/pkg_parte_3/bin'
[1.411s] Level 1:colcon.colcon_core.environment:checking '/home/maxipis/lab2_ws/install/pkg_parte_3/lib/pkgconfig/pkg_parte_3.pc'
[1.411s] Level 1:colcon.colcon_core.environment:checking '/home/maxipis/lab2_ws/install/pkg_parte_3/lib/python3.10/site-packages'
[1.411s] Level 1:colcon.colcon_core.environment:checking '/home/maxipis/lab2_ws/install/pkg_parte_3/bin'
[1.411s] INFO:colcon.colcon_core.shell:Creating package script '/home/maxipis/lab2_ws/install/pkg_parte_3/share/pkg_parte_3/package.ps1'
[1.412s] INFO:colcon.colcon_core.shell:Creating package descriptor '/home/maxipis/lab2_ws/install/pkg_parte_3/share/pkg_parte_3/package.dsv'
[1.412s] INFO:colcon.colcon_core.shell:Creating package script '/home/maxipis/lab2_ws/install/pkg_parte_3/share/pkg_parte_3/package.sh'
[1.413s] INFO:colcon.colcon_core.shell:Creating package script '/home/maxipis/lab2_ws/install/pkg_parte_3/share/pkg_parte_3/package.bash'
[1.413s] INFO:colcon.colcon_core.shell:Creating package script '/home/maxipis/lab2_ws/install/pkg_parte_3/share/pkg_parte_3/package.zsh'
[1.414s] Level 1:colcon.colcon_core.environment:create_file_with_runtime_dependencies(/home/maxipis/lab2_ws/install/pkg_parte_3/share/colcon-core/packages/pkg_parte_3)
[1.414s] DEBUG:colcon.colcon_parallel_executor.executor.parallel:closing loop
[1.415s] DEBUG:colcon.colcon_parallel_executor.executor.parallel:loop closed
[1.415s] DEBUG:colcon.colcon_parallel_executor.executor.parallel:run_until_complete finished with '0'
[1.415s] DEBUG:colcon.colcon_core.event_reactor:joining thread
[1.450s] INFO:colcon.colcon_core.plugin_system:Skipping extension 'colcon_notification.desktop_notification.notify_send': Could not find 'notify-send'
[1.451s] INFO:colcon.colcon_core.plugin_system:Skipping extension 'colcon_notification.desktop_notification.terminal_notifier': Not used on non-Darwin systems
[1.451s] INFO:colcon.colcon_core.plugin_system:Skipping extension 'colcon_notification.desktop_notification.win32': Not used on non-Windows systems
[1.451s] INFO:colcon.colcon_notification.desktop_notification:Sending desktop notification using 'notify2'
[1.451s] DEBUG:colcon.colcon_notification.desktop_notification.notify2:Failed to initialize notify2: org.freedesktop.DBus.Error.FileNotFound: Failed to connect to socket /run/user/1000/bus: No such file or directory
[1.451s] DEBUG:colcon.colcon_core.event_reactor:joined thread
[1.451s] INFO:colcon.colcon_core.shell:Creating prefix script '/home/maxipis/lab2_ws/install/local_setup.ps1'
[1.453s] INFO:colcon.colcon_core.shell:Creating prefix util module '/home/maxipis/lab2_ws/install/_local_setup_util_ps1.py'
[1.455s] INFO:colcon.colcon_core.shell:Creating prefix chain script '/home/maxipis/lab2_ws/install/setup.ps1'
[1.456s] INFO:colcon.colcon_core.shell:Creating prefix script '/home/maxipis/lab2_ws/install/local_setup.sh'
[1.457s] INFO:colcon.colcon_core.shell:Creating prefix util module '/home/maxipis/lab2_ws/install/_local_setup_util_sh.py'
[1.458s] INFO:colcon.colcon_core.shell:Creating prefix chain script '/home/maxipis/lab2_ws/install/setup.sh'
[1.459s] INFO:colcon.colcon_core.shell:Creating prefix script '/home/maxipis/lab2_ws/install/local_setup.bash'
[1.460s] INFO:colcon.colcon_core.shell:Creating prefix chain script '/home/maxipis/lab2_ws/install/setup.bash'
[1.462s] INFO:colcon.colcon_core.shell:Creating prefix script '/home/maxipis/lab2_ws/install/local_setup.zsh'
[1.463s] INFO:colcon.colcon_core.shell:Creating prefix chain script '/home/maxipis/lab2_ws/install/setup.zsh'
