[0.141s] DEBUG:colcon:Command line arguments: ['/usr/bin/colcon', 'build', '--symlink-install']
[0.141s] DEBUG:colcon:Parsed command line arguments: Namespace(log_base=None, log_level=None, verb_name='build', build_base='build', install_base='install', merge_install=False, symlink_install=True, test_result_base=None, continue_on_error=False, executor='parallel', parallel_workers=8, event_handlers=None, ignore_user_meta=False, metas=['./colcon.meta'], base_paths=['.'], packages_ignore=None, packages_ignore_regex=None, paths=None, packages_up_to=None, packages_up_to_regex=None, packages_above=None, packages_above_and_dependencies=None, packages_above_depth=None, packages_select_by_dep=None, packages_skip_by_dep=None, packages_skip_up_to=None, packages_select_build_failed=False, packages_skip_build_finished=False, packages_select_test_failures=False, packages_skip_test_passed=False, packages_select=None, packages_skip=None, packages_select_regex=None, packages_skip_regex=None, packages_start=None, packages_end=None, allow_overriding=[], cmake_args=None, cmake_target=None, cmake_target_skip_unavailable=False, cmake_clean_cache=False, cmake_clean_first=False, cmake_force_configure=False, ament_cmake_args=None, catkin_cmake_args=None, catkin_skip_building_tests=False, mixin_files=None, mixin=None, verb_parser=<colcon_mixin.mixin.mixin_argument.MixinArgumentDecorator object at 0x7d3c528360e0>, verb_extension=<colcon_core.verb.build.BuildVerb object at 0x7d3c52835b70>, main=<bound method BuildVerb.main of <colcon_core.verb.build.BuildVerb object at 0x7d3c52835b70>>, mixin_verb=('build',))
[0.305s] Level 1:colcon.colcon_core.package_discovery:discover_packages(colcon_meta) check parameters
[0.305s] Level 1:colcon.colcon_core.package_discovery:discover_packages(recursive) check parameters
[0.305s] Level 1:colcon.colcon_core.package_discovery:discover_packages(ignore) check parameters
[0.305s] Level 1:colcon.colcon_core.package_discovery:discover_packages(path) check parameters
[0.305s] Level 1:colcon.colcon_core.package_discovery:discover_packages(colcon_meta) discover
[0.305s] Level 1:colcon.colcon_core.package_discovery:discover_packages(recursive) discover
[0.305s] INFO:colcon.colcon_core.package_discovery:Crawling recursively for packages in '/home/maxipis/lab2_ws'
[0.305s] Level 1:colcon.colcon_core.package_identification:_identify(.) by extensions ['ignore', 'ignore_ament_install']
[0.305s] Level 1:colcon.colcon_core.package_identification:_identify(.) by extension 'ignore'
[0.305s] Level 1:colcon.colcon_core.package_identification:_identify(.) by extension 'ignore_ament_install'
[0.305s] Level 1:colcon.colcon_core.package_identification:_identify(.) by extensions ['colcon_pkg']
[0.305s] Level 1:colcon.colcon_core.package_identification:_identify(.) by extension 'colcon_pkg'
[0.305s] Level 1:colcon.colcon_core.package_identification:_identify(.) by extensions ['colcon_meta']
[0.305s] Level 1:colcon.colcon_core.package_identification:_identify(.) by extension 'colcon_meta'
[0.305s] Level 1:colcon.colcon_core.package_identification:_identify(.) by extensions ['ros']
[0.305s] Level 1:colcon.colcon_core.package_identification:_identify(.) by extension 'ros'
[0.315s] Level 1:colcon.colcon_core.package_identification:_identify(.) by extensions ['cmake', 'python']
[0.316s] Level 1:colcon.colcon_core.package_identification:_identify(.) by extension 'cmake'
[0.316s] Level 1:colcon.colcon_core.package_identification:_identify(.) by extension 'python'
[0.316s] Level 1:colcon.colcon_core.package_identification:_identify(.) by extensions ['python_setup_py']
[0.316s] Level 1:colcon.colcon_core.package_identification:_identify(.) by extension 'python_setup_py'
[0.316s] Level 1:colcon.colcon_core.package_identification:_identify(build) by extensions ['ignore', 'ignore_ament_install']
[0.316s] Level 1:colcon.colcon_core.package_identification:_identify(build) by extension 'ignore'
[0.316s] Level 1:colcon.colcon_core.package_identification:_identify(build) ignored
[0.316s] Level 1:colcon.colcon_core.package_identification:_identify(install) by extensions ['ignore', 'ignore_ament_install']
[0.316s] Level 1:colcon.colcon_core.package_identification:_identify(install) by extension 'ignore'
[0.316s] Level 1:colcon.colcon_core.package_identification:_identify(install) ignored
[0.316s] Level 1:colcon.colcon_core.package_identification:_identify(log) by extensions ['ignore', 'ignore_ament_install']
[0.316s] Level 1:colcon.colcon_core.package_identification:_identify(log) by extension 'ignore'
[0.317s] Level 1:colcon.colcon_core.package_identification:_identify(log) ignored
[0.317s] Level 1:colcon.colcon_core.package_identification:_identify(src) by extensions ['ignore', 'ignore_ament_install']
[0.317s] Level 1:colcon.colcon_core.package_identification:_identify(src) by extension 'ignore'
[0.317s] Level 1:colcon.colcon_core.package_identification:_identify(src) by extension 'ignore_ament_install'
[0.317s] Level 1:colcon.colcon_core.package_identification:_identify(src) by extensions ['colcon_pkg']
[0.317s] Level 1:colcon.colcon_core.package_identification:_identify(src) by extension 'colcon_pkg'
[0.317s] Level 1:colcon.colcon_core.package_identification:_identify(src) by extensions ['colcon_meta']
[0.317s] Level 1:colcon.colcon_core.package_identification:_identify(src) by extension 'colcon_meta'
[0.317s] Level 1:colcon.colcon_core.package_identification:_identify(src) by extensions ['ros']
[0.317s] Level 1:colcon.colcon_core.package_identification:_identify(src) by extension 'ros'
[0.317s] Level 1:colcon.colcon_core.package_identification:_identify(src) by extensions ['cmake', 'python']
[0.317s] Level 1:colcon.colcon_core.package_identification:_identify(src) by extension 'cmake'
[0.317s] Level 1:colcon.colcon_core.package_identification:_identify(src) by extension 'python'
[0.317s] Level 1:colcon.colcon_core.package_identification:_identify(src) by extensions ['python_setup_py']
[0.317s] Level 1:colcon.colcon_core.package_identification:_identify(src) by extension 'python_setup_py'
[0.317s] Level 1:colcon.colcon_core.package_identification:_identify(src/pkg_parte_1) by extensions ['ignore', 'ignore_ament_install']
[0.317s] Level 1:colcon.colcon_core.package_identification:_identify(src/pkg_parte_1) by extension 'ignore'
[0.317s] Level 1:colcon.colcon_core.package_identification:_identify(src/pkg_parte_1) by extension 'ignore_ament_install'
[0.317s] Level 1:colcon.colcon_core.package_identification:_identify(src/pkg_parte_1) by extensions ['colcon_pkg']
[0.317s] Level 1:colcon.colcon_core.package_identification:_identify(src/pkg_parte_1) by extension 'colcon_pkg'
[0.317s] Level 1:colcon.colcon_core.package_identification:_identify(src/pkg_parte_1) by extensions ['colcon_meta']
[0.317s] Level 1:colcon.colcon_core.package_identification:_identify(src/pkg_parte_1) by extension 'colcon_meta'
[0.317s] Level 1:colcon.colcon_core.package_identification:_identify(src/pkg_parte_1) by extensions ['ros']
[0.317s] Level 1:colcon.colcon_core.package_identification:_identify(src/pkg_parte_1) by extension 'ros'
[0.320s] DEBUG:colcon.colcon_core.package_identification:Package 'src/pkg_parte_1' with type 'ros.ament_cmake' and name 'pkg_parte_1'
[0.320s] Level 1:colcon.colcon_core.package_identification:_identify(src/pkg_parte_2) by extensions ['ignore', 'ignore_ament_install']
[0.320s] Level 1:colcon.colcon_core.package_identification:_identify(src/pkg_parte_2) by extension 'ignore'
[0.320s] Level 1:colcon.colcon_core.package_identification:_identify(src/pkg_parte_2) by extension 'ignore_ament_install'
[0.320s] Level 1:colcon.colcon_core.package_identification:_identify(src/pkg_parte_2) by extensions ['colcon_pkg']
[0.320s] Level 1:colcon.colcon_core.package_identification:_identify(src/pkg_parte_2) by extension 'colcon_pkg'
[0.320s] Level 1:colcon.colcon_core.package_identification:_identify(src/pkg_parte_2) by extensions ['colcon_meta']
[0.320s] Level 1:colcon.colcon_core.package_identification:_identify(src/pkg_parte_2) by extension 'colcon_meta'
[0.320s] Level 1:colcon.colcon_core.package_identification:_identify(src/pkg_parte_2) by extensions ['ros']
[0.320s] Level 1:colcon.colcon_core.package_identification:_identify(src/pkg_parte_2) by extension 'ros'
[0.321s] DEBUG:colcon.colcon_core.package_identification:Package 'src/pkg_parte_2' with type 'ros.ament_cmake' and name 'pkg_parte_2'
[0.321s] Level 1:colcon.colcon_core.package_identification:_identify(src/pkg_parte_3) by extensions ['ignore', 'ignore_ament_install']
[0.321s] Level 1:colcon.colcon_core.package_identification:_identify(src/pkg_parte_3) by extension 'ignore'
[0.321s] Level 1:colcon.colcon_core.package_identification:_identify(src/pkg_parte_3) by extension 'ignore_ament_install'
[0.321s] Level 1:colcon.colcon_core.package_identification:_identify(src/pkg_parte_3) by extensions ['colcon_pkg']
[0.321s] Level 1:colcon.colcon_core.package_identification:_identify(src/pkg_parte_3) by extension 'colcon_pkg'
[0.321s] Level 1:colcon.colcon_core.package_identification:_identify(src/pkg_parte_3) by extensions ['colcon_meta']
[0.321s] Level 1:colcon.colcon_core.package_identification:_identify(src/pkg_parte_3) by extension 'colcon_meta'
[0.321s] Level 1:colcon.colcon_core.package_identification:_identify(src/pkg_parte_3) by extensions ['ros']
[0.321s] Level 1:colcon.colcon_core.package_identification:_identify(src/pkg_parte_3) by extension 'ros'
[0.321s] DEBUG:colcon.colcon_core.package_identification:Package 'src/pkg_parte_3' with type 'ros.ament_cmake' and name 'pkg_parte_3'
[0.322s] Level 1:colcon.colcon_core.package_discovery:discover_packages(recursive) using defaults
[0.322s] Level 1:colcon.colcon_core.package_discovery:discover_packages(ignore) discover
[0.322s] Level 1:colcon.colcon_core.package_discovery:discover_packages(ignore) using defaults
[0.322s] Level 1:colcon.colcon_core.package_discovery:discover_packages(path) discover
[0.322s] Level 1:colcon.colcon_core.package_discovery:discover_packages(path) using defaults
[0.349s] Level 1:colcon.colcon_core.package_discovery:discover_packages(prefix_path) check parameters
[0.350s] Level 1:colcon.colcon_core.package_discovery:discover_packages(prefix_path) discover
[0.351s] DEBUG:colcon.colcon_installed_package_information.package_discovery:Found 3 installed packages in /home/maxipis/lab2_ws/install
[0.352s] DEBUG:colcon.colcon_installed_package_information.package_discovery:Found 5 installed packages in /home/maxipis/ros2_ws/install
[0.353s] DEBUG:colcon.colcon_installed_package_information.package_discovery:Found 284 installed packages in /opt/ros/humble
[0.354s] Level 1:colcon.colcon_core.package_discovery:discover_packages(prefix_path) using defaults
[0.392s] Level 5:colcon.colcon_core.verb:set package 'pkg_parte_1' build argument 'cmake_args' from command line to 'None'
[0.392s] Level 5:colcon.colcon_core.verb:set package 'pkg_parte_1' build argument 'cmake_target' from command line to 'None'
[0.392s] Level 5:colcon.colcon_core.verb:set package 'pkg_parte_1' build argument 'cmake_target_skip_unavailable' from command line to 'False'
[0.392s] Level 5:colcon.colcon_core.verb:set package 'pkg_parte_1' build argument 'cmake_clean_cache' from command line to 'False'
[0.393s] Level 5:colcon.colcon_core.verb:set package 'pkg_parte_1' build argument 'cmake_clean_first' from command line to 'False'
[0.393s] Level 5:colcon.colcon_core.verb:set package 'pkg_parte_1' build argument 'cmake_force_configure' from command line to 'False'
[0.393s] Level 5:colcon.colcon_core.verb:set package 'pkg_parte_1' build argument 'ament_cmake_args' from command line to 'None'
[0.393s] Level 5:colcon.colcon_core.verb:set package 'pkg_parte_1' build argument 'catkin_cmake_args' from command line to 'None'
[0.393s] Level 5:colcon.colcon_core.verb:set package 'pkg_parte_1' build argument 'catkin_skip_building_tests' from command line to 'False'
[0.393s] DEBUG:colcon.colcon_core.verb:Building package 'pkg_parte_1' with the following arguments: {'ament_cmake_args': None, 'build_base': '/home/maxipis/lab2_ws/build/pkg_parte_1', 'catkin_cmake_args': None, 'catkin_skip_building_tests': False, 'cmake_args': None, 'cmake_clean_cache': False, 'cmake_clean_first': False, 'cmake_force_configure': False, 'cmake_target': None, 'cmake_target_skip_unavailable': False, 'install_base': '/home/maxipis/lab2_ws/install/pkg_parte_1', 'merge_install': False, 'path': '/home/maxipis/lab2_ws/src/pkg_parte_1', 'symlink_install': True, 'test_result_base': None}
[0.393s] Level 5:colcon.colcon_core.verb:set package 'pkg_parte_2' build argument 'cmake_args' from command line to 'None'
[0.393s] Level 5:colcon.colcon_core.verb:set package 'pkg_parte_2' build argument 'cmake_target' from command line to 'None'
[0.393s] Level 5:colcon.colcon_core.verb:set package 'pkg_parte_2' build argument 'cmake_target_skip_unavailable' from command line to 'False'
[0.393s] Level 5:colcon.colcon_core.verb:set package 'pkg_parte_2' build argument 'cmake_clean_cache' from command line to 'False'
[0.393s] Level 5:colcon.colcon_core.verb:set package 'pkg_parte_2' build argument 'cmake_clean_first' from command line to 'False'
[0.393s] Level 5:colcon.colcon_core.verb:set package 'pkg_parte_2' build argument 'cmake_force_configure' from command line to 'False'
[0.393s] Level 5:colcon.colcon_core.verb:set package 'pkg_parte_2' build argument 'ament_cmake_args' from command line to 'None'
[0.393s] Level 5:colcon.colcon_core.verb:set package 'pkg_parte_2' build argument 'catkin_cmake_args' from command line to 'None'
[0.393s] Level 5:colcon.colcon_core.verb:set package 'pkg_parte_2' build argument 'catkin_skip_building_tests' from command line to 'False'
[0.393s] DEBUG:colcon.colcon_core.verb:Building package 'pkg_parte_2' with the following arguments: {'ament_cmake_args': None, 'build_base': '/home/maxipis/lab2_ws/build/pkg_parte_2', 'catkin_cmake_args': None, 'catkin_skip_building_tests': False, 'cmake_args': None, 'cmake_clean_cache': False, 'cmake_clean_first': False, 'cmake_force_configure': False, 'cmake_target': None, 'cmake_target_skip_unavailable': False, 'install_base': '/home/maxipis/lab2_ws/install/pkg_parte_2', 'merge_install': False, 'path': '/home/maxipis/lab2_ws/src/pkg_parte_2', 'symlink_install': True, 'test_result_base': None}
[0.394s] Level 5:colcon.colcon_core.verb:set package 'pkg_parte_3' build argument 'cmake_args' from command line to 'None'
[0.394s] Level 5:colcon.colcon_core.verb:set package 'pkg_parte_3' build argument 'cmake_target' from command line to 'None'
[0.394s] Level 5:colcon.colcon_core.verb:set package 'pkg_parte_3' build argument 'cmake_target_skip_unavailable' from command line to 'False'
[0.394s] Level 5:colcon.colcon_core.verb:set package 'pkg_parte_3' build argument 'cmake_clean_cache' from command line to 'False'
[0.394s] Level 5:colcon.colcon_core.verb:set package 'pkg_parte_3' build argument 'cmake_clean_first' from command line to 'False'
[0.394s] Level 5:colcon.colcon_core.verb:set package 'pkg_parte_3' build argument 'cmake_force_configure' from command line to 'False'
[0.394s] Level 5:colcon.colcon_core.verb:set package 'pkg_parte_3' build argument 'ament_cmake_args' from command line to 'None'
[0.394s] Level 5:colcon.colcon_core.verb:set package 'pkg_parte_3' build argument 'catkin_cmake_args' from command line to 'None'
[0.394s] Level 5:colcon.colcon_core.verb:set package 'pkg_parte_3' build argument 'catkin_skip_building_tests' from command line to 'False'
[0.394s] DEBUG:colcon.colcon_core.verb:Building package 'pkg_parte_3' with the following arguments: {'ament_cmake_args': None, 'build_base': '/home/maxipis/lab2_ws/build/pkg_parte_3', 'catkin_cmake_args': None, 'catkin_skip_building_tests': False, 'cmake_args': None, 'cmake_clean_cache': False, 'cmake_clean_first': False, 'cmake_force_configure': False, 'cmake_target': None, 'cmake_target_skip_unavailable': False, 'install_base': '/home/maxipis/lab2_ws/install/pkg_parte_3', 'merge_install': False, 'path': '/home/maxipis/lab2_ws/src/pkg_parte_3', 'symlink_install': True, 'test_result_base': None}
[0.394s] INFO:colcon.colcon_core.executor:Executing jobs using 'parallel' executor
[0.395s] DEBUG:colcon.colcon_parallel_executor.executor.parallel:run_until_complete
[0.396s] INFO:colcon.colcon_ros.task.ament_cmake.build:Building ROS package in '/home/maxipis/lab2_ws/src/pkg_parte_1' with build type 'ament_cmake'
[0.396s] INFO:colcon.colcon_cmake.task.cmake.build:Building CMake package in '/home/maxipis/lab2_ws/src/pkg_parte_1'
[0.398s] INFO:colcon.colcon_core.plugin_system:Skipping extension 'colcon_core.shell.bat': Not used on non-Windows systems
[0.398s] INFO:colcon.colcon_core.shell:Skip shell extension 'powershell' for command environment: Not usable outside of PowerShell
[0.399s] DEBUG:colcon.colcon_core.shell:Skip shell extension 'dsv' for command environment
[0.402s] INFO:colcon.colcon_ros.task.ament_cmake.build:Building ROS package in '/home/maxipis/lab2_ws/src/pkg_parte_2' with build type 'ament_cmake'
[0.402s] INFO:colcon.colcon_cmake.task.cmake.build:Building CMake package in '/home/maxipis/lab2_ws/src/pkg_parte_2'
[0.403s] INFO:colcon.colcon_core.shell:Skip shell extension 'powershell' for command environment: Not usable outside of PowerShell
[0.403s] DEBUG:colcon.colcon_core.shell:Skip shell extension 'dsv' for command environment
[0.407s] INFO:colcon.colcon_ros.task.ament_cmake.build:Building ROS package in '/home/maxipis/lab2_ws/src/pkg_parte_3' with build type 'ament_cmake'
[0.407s] INFO:colcon.colcon_cmake.task.cmake.build:Building CMake package in '/home/maxipis/lab2_ws/src/pkg_parte_3'
[0.408s] INFO:colcon.colcon_core.shell:Skip shell extension 'powershell' for command environment: Not usable outside of PowerShell
[0.408s] DEBUG:colcon.colcon_core.shell:Skip shell extension 'dsv' for command environment
[0.424s] DEBUG:colcon.colcon_core.event_handler.log_command:Invoking command in '/home/maxipis/lab2_ws/build/pkg_parte_1': CMAKE_PREFIX_PATH=${CMAKE_PREFIX_PATH}:/opt/ros/humble /usr/bin/cmake --build /home/maxipis/lab2_ws/build/pkg_parte_1 -- -j8 -l8
[0.433s] DEBUG:colcon.colcon_core.event_handler.log_command:Invoking command in '/home/maxipis/lab2_ws/build/pkg_parte_2': CMAKE_PREFIX_PATH=${CMAKE_PREFIX_PATH}:/opt/ros/humble /usr/bin/cmake --build /home/maxipis/lab2_ws/build/pkg_parte_2 -- -j8 -l8
[0.438s] DEBUG:colcon.colcon_core.event_handler.log_command:Invoking command in '/home/maxipis/lab2_ws/build/pkg_parte_3': CMAKE_PREFIX_PATH=${CMAKE_PREFIX_PATH}:/opt/ros/humble /usr/bin/cmake --build /home/maxipis/lab2_ws/build/pkg_parte_3 -- -j8 -l8
[0.476s] DEBUG:colcon.colcon_core.event_handler.log_command:Invoked command in '/home/maxipis/lab2_ws/build/pkg_parte_1' returned '0': CMAKE_PREFIX_PATH=${CMAKE_PREFIX_PATH}:/opt/ros/humble /usr/bin/cmake --build /home/maxipis/lab2_ws/build/pkg_parte_1 -- -j8 -l8
[0.490s] DEBUG:colcon.colcon_core.event_handler.log_command:Invoking command in '/home/maxipis/lab2_ws/build/pkg_parte_1': CMAKE_PREFIX_PATH=${CMAKE_PREFIX_PATH}:/opt/ros/humble /usr/bin/cmake --install /home/maxipis/lab2_ws/build/pkg_parte_1
[0.491s] DEBUG:colcon.colcon_core.event_handler.log_command:Invoked command in '/home/maxipis/lab2_ws/build/pkg_parte_2' returned '0': CMAKE_PREFIX_PATH=${CMAKE_PREFIX_PATH}:/opt/ros/humble /usr/bin/cmake --build /home/maxipis/lab2_ws/build/pkg_parte_2 -- -j8 -l8
[0.494s] DEBUG:colcon.colcon_core.event_handler.log_command:Invoking command in '/home/maxipis/lab2_ws/build/pkg_parte_2': CMAKE_PREFIX_PATH=${CMAKE_PREFIX_PATH}:/opt/ros/humble /usr/bin/cmake --install /home/maxipis/lab2_ws/build/pkg_parte_2
[0.533s] Level 1:colcon.colcon_core.environment:create_environment_scripts_only(pkg_parte_1)
[0.534s] DEBUG:colcon.colcon_core.event_handler.log_command:Invoked command in '/home/maxipis/lab2_ws/build/pkg_parte_1' returned '0': CMAKE_PREFIX_PATH=${CMAKE_PREFIX_PATH}:/opt/ros/humble /usr/bin/cmake --install /home/maxipis/lab2_ws/build/pkg_parte_1
[0.538s] Level 1:colcon.colcon_core.environment:checking '/home/maxipis/lab2_ws/install/pkg_parte_1' for CMake module files
[0.539s] Level 1:colcon.colcon_core.environment:checking '/home/maxipis/lab2_ws/install/pkg_parte_1' for CMake config files
[0.540s] Level 1:colcon.colcon_core.shell:create_environment_hook('pkg_parte_1', 'cmake_prefix_path')
[0.546s] INFO:colcon.colcon_core.shell:Creating environment hook '/home/maxipis/lab2_ws/install/pkg_parte_1/share/pkg_parte_1/hook/cmake_prefix_path.ps1'
[0.551s] INFO:colcon.colcon_core.shell:Creating environment descriptor '/home/maxipis/lab2_ws/install/pkg_parte_1/share/pkg_parte_1/hook/cmake_prefix_path.dsv'
[0.552s] INFO:colcon.colcon_core.shell:Creating environment hook '/home/maxipis/lab2_ws/install/pkg_parte_1/share/pkg_parte_1/hook/cmake_prefix_path.sh'
[0.553s] Level 1:colcon.colcon_core.environment:checking '/home/maxipis/lab2_ws/install/pkg_parte_1/bin'
[0.553s] Level 1:colcon.colcon_core.environment:checking '/home/maxipis/lab2_ws/install/pkg_parte_1/lib/pkgconfig/pkg_parte_1.pc'
[0.554s] Level 1:colcon.colcon_core.environment:checking '/home/maxipis/lab2_ws/install/pkg_parte_1/lib/python3.10/site-packages'
[0.554s] Level 1:colcon.colcon_core.environment:checking '/home/maxipis/lab2_ws/install/pkg_parte_1/bin'
[0.554s] INFO:colcon.colcon_core.shell:Creating package script '/home/maxipis/lab2_ws/install/pkg_parte_1/share/pkg_parte_1/package.ps1'
[0.556s] INFO:colcon.colcon_core.shell:Creating package descriptor '/home/maxipis/lab2_ws/install/pkg_parte_1/share/pkg_parte_1/package.dsv'
[0.557s] INFO:colcon.colcon_core.shell:Creating package script '/home/maxipis/lab2_ws/install/pkg_parte_1/share/pkg_parte_1/package.sh'
[0.558s] INFO:colcon.colcon_core.shell:Creating package script '/home/maxipis/lab2_ws/install/pkg_parte_1/share/pkg_parte_1/package.bash'
[0.561s] INFO:colcon.colcon_core.shell:Creating package script '/home/maxipis/lab2_ws/install/pkg_parte_1/share/pkg_parte_1/package.zsh'
[0.563s] Level 1:colcon.colcon_core.environment:create_file_with_runtime_dependencies(/home/maxipis/lab2_ws/install/pkg_parte_1/share/colcon-core/packages/pkg_parte_1)
[0.565s] Level 1:colcon.colcon_core.environment:create_environment_scripts_only(pkg_parte_1)
[0.565s] Level 1:colcon.colcon_core.environment:checking '/home/maxipis/lab2_ws/install/pkg_parte_1' for CMake module files
[0.566s] Level 1:colcon.colcon_core.environment:checking '/home/maxipis/lab2_ws/install/pkg_parte_1' for CMake config files
[0.567s] Level 1:colcon.colcon_core.shell:create_environment_hook('pkg_parte_1', 'cmake_prefix_path')
[0.567s] INFO:colcon.colcon_core.shell:Creating environment hook '/home/maxipis/lab2_ws/install/pkg_parte_1/share/pkg_parte_1/hook/cmake_prefix_path.ps1'
[0.568s] INFO:colcon.colcon_core.shell:Creating environment descriptor '/home/maxipis/lab2_ws/install/pkg_parte_1/share/pkg_parte_1/hook/cmake_prefix_path.dsv'
[0.569s] INFO:colcon.colcon_core.shell:Creating environment hook '/home/maxipis/lab2_ws/install/pkg_parte_1/share/pkg_parte_1/hook/cmake_prefix_path.sh'
[0.570s] Level 1:colcon.colcon_core.environment:checking '/home/maxipis/lab2_ws/install/pkg_parte_1/bin'
[0.570s] Level 1:colcon.colcon_core.environment:checking '/home/maxipis/lab2_ws/install/pkg_parte_1/lib/pkgconfig/pkg_parte_1.pc'
[0.571s] Level 1:colcon.colcon_core.environment:checking '/home/maxipis/lab2_ws/install/pkg_parte_1/lib/python3.10/site-packages'
[0.571s] Level 1:colcon.colcon_core.environment:checking '/home/maxipis/lab2_ws/install/pkg_parte_1/bin'
[0.572s] INFO:colcon.colcon_core.shell:Creating package script '/home/maxipis/lab2_ws/install/pkg_parte_1/share/pkg_parte_1/package.ps1'
[0.573s] INFO:colcon.colcon_core.shell:Creating package descriptor '/home/maxipis/lab2_ws/install/pkg_parte_1/share/pkg_parte_1/package.dsv'
[0.573s] INFO:colcon.colcon_core.shell:Creating package script '/home/maxipis/lab2_ws/install/pkg_parte_1/share/pkg_parte_1/package.sh'
[0.574s] INFO:colcon.colcon_core.shell:Creating package script '/home/maxipis/lab2_ws/install/pkg_parte_1/share/pkg_parte_1/package.bash'
[0.575s] INFO:colcon.colcon_core.shell:Creating package script '/home/maxipis/lab2_ws/install/pkg_parte_1/share/pkg_parte_1/package.zsh'
[0.576s] Level 1:colcon.colcon_core.environment:create_file_with_runtime_dependencies(/home/maxipis/lab2_ws/install/pkg_parte_1/share/colcon-core/packages/pkg_parte_1)
[0.579s] Level 1:colcon.colcon_core.environment:create_environment_scripts_only(pkg_parte_2)
[0.580s] Level 1:colcon.colcon_core.environment:checking '/home/maxipis/lab2_ws/install/pkg_parte_2' for CMake module files
[0.581s] DEBUG:colcon.colcon_core.event_handler.log_command:Invoked command in '/home/maxipis/lab2_ws/build/pkg_parte_2' returned '0': CMAKE_PREFIX_PATH=${CMAKE_PREFIX_PATH}:/opt/ros/humble /usr/bin/cmake --install /home/maxipis/lab2_ws/build/pkg_parte_2
[0.581s] Level 1:colcon.colcon_core.environment:checking '/home/maxipis/lab2_ws/install/pkg_parte_2' for CMake config files
[0.582s] Level 1:colcon.colcon_core.shell:create_environment_hook('pkg_parte_2', 'cmake_prefix_path')
[0.582s] INFO:colcon.colcon_core.shell:Creating environment hook '/home/maxipis/lab2_ws/install/pkg_parte_2/share/pkg_parte_2/hook/cmake_prefix_path.ps1'
[0.583s] INFO:colcon.colcon_core.shell:Creating environment descriptor '/home/maxipis/lab2_ws/install/pkg_parte_2/share/pkg_parte_2/hook/cmake_prefix_path.dsv'
[0.584s] INFO:colcon.colcon_core.shell:Creating environment hook '/home/maxipis/lab2_ws/install/pkg_parte_2/share/pkg_parte_2/hook/cmake_prefix_path.sh'
[0.584s] Level 1:colcon.colcon_core.environment:checking '/home/maxipis/lab2_ws/install/pkg_parte_2/bin'
[0.585s] Level 1:colcon.colcon_core.environment:checking '/home/maxipis/lab2_ws/install/pkg_parte_2/lib/pkgconfig/pkg_parte_2.pc'
[0.585s] Level 1:colcon.colcon_core.environment:checking '/home/maxipis/lab2_ws/install/pkg_parte_2/lib/python3.10/site-packages'
[0.585s] Level 1:colcon.colcon_core.environment:checking '/home/maxipis/lab2_ws/install/pkg_parte_2/bin'
[0.586s] INFO:colcon.colcon_core.shell:Creating package script '/home/maxipis/lab2_ws/install/pkg_parte_2/share/pkg_parte_2/package.ps1'
[0.587s] INFO:colcon.colcon_core.shell:Creating package descriptor '/home/maxipis/lab2_ws/install/pkg_parte_2/share/pkg_parte_2/package.dsv'
[0.589s] INFO:colcon.colcon_core.shell:Creating package script '/home/maxipis/lab2_ws/install/pkg_parte_2/share/pkg_parte_2/package.sh'
[0.590s] INFO:colcon.colcon_core.shell:Creating package script '/home/maxipis/lab2_ws/install/pkg_parte_2/share/pkg_parte_2/package.bash'
[0.591s] INFO:colcon.colcon_core.shell:Creating package script '/home/maxipis/lab2_ws/install/pkg_parte_2/share/pkg_parte_2/package.zsh'
[0.592s] Level 1:colcon.colcon_core.environment:create_file_with_runtime_dependencies(/home/maxipis/lab2_ws/install/pkg_parte_2/share/colcon-core/packages/pkg_parte_2)
[0.596s] Level 1:colcon.colcon_core.environment:create_environment_scripts_only(pkg_parte_2)
[0.597s] Level 1:colcon.colcon_core.environment:checking '/home/maxipis/lab2_ws/install/pkg_parte_2' for CMake module files
[0.598s] Level 1:colcon.colcon_core.environment:checking '/home/maxipis/lab2_ws/install/pkg_parte_2' for CMake config files
[0.598s] Level 1:colcon.colcon_core.shell:create_environment_hook('pkg_parte_2', 'cmake_prefix_path')
[0.599s] INFO:colcon.colcon_core.shell:Creating environment hook '/home/maxipis/lab2_ws/install/pkg_parte_2/share/pkg_parte_2/hook/cmake_prefix_path.ps1'
[0.600s] INFO:colcon.colcon_core.shell:Creating environment descriptor '/home/maxipis/lab2_ws/install/pkg_parte_2/share/pkg_parte_2/hook/cmake_prefix_path.dsv'
[0.601s] INFO:colcon.colcon_core.shell:Creating environment hook '/home/maxipis/lab2_ws/install/pkg_parte_2/share/pkg_parte_2/hook/cmake_prefix_path.sh'
[0.603s] Level 1:colcon.colcon_core.environment:checking '/home/maxipis/lab2_ws/install/pkg_parte_2/bin'
[0.604s] Level 1:colcon.colcon_core.environment:checking '/home/maxipis/lab2_ws/install/pkg_parte_2/lib/pkgconfig/pkg_parte_2.pc'
[0.605s] Level 1:colcon.colcon_core.environment:checking '/home/maxipis/lab2_ws/install/pkg_parte_2/lib/python3.10/site-packages'
[0.606s] Level 1:colcon.colcon_core.environment:checking '/home/maxipis/lab2_ws/install/pkg_parte_2/bin'
[0.608s] INFO:colcon.colcon_core.shell:Creating package script '/home/maxipis/lab2_ws/install/pkg_parte_2/share/pkg_parte_2/package.ps1'
[0.611s] INFO:colcon.colcon_core.shell:Creating package descriptor '/home/maxipis/lab2_ws/install/pkg_parte_2/share/pkg_parte_2/package.dsv'
[0.613s] INFO:colcon.colcon_core.shell:Creating package script '/home/maxipis/lab2_ws/install/pkg_parte_2/share/pkg_parte_2/package.sh'
[0.614s] INFO:colcon.colcon_core.shell:Creating package script '/home/maxipis/lab2_ws/install/pkg_parte_2/share/pkg_parte_2/package.bash'
[0.616s] INFO:colcon.colcon_core.shell:Creating package script '/home/maxipis/lab2_ws/install/pkg_parte_2/share/pkg_parte_2/package.zsh'
[0.620s] Level 1:colcon.colcon_core.environment:create_file_with_runtime_dependencies(/home/maxipis/lab2_ws/install/pkg_parte_2/share/colcon-core/packages/pkg_parte_2)
[0.882s] DEBUG:colcon.colcon_core.event_handler.log_command:Invoked command in '/home/maxipis/lab2_ws/build/pkg_parte_3' returned '0': CMAKE_PREFIX_PATH=${CMAKE_PREFIX_PATH}:/opt/ros/humble /usr/bin/cmake --build /home/maxipis/lab2_ws/build/pkg_parte_3 -- -j8 -l8
[0.884s] DEBUG:colcon.colcon_core.event_handler.log_command:Invoking command in '/home/maxipis/lab2_ws/build/pkg_parte_3': CMAKE_PREFIX_PATH=${CMAKE_PREFIX_PATH}:/opt/ros/humble /usr/bin/cmake --install /home/maxipis/lab2_ws/build/pkg_parte_3
[0.940s] Level 1:colcon.colcon_core.environment:create_environment_scripts_only(pkg_parte_3)
[0.940s] Level 1:colcon.colcon_core.environment:checking '/home/maxipis/lab2_ws/install/pkg_parte_3' for CMake module files
[0.941s] DEBUG:colcon.colcon_core.event_handler.log_command:Invoked command in '/home/maxipis/lab2_ws/build/pkg_parte_3' returned '0': CMAKE_PREFIX_PATH=${CMAKE_PREFIX_PATH}:/opt/ros/humble /usr/bin/cmake --install /home/maxipis/lab2_ws/build/pkg_parte_3
[0.942s] Level 1:colcon.colcon_core.environment:checking '/home/maxipis/lab2_ws/install/pkg_parte_3' for CMake config files
[0.942s] Level 1:colcon.colcon_core.shell:create_environment_hook('pkg_parte_3', 'cmake_prefix_path')
[0.943s] INFO:colcon.colcon_core.shell:Creating environment hook '/home/maxipis/lab2_ws/install/pkg_parte_3/share/pkg_parte_3/hook/cmake_prefix_path.ps1'
[0.943s] INFO:colcon.colcon_core.shell:Creating environment descriptor '/home/maxipis/lab2_ws/install/pkg_parte_3/share/pkg_parte_3/hook/cmake_prefix_path.dsv'
[0.944s] INFO:colcon.colcon_core.shell:Creating environment hook '/home/maxipis/lab2_ws/install/pkg_parte_3/share/pkg_parte_3/hook/cmake_prefix_path.sh'
[0.945s] Level 1:colcon.colcon_core.environment:checking '/home/maxipis/lab2_ws/install/pkg_parte_3/lib'
[0.945s] Level 1:colcon.colcon_core.environment:checking '/home/maxipis/lab2_ws/install/pkg_parte_3/bin'
[0.945s] Level 1:colcon.colcon_core.environment:checking '/home/maxipis/lab2_ws/install/pkg_parte_3/lib/pkgconfig/pkg_parte_3.pc'
[0.946s] Level 1:colcon.colcon_core.environment:checking '/home/maxipis/lab2_ws/install/pkg_parte_3/lib/python3.10/site-packages'
[0.946s] Level 1:colcon.colcon_core.environment:checking '/home/maxipis/lab2_ws/install/pkg_parte_3/bin'
[0.946s] INFO:colcon.colcon_core.shell:Creating package script '/home/maxipis/lab2_ws/install/pkg_parte_3/share/pkg_parte_3/package.ps1'
[0.947s] INFO:colcon.colcon_core.shell:Creating package descriptor '/home/maxipis/lab2_ws/install/pkg_parte_3/share/pkg_parte_3/package.dsv'
[0.947s] INFO:colcon.colcon_core.shell:Creating package script '/home/maxipis/lab2_ws/install/pkg_parte_3/share/pkg_parte_3/package.sh'
[0.948s] INFO:colcon.colcon_core.shell:Creating package script '/home/maxipis/lab2_ws/install/pkg_parte_3/share/pkg_parte_3/package.bash'
[0.948s] INFO:colcon.colcon_core.shell:Creating package script '/home/maxipis/lab2_ws/install/pkg_parte_3/share/pkg_parte_3/package.zsh'
[0.949s] Level 1:colcon.colcon_core.environment:create_file_with_runtime_dependencies(/home/maxipis/lab2_ws/install/pkg_parte_3/share/colcon-core/packages/pkg_parte_3)
[0.949s] Level 1:colcon.colcon_core.environment:create_environment_scripts_only(pkg_parte_3)
[0.950s] Level 1:colcon.colcon_core.environment:checking '/home/maxipis/lab2_ws/install/pkg_parte_3' for CMake module files
[0.950s] Level 1:colcon.colcon_core.environment:checking '/home/maxipis/lab2_ws/install/pkg_parte_3' for CMake config files
[0.950s] Level 1:colcon.colcon_core.shell:create_environment_hook('pkg_parte_3', 'cmake_prefix_path')
[0.951s] INFO:colcon.colcon_core.shell:Creating environment hook '/home/maxipis/lab2_ws/install/pkg_parte_3/share/pkg_parte_3/hook/cmake_prefix_path.ps1'
[0.951s] INFO:colcon.colcon_core.shell:Creating environment descriptor '/home/maxipis/lab2_ws/install/pkg_parte_3/share/pkg_parte_3/hook/cmake_prefix_path.dsv'
[0.952s] INFO:colcon.colcon_core.shell:Creating environment hook '/home/maxipis/lab2_ws/install/pkg_parte_3/share/pkg_parte_3/hook/cmake_prefix_path.sh'
[0.953s] Level 1:colcon.colcon_core.environment:checking '/home/maxipis/lab2_ws/install/pkg_parte_3/lib'
[0.953s] Level 1:colcon.colcon_core.environment:checking '/home/maxipis/lab2_ws/install/pkg_parte_3/bin'
[0.953s] Level 1:colcon.colcon_core.environment:checking '/home/maxipis/lab2_ws/install/pkg_parte_3/lib/pkgconfig/pkg_parte_3.pc'
[0.953s] Level 1:colcon.colcon_core.environment:checking '/home/maxipis/lab2_ws/install/pkg_parte_3/lib/python3.10/site-packages'
[0.953s] Level 1:colcon.colcon_core.environment:checking '/home/maxipis/lab2_ws/install/pkg_parte_3/bin'
[0.954s] INFO:colcon.colcon_core.shell:Creating package script '/home/maxipis/lab2_ws/install/pkg_parte_3/share/pkg_parte_3/package.ps1'
[0.954s] INFO:colcon.colcon_core.shell:Creating package descriptor '/home/maxipis/lab2_ws/install/pkg_parte_3/share/pkg_parte_3/package.dsv'
[0.955s] INFO:colcon.colcon_core.shell:Creating package script '/home/maxipis/lab2_ws/install/pkg_parte_3/share/pkg_parte_3/package.sh'
[0.955s] INFO:colcon.colcon_core.shell:Creating package script '/home/maxipis/lab2_ws/install/pkg_parte_3/share/pkg_parte_3/package.bash'
[0.956s] INFO:colcon.colcon_core.shell:Creating package script '/home/maxipis/lab2_ws/install/pkg_parte_3/share/pkg_parte_3/package.zsh'
[0.956s] Level 1:colcon.colcon_core.environment:create_file_with_runtime_dependencies(/home/maxipis/lab2_ws/install/pkg_parte_3/share/colcon-core/packages/pkg_parte_3)
[0.957s] DEBUG:colcon.colcon_parallel_executor.executor.parallel:closing loop
[0.957s] DEBUG:colcon.colcon_parallel_executor.executor.parallel:loop closed
[0.958s] DEBUG:colcon.colcon_parallel_executor.executor.parallel:run_until_complete finished with '0'
[0.958s] DEBUG:colcon.colcon_core.event_reactor:joining thread
[0.990s] INFO:colcon.colcon_core.plugin_system:Skipping extension 'colcon_notification.desktop_notification.notify_send': Could not find 'notify-send'
[0.991s] INFO:colcon.colcon_core.plugin_system:Skipping extension 'colcon_notification.desktop_notification.terminal_notifier': Not used on non-Darwin systems
[0.991s] INFO:colcon.colcon_core.plugin_system:Skipping extension 'colcon_notification.desktop_notification.win32': Not used on non-Windows systems
[0.991s] INFO:colcon.colcon_notification.desktop_notification:Sending desktop notification using 'notify2'
[0.991s] DEBUG:colcon.colcon_notification.desktop_notification.notify2:Failed to initialize notify2: org.freedesktop.DBus.Error.FileNotFound: Failed to connect to socket /run/user/1000/bus: No such file or directory
[0.991s] DEBUG:colcon.colcon_core.event_reactor:joined thread
[0.992s] INFO:colcon.colcon_core.shell:Creating prefix script '/home/maxipis/lab2_ws/install/local_setup.ps1'
[0.993s] INFO:colcon.colcon_core.shell:Creating prefix util module '/home/maxipis/lab2_ws/install/_local_setup_util_ps1.py'
[0.994s] INFO:colcon.colcon_core.shell:Creating prefix chain script '/home/maxipis/lab2_ws/install/setup.ps1'
[0.996s] INFO:colcon.colcon_core.shell:Creating prefix script '/home/maxipis/lab2_ws/install/local_setup.sh'
[0.997s] INFO:colcon.colcon_core.shell:Creating prefix util module '/home/maxipis/lab2_ws/install/_local_setup_util_sh.py'
[0.998s] INFO:colcon.colcon_core.shell:Creating prefix chain script '/home/maxipis/lab2_ws/install/setup.sh'
[1.000s] INFO:colcon.colcon_core.shell:Creating prefix script '/home/maxipis/lab2_ws/install/local_setup.bash'
[1.000s] INFO:colcon.colcon_core.shell:Creating prefix chain script '/home/maxipis/lab2_ws/install/setup.bash'
[1.002s] INFO:colcon.colcon_core.shell:Creating prefix script '/home/maxipis/lab2_ws/install/local_setup.zsh'
[1.002s] INFO:colcon.colcon_core.shell:Creating prefix chain script '/home/maxipis/lab2_ws/install/setup.zsh'
