Built target ament_cmake_python_symlink_pkg_parte_3
running egg_info
writing pkg_parte_3.egg-info/PKG-INFO
writing dependency_links to pkg_parte_3.egg-info/dependency_links.txt
writing top-level names to pkg_parte_3.egg-info/top_level.txt
reading manifest file 'pkg_parte_3.egg-info/SOURCES.txt'
writing manifest file 'pkg_parte_3.egg-info/SOURCES.txt'
Built target ament_cmake_python_build_pkg_parte_3_egg
-- Install configuration: ""
-- Execute custom install script
-- Up-to-date symlink: /home/maxipis/lab2_ws/install/pkg_parte_3/share/pkg_parte_3/environment/pythonpath.sh
-- Up-to-date symlink: /home/maxipis/lab2_ws/install/pkg_parte_3/share/pkg_parte_3/environment/pythonpath.dsv
-- Up-to-date symlink: /home/maxipis/lab2_ws/install/pkg_parte_3/local/lib/python3.10/dist-packages/pkg_parte_3-0.0.0-py3.10.egg-info/PKG-INFO
-- Up-to-date symlink: /home/maxipis/lab2_ws/install/pkg_parte_3/local/lib/python3.10/dist-packages/pkg_parte_3-0.0.0-py3.10.egg-info/SOURCES.txt
-- Up-to-date symlink: /home/maxipis/lab2_ws/install/pkg_parte_3/local/lib/python3.10/dist-packages/pkg_parte_3-0.0.0-py3.10.egg-info/dependency_links.txt
-- Up-to-date symlink: /home/maxipis/lab2_ws/install/pkg_parte_3/local/lib/python3.10/dist-packages/pkg_parte_3-0.0.0-py3.10.egg-info/top_level.txt
-- Up-to-date symlink: /home/maxipis/lab2_ws/install/pkg_parte_3/local/lib/python3.10/dist-packages/pkg_parte_3/__init__.py
-- Up-to-date symlink: /home/maxipis/lab2_ws/install/pkg_parte_3/lib/pkg_parte_3/path_line.txt
-- Up-to-date symlink: /home/maxipis/lab2_ws/install/pkg_parte_3/lib/pkg_parte_3/path_sin.txt
-- Up-to-date symlink: /home/maxipis/lab2_ws/install/pkg_parte_3/lib/pkg_parte_3/path_sqrt.txt
-- Up-to-date symlink: /home/maxipis/lab2_ws/install/pkg_parte_3/lib/pkg_parte_3/controlador_angular.py
-- Up-to-date symlink: /home/maxipis/lab2_ws/install/pkg_parte_3/lib/pkg_parte_3/follow_the_carrot.py
-- Up-to-date symlink: /home/maxipis/lab2_ws/install/pkg_parte_3/lib/pkg_parte_3/parametros.py
-- Up-to-date symlink: /home/maxipis/lab2_ws/install/pkg_parte_3/lib/pkg_parte_3/publicador_ruta.py
-- Up-to-date symlink: /home/maxipis/lab2_ws/install/pkg_parte_3/lib/pkg_parte_3/publicador_velocidad.py
-- Up-to-date symlink: /home/maxipis/lab2_ws/install/pkg_parte_3/share/pkg_parte_3//launch/follow_the_carrot.py
-- Up-to-date symlink: /home/maxipis/lab2_ws/install/pkg_parte_3/share/ament_index/resource_index/package_run_dependencies/pkg_parte_3
-- Up-to-date symlink: /home/maxipis/lab2_ws/install/pkg_parte_3/share/ament_index/resource_index/parent_prefix_path/pkg_parte_3
-- Up-to-date symlink: /home/maxipis/lab2_ws/install/pkg_parte_3/share/pkg_parte_3/environment/ament_prefix_path.sh
-- Up-to-date symlink: /home/maxipis/lab2_ws/install/pkg_parte_3/share/pkg_parte_3/environment/ament_prefix_path.dsv
-- Up-to-date symlink: /home/maxipis/lab2_ws/install/pkg_parte_3/share/pkg_parte_3/environment/path.sh
-- Up-to-date symlink: /home/maxipis/lab2_ws/install/pkg_parte_3/share/pkg_parte_3/environment/path.dsv
-- Up-to-date symlink: /home/maxipis/lab2_ws/install/pkg_parte_3/share/pkg_parte_3/local_setup.bash
-- Up-to-date symlink: /home/maxipis/lab2_ws/install/pkg_parte_3/share/pkg_parte_3/local_setup.sh
-- Up-to-date symlink: /home/maxipis/lab2_ws/install/pkg_parte_3/share/pkg_parte_3/local_setup.zsh
-- Up-to-date symlink: /home/maxipis/lab2_ws/install/pkg_parte_3/share/pkg_parte_3/local_setup.dsv
-- Symlinking: /home/maxipis/lab2_ws/install/pkg_parte_3/share/pkg_parte_3/package.dsv
-- Up-to-date symlink: /home/maxipis/lab2_ws/install/pkg_parte_3/share/ament_index/resource_index/packages/pkg_parte_3
-- Up-to-date symlink: /home/maxipis/lab2_ws/install/pkg_parte_3/share/pkg_parte_3/cmake/pkg_parte_3Config.cmake
-- Up-to-date symlink: /home/maxipis/lab2_ws/install/pkg_parte_3/share/pkg_parte_3/cmake/pkg_parte_3Config-version.cmake
-- Up-to-date symlink: /home/maxipis/lab2_ws/install/pkg_parte_3/share/pkg_parte_3/package.xml
Listing '/home/maxipis/lab2_ws/install/pkg_parte_3/local/lib/python3.10/dist-packages/pkg_parte_3'...
